{"meta": {"format": 3, "version": "7.13.5", "timestamp": "2026-05-10T20:01:10.648075", "branch_coverage": false, "show_contexts": false}, "files": {"app\\__init__.py": {"executed_lines": [], "summary": {"covered_lines": 0, "num_statements": 0, "percent_covered": 100.0, "percent_covered_display": "100", "missing_lines": 0, "excluded_lines": 0, "percent_statements_covered": 100.0, "percent_statements_covered_display": "100"}, "missing_lines": [], "excluded_lines": [], "functions": {"": {"executed_lines": [], "summary": {"covered_lines": 0, "num_statements": 0, "percent_covered": 100.0, "percent_covered_display": "100", "missing_lines": 0, "excluded_lines": 0, "percent_statements_covered": 100.0, "percent_statements_covered_display": "100"}, "missing_lines": [], "excluded_lines": [], "start_line": 1}}, "classes": {"": {"executed_lines": [], "summary": {"covered_lines": 0, "num_statements": 0, "percent_covered": 100.0, "percent_covered_display": "100", "missing_lines": 0, "excluded_lines": 0, "percent_statements_covered": 100.0, "percent_statements_covered_display": "100"}, "missing_lines": [], "excluded_lines": [], "start_line": 1}}}, "app\\agents\\__init__.py": {"executed_lines": [], "summary": {"covered_lines": 0, "num_statements": 0, "percent_covered": 100.0, "percent_covered_display": "100", "missing_lines": 0, "excluded_lines": 0, "percent_statements_covered": 100.0, "percent_statements_covered_display": "100"}, "missing_lines": [], "excluded_lines": [], "functions": {"": {"executed_lines": [], "summary": {"covered_lines": 0, "num_statements": 0, "percent_covered": 100.0, "percent_covered_display": "100", "missing_lines": 0, "excluded_lines": 0, "percent_statements_covered": 100.0, "percent_statements_covered_display": "100"}, "missing_lines": [], "excluded_lines": [], "start_line": 1}}, "classes": {"": {"executed_lines": [], "summary": {"covered_lines": 0, "num_statements": 0, "percent_covered": 100.0, "percent_covered_display": "100", "missing_lines": 0, "excluded_lines": 0, "percent_statements_covered": 100.0, "percent_statements_covered_display": "100"}, "missing_lines": [], "excluded_lines": [], "start_line": 1}}}, "app\\agents\\builder_composer_agent.py": {"executed_lines": [3, 5, 7, 9, 10, 14, 20, 24, 47, 48, 49, 50, 52, 57], "summary": {"covered_lines": 14, "num_statements": 14, "percent_covered": 100.0, "percent_covered_display": "100", "missing_lines": 0, "excluded_lines": 0, "percent_statements_covered": 100.0, "percent_statements_covered_display": "100"}, "missing_lines": [], "excluded_lines": [], "functions": {"BuilderComposerAgent.__init__": {"executed_lines": [49, 50], "summary": {"covered_lines": 2, "num_statements": 2, "percent_covered": 100.0, "percent_covered_display": "100", "missing_lines": 0, "excluded_lines": 0, "percent_statements_covered": 100.0, "percent_statements_covered_display": "100"}, "missing_lines": [], "excluded_lines": [], "start_line": 48}, "BuilderComposerAgent.hint_for_software": {"executed_lines": [57], "summary": {"covered_lines": 1, "num_statements": 1, "percent_covered": 100.0, "percent_covered_display": "100", "missing_lines": 0, "excluded_lines": 0, "percent_statements_covered": 100.0, "percent_statements_covered_display": "100"}, "missing_lines": [], "excluded_lines": [], "start_line": 52}, "": {"executed_lines": [3, 5, 7, 9, 10, 14, 20, 24, 47, 48, 52], "summary": {"covered_lines": 11, "num_statements": 11, "percent_covered": 100.0, "percent_covered_display": "100", "missing_lines": 0, "excluded_lines": 0, "percent_statements_covered": 100.0, "percent_statements_covered_display": "100"}, "missing_lines": [], "excluded_lines": [], "start_line": 1}}, "classes": {"BuilderComposerAgent": {"executed_lines": [49, 50, 57], "summary": {"covered_lines": 3, "num_statements": 3, "percent_covered": 100.0, "percent_covered_display": "100", "missing_lines": 0, "excluded_lines": 0, "percent_statements_covered": 100.0, "percent_statements_covered_display": "100"}, "missing_lines": [], "excluded_lines": [], "start_line": 47}, "": {"executed_lines": [3, 5, 7, 9, 10, 14, 20, 24, 47, 48, 52], "summary": {"covered_lines": 11, "num_statements": 11, "percent_covered": 100.0, "percent_covered_display": "100", "missing_lines": 0, "excluded_lines": 0, "percent_statements_covered": 100.0, "percent_statements_covered_display": "100"}, "missing_lines": [], "excluded_lines": [], "start_line": 1}}}, "app\\agents\\citation_health_agent.py": {"executed_lines": [3, 5, 7, 9, 10, 14, 20, 31, 59, 60, 64], "summary": {"covered_lines": 11, "num_statements": 16, "percent_covered": 68.75, "percent_covered_display": "69", "missing_lines": 5, "excluded_lines": 0, "percent_statements_covered": 68.75, "percent_statements_covered_display": "69"}, "missing_lines": [61, 62, 69, 70, 71], "excluded_lines": [], "functions": {"CitationHealthAgent.__init__": {"executed_lines": [], "summary": {"covered_lines": 0, "num_statements": 2, "percent_covered": 0.0, "percent_covered_display": "0", "missing_lines": 2, "excluded_lines": 0, "percent_statements_covered": 0.0, "percent_statements_covered_display": "0"}, "missing_lines": [61, 62], "excluded_lines": [], "start_line": 60}, "CitationHealthAgent.analyze_section_text": {"executed_lines": [], "summary": {"covered_lines": 0, "num_statements": 3, "percent_covered": 0.0, "percent_covered_display": "0", "missing_lines": 3, "excluded_lines": 0, "percent_statements_covered": 0.0, "percent_statements_covered_display": "0"}, "missing_lines": [69, 70, 71], "excluded_lines": [], "start_line": 64}, "": {"executed_lines": [3, 5, 7, 9, 10, 14, 20, 31, 59, 60, 64], "summary": {"covered_lines": 11, "num_statements": 11, "percent_covered": 100.0, "percent_covered_display": "100", "missing_lines": 0, "excluded_lines": 0, "percent_statements_covered": 100.0, "percent_statements_covered_display": "100"}, "missing_lines": [], "excluded_lines": [], "start_line": 1}}, "classes": {"CitationHealthAgent": {"executed_lines": [], "summary": {"covered_lines": 0, "num_statements": 5, "percent_covered": 0.0, "percent_covered_display": "0", "missing_lines": 5, "excluded_lines": 0, "percent_statements_covered": 0.0, "percent_statements_covered_display": "0"}, "missing_lines": [61, 62, 69, 70, 71], "excluded_lines": [], "start_line": 59}, "": {"executed_lines": [3, 5, 7, 9, 10, 14, 20, 31, 59, 60, 64], "summary": {"covered_lines": 11, "num_statements": 11, "percent_covered": 100.0, "percent_covered_display": "100", "missing_lines": 0, "excluded_lines": 0, "percent_statements_covered": 100.0, "percent_statements_covered_display": "100"}, "missing_lines": [], "excluded_lines": [], "start_line": 1}}}, "app\\agents\\conflict_agent.py": {"executed_lines": [3, 5, 6, 8, 9, 10, 12, 13, 14, 15, 16, 18, 22, 32, 36, 73, 74, 75, 76, 78, 79, 87, 95, 96, 97, 100, 101, 102, 104, 105, 106, 108, 109, 110, 111, 113, 114, 120, 122, 126, 127, 128, 129, 130, 132, 135, 137, 143, 144, 151, 152, 153, 155, 156, 157, 158, 161, 162, 163, 164, 165, 166, 167, 168, 170, 171, 172, 173, 175, 176, 177, 178, 179, 180, 182, 193, 194, 195, 203, 204, 212, 214, 215], "summary": {"covered_lines": 83, "num_statements": 89, "percent_covered": 93.25842696629213, "percent_covered_display": "93", "missing_lines": 6, "excluded_lines": 0, "percent_statements_covered": 93.25842696629213, "percent_statements_covered_display": "93"}, "missing_lines": [123, 124, 131, 159, 169, 174], "excluded_lines": [], "functions": {"ConflictAgent.__init__": {"executed_lines": [75, 76], "summary": {"covered_lines": 2, "num_statements": 2, "percent_covered": 100.0, "percent_covered_display": "100", "missing_lines": 0, "excluded_lines": 0, "percent_statements_covered": 100.0, "percent_statements_covered_display": "100"}, "missing_lines": [], "excluded_lines": [], "start_line": 74}, "ConflictAgent.clear_open_auto_issues": {"executed_lines": [79], "summary": {"covered_lines": 1, "num_statements": 1, "percent_covered": 100.0, "percent_covered_display": "100", "missing_lines": 0, "excluded_lines": 0, "percent_statements_covered": 100.0, "percent_statements_covered_display": "100"}, "missing_lines": [], "excluded_lines": [], "start_line": 78}, "ConflictAgent.run_conflict_analysis": {"executed_lines": [95, 96, 97, 100, 101, 102, 104, 105, 106, 108, 109, 110, 111, 113, 114, 120, 122, 126, 127, 128, 129, 130, 132, 135, 137, 143, 144, 151, 152, 153, 155, 156, 157, 158, 161, 162, 163, 164, 165, 166, 167, 168, 170, 171, 172, 173, 175, 176, 177, 178, 179, 180, 182, 193, 194, 195, 203, 204, 212, 214, 215], "summary": {"covered_lines": 61, "num_statements": 67, "percent_covered": 91.04477611940298, "percent_covered_display": "91", "missing_lines": 6, "excluded_lines": 0, "percent_statements_covered": 91.04477611940298, "percent_statements_covered_display": "91"}, "missing_lines": [123, 124, 131, 159, 169, 174], "excluded_lines": [], "start_line": 87}, "": {"executed_lines": [3, 5, 6, 8, 9, 10, 12, 13, 14, 15, 16, 18, 22, 32, 36, 73, 74, 78, 87], "summary": {"covered_lines": 19, "num_statements": 19, "percent_covered": 100.0, "percent_covered_display": "100", "missing_lines": 0, "excluded_lines": 0, "percent_statements_covered": 100.0, "percent_statements_covered_display": "100"}, "missing_lines": [], "excluded_lines": [], "start_line": 1}}, "classes": {"ConflictAgent": {"executed_lines": [75, 76, 79, 95, 96, 97, 100, 101, 102, 104, 105, 106, 108, 109, 110, 111, 113, 114, 120, 122, 126, 127, 128, 129, 130, 132, 135, 137, 143, 144, 151, 152, 153, 155, 156, 157, 158, 161, 162, 163, 164, 165, 166, 167, 168, 170, 171, 172, 173, 175, 176, 177, 178, 179, 180, 182, 193, 194, 195, 203, 204, 212, 214, 215], "summary": {"covered_lines": 64, "num_statements": 70, "percent_covered": 91.42857142857143, "percent_covered_display": "91", "missing_lines": 6, "excluded_lines": 0, "percent_statements_covered": 91.42857142857143, "percent_statements_covered_display": "91"}, "missing_lines": [123, 124, 131, 159, 169, 174], "excluded_lines": [], "start_line": 73}, "": {"executed_lines": [3, 5, 6, 8, 9, 10, 12, 13, 14, 15, 16, 18, 22, 32, 36, 73, 74, 78, 87], "summary": {"covered_lines": 19, "num_statements": 19, "percent_covered": 100.0, "percent_covered_display": "100", "missing_lines": 0, "excluded_lines": 0, "percent_statements_covered": 100.0, "percent_statements_covered_display": "100"}, "missing_lines": [], "excluded_lines": [], "start_line": 1}}}, "app\\agents\\drift_agent.py": {"executed_lines": [3, 5, 6, 8, 9, 10, 11, 13, 14, 15, 16, 17, 19, 23, 30, 48, 68, 73, 76, 77, 78, 80, 82, 83, 86, 87, 89, 90, 93, 100, 105, 106, 109, 118, 119, 120, 122, 123, 132, 133, 135, 140, 141, 144, 145, 146, 149, 151, 158, 159, 167, 171, 173, 174, 175, 177, 178, 179, 180, 181, 182, 183, 184, 196, 197], "summary": {"covered_lines": 65, "num_statements": 75, "percent_covered": 86.66666666666667, "percent_covered_display": "87", "missing_lines": 10, "excluded_lines": 0, "percent_statements_covered": 86.66666666666667, "percent_statements_covered_display": "87"}, "missing_lines": [84, 88, 91, 107, 124, 125, 130, 142, 166, 203], "excluded_lines": [], "functions": {"DriftAgent.__init__": {"executed_lines": [77, 78], "summary": {"covered_lines": 2, "num_statements": 2, "percent_covered": 100.0, "percent_covered_display": "100", "missing_lines": 0, "excluded_lines": 0, "percent_statements_covered": 100.0, "percent_statements_covered_display": "100"}, "missing_lines": [], "excluded_lines": [], "start_line": 76}, "DriftAgent.run_after_section_change": {"executed_lines": [82, 83, 86, 87, 89, 90, 93, 100, 105, 106, 109, 118, 119, 120, 122, 123, 132, 133], "summary": {"covered_lines": 18, "num_statements": 25, "percent_covered": 72.0, "percent_covered_display": "72", "missing_lines": 7, "excluded_lines": 0, "percent_statements_covered": 72.0, "percent_statements_covered_display": "72"}, "missing_lines": [84, 88, 91, 107, 124, 125, 130], "excluded_lines": [], "start_line": 80}, "DriftAgent._check_one_work_order": {"executed_lines": [140, 141, 144, 145, 146, 149, 151, 158, 159, 167, 171, 173, 174, 175, 177, 178, 179, 180, 181, 182, 183, 184, 196, 197], "summary": {"covered_lines": 24, "num_statements": 27, "percent_covered": 88.88888888888889, "percent_covered_display": "89", "missing_lines": 3, "excluded_lines": 0, "percent_statements_covered": 88.88888888888889, "percent_statements_covered_display": "89"}, "missing_lines": [142, 166, 203], "excluded_lines": [], "start_line": 135}, "": {"executed_lines": [3, 5, 6, 8, 9, 10, 11, 13, 14, 15, 16, 17, 19, 23, 30, 48, 68, 73, 76, 80, 135], "summary": {"covered_lines": 21, "num_statements": 21, "percent_covered": 100.0, "percent_covered_display": "100", "missing_lines": 0, "excluded_lines": 0, "percent_statements_covered": 100.0, "percent_statements_covered_display": "100"}, "missing_lines": [], "excluded_lines": [], "start_line": 1}}, "classes": {"DriftAgent": {"executed_lines": [77, 78, 82, 83, 86, 87, 89, 90, 93, 100, 105, 106, 109, 118, 119, 120, 122, 123, 132, 133, 140, 141, 144, 145, 146, 149, 151, 158, 159, 167, 171, 173, 174, 175, 177, 178, 179, 180, 181, 182, 183, 184, 196, 197], "summary": {"covered_lines": 44, "num_statements": 54, "percent_covered": 81.48148148148148, "percent_covered_display": "81", "missing_lines": 10, "excluded_lines": 0, "percent_statements_covered": 81.48148148148148, "percent_statements_covered_display": "81"}, "missing_lines": [84, 88, 91, 107, 124, 125, 130, 142, 166, 203], "excluded_lines": [], "start_line": 73}, "": {"executed_lines": [3, 5, 6, 8, 9, 10, 11, 13, 14, 15, 16, 17, 19, 23, 30, 48, 68, 73, 76, 80, 135], "summary": {"covered_lines": 21, "num_statements": 21, "percent_covered": 100.0, "percent_covered_display": "100", "missing_lines": 0, "excluded_lines": 0, "percent_statements_covered": 100.0, "percent_statements_covered_display": "100"}, "missing_lines": [], "excluded_lines": [], "start_line": 1}}}, "app\\agents\\project_chat_agent.py": {"executed_lines": [3, 5, 6, 7, 9, 11, 12, 13, 14, 18, 24, 29, 30, 31, 32, 34, 35, 38], "summary": {"covered_lines": 18, "num_statements": 27, "percent_covered": 66.66666666666667, "percent_covered_display": "67", "missing_lines": 9, "excluded_lines": 0, "percent_statements_covered": 66.66666666666667, "percent_statements_covered_display": "67"}, "missing_lines": [36, 52, 57, 59, 66, 68, 69, 73, 78], "excluded_lines": [], "functions": {"ProjectChatAgent.__init__": {"executed_lines": [31, 32], "summary": {"covered_lines": 2, "num_statements": 2, "percent_covered": 100.0, "percent_covered_display": "100", "missing_lines": 0, "excluded_lines": 0, "percent_statements_covered": 100.0, "percent_statements_covered_display": "100"}, "missing_lines": [], "excluded_lines": [], "start_line": 30}, "ProjectChatAgent.build_system_prompt": {"executed_lines": [], "summary": {"covered_lines": 0, "num_statements": 1, "percent_covered": 0.0, "percent_covered_display": "0", "missing_lines": 1, "excluded_lines": 0, "percent_statements_covered": 0.0, "percent_statements_covered_display": "0"}, "missing_lines": [36], "excluded_lines": [], "start_line": 35}, "ProjectChatAgent.stream_assistant_tokens": {"executed_lines": [], "summary": {"covered_lines": 0, "num_statements": 8, "percent_covered": 0.0, "percent_covered_display": "0", "missing_lines": 8, "excluded_lines": 0, "percent_statements_covered": 0.0, "percent_statements_covered_display": "0"}, "missing_lines": [52, 57, 59, 66, 68, 69, 73, 78], "excluded_lines": [], "start_line": 38}, "": {"executed_lines": [3, 5, 6, 7, 9, 11, 12, 13, 14, 18, 24, 29, 30, 34, 35, 38], "summary": {"covered_lines": 16, "num_statements": 16, "percent_covered": 100.0, "percent_covered_display": "100", "missing_lines": 0, "excluded_lines": 0, "percent_statements_covered": 100.0, "percent_statements_covered_display": "100"}, "missing_lines": [], "excluded_lines": [], "start_line": 1}}, "classes": {"ProjectChatAgent": {"executed_lines": [31, 32], "summary": {"covered_lines": 2, "num_statements": 11, "percent_covered": 18.181818181818183, "percent_covered_display": "18", "missing_lines": 9, "excluded_lines": 0, "percent_statements_covered": 18.181818181818183, "percent_statements_covered_display": "18"}, "missing_lines": [36, 52, 57, 59, 66, 68, 69, 73, 78], "excluded_lines": [], "start_line": 29}, "": {"executed_lines": [3, 5, 6, 7, 9, 11, 12, 13, 14, 18, 24, 29, 30, 34, 35, 38], "summary": {"covered_lines": 16, "num_statements": 16, "percent_covered": 100.0, "percent_covered_display": "100", "missing_lines": 0, "excluded_lines": 0, "percent_statements_covered": 100.0, "percent_statements_covered_display": "100"}, "missing_lines": [], "excluded_lines": [], "start_line": 1}}}, "app\\agents\\section_improve_agent.py": {"executed_lines": [3, 5, 7, 9, 10, 14, 20, 28, 44, 45, 49], "summary": {"covered_lines": 11, "num_statements": 19, "percent_covered": 57.89473684210526, "percent_covered_display": "58", "missing_lines": 8, "excluded_lines": 0, "percent_statements_covered": 57.89473684210526, "percent_statements_covered_display": "58"}, "missing_lines": [46, 47, 58, 59, 60, 61, 62, 67], "excluded_lines": [], "functions": {"SectionImproveAgent.__init__": {"executed_lines": [], "summary": {"covered_lines": 0, "num_statements": 2, "percent_covered": 0.0, "percent_covered_display": "0", "missing_lines": 2, "excluded_lines": 0, "percent_statements_covered": 0.0, "percent_statements_covered_display": "0"}, "missing_lines": [46, 47], "excluded_lines": [], "start_line": 45}, "SectionImproveAgent.improve_markdown": {"executed_lines": [], "summary": {"covered_lines": 0, "num_statements": 6, "percent_covered": 0.0, "percent_covered_display": "0", "missing_lines": 6, "excluded_lines": 0, "percent_statements_covered": 0.0, "percent_statements_covered_display": "0"}, "missing_lines": [58, 59, 60, 61, 62, 67], "excluded_lines": [], "start_line": 49}, "": {"executed_lines": [3, 5, 7, 9, 10, 14, 20, 28, 44, 45, 49], "summary": {"covered_lines": 11, "num_statements": 11, "percent_covered": 100.0, "percent_covered_display": "100", "missing_lines": 0, "excluded_lines": 0, "percent_statements_covered": 100.0, "percent_statements_covered_display": "100"}, "missing_lines": [], "excluded_lines": [], "start_line": 1}}, "classes": {"SectionImproveAgent": {"executed_lines": [], "summary": {"covered_lines": 0, "num_statements": 8, "percent_covered": 0.0, "percent_covered_display": "0", "missing_lines": 8, "excluded_lines": 0, "percent_statements_covered": 0.0, "percent_statements_covered_display": "0"}, "missing_lines": [46, 47, 58, 59, 60, 61, 62, 67], "excluded_lines": [], "start_line": 44}, "": {"executed_lines": [3, 5, 7, 9, 10, 14, 20, 28, 44, 45, 49], "summary": {"covered_lines": 11, "num_statements": 11, "percent_covered": 100.0, "percent_covered_display": "100", "missing_lines": 0, "excluded_lines": 0, "percent_statements_covered": 100.0, "percent_statements_covered_display": "100"}, "missing_lines": [], "excluded_lines": [], "start_line": 1}}}, "app\\agents\\section_relationship_agent.py": {"executed_lines": [3, 5, 6, 8, 9, 11, 12, 13, 14, 15, 19, 26, 30, 57, 58, 59, 60, 62, 69, 71, 74, 75, 76, 78, 79, 81, 82, 85, 92, 93, 94, 95, 96, 98, 100, 101, 102, 103, 110, 111, 113, 114, 115, 116, 119, 120, 121, 123, 124, 125, 127, 129, 130, 131, 139], "summary": {"covered_lines": 55, "num_statements": 62, "percent_covered": 88.70967741935483, "percent_covered_display": "89", "missing_lines": 7, "excluded_lines": 0, "percent_statements_covered": 88.70967741935483, "percent_statements_covered_display": "89"}, "missing_lines": [80, 83, 97, 117, 122, 126, 128], "excluded_lines": [], "functions": {"SectionRelationshipAgent.__init__": {"executed_lines": [59, 60], "summary": {"covered_lines": 2, "num_statements": 2, "percent_covered": 100.0, "percent_covered_display": "100", "missing_lines": 0, "excluded_lines": 0, "percent_statements_covered": 100.0, "percent_statements_covered_display": "100"}, "missing_lines": [], "excluded_lines": [], "start_line": 58}, "SectionRelationshipAgent.detect_section_relationships": {"executed_lines": [69, 71, 74, 75, 76, 78, 79, 81, 82, 85, 92, 93, 94, 95, 96, 98, 100, 101, 102, 103, 110, 111, 113, 114, 115, 116, 119, 120, 121, 123, 124, 125, 127, 129, 130, 131, 139], "summary": {"covered_lines": 37, "num_statements": 44, "percent_covered": 84.0909090909091, "percent_covered_display": "84", "missing_lines": 7, "excluded_lines": 0, "percent_statements_covered": 84.0909090909091, "percent_statements_covered_display": "84"}, "missing_lines": [80, 83, 97, 117, 122, 126, 128], "excluded_lines": [], "start_line": 62}, "": {"executed_lines": [3, 5, 6, 8, 9, 11, 12, 13, 14, 15, 19, 26, 30, 57, 58, 62], "summary": {"covered_lines": 16, "num_statements": 16, "percent_covered": 100.0, "percent_covered_display": "100", "missing_lines": 0, "excluded_lines": 0, "percent_statements_covered": 100.0, "percent_statements_covered_display": "100"}, "missing_lines": [], "excluded_lines": [], "start_line": 1}}, "classes": {"SectionRelationshipAgent": {"executed_lines": [59, 60, 69, 71, 74, 75, 76, 78, 79, 81, 82, 85, 92, 93, 94, 95, 96, 98, 100, 101, 102, 103, 110, 111, 113, 114, 115, 116, 119, 120, 121, 123, 124, 125, 127, 129, 130, 131, 139], "summary": {"covered_lines": 39, "num_statements": 46, "percent_covered": 84.78260869565217, "percent_covered_display": "85", "missing_lines": 7, "excluded_lines": 0, "percent_statements_covered": 84.78260869565217, "percent_statements_covered_display": "85"}, "missing_lines": [80, 83, 97, 117, 122, 126, 128], "excluded_lines": [], "start_line": 57}, "": {"executed_lines": [3, 5, 6, 8, 9, 11, 12, 13, 14, 15, 19, 26, 30, 57, 58, 62], "summary": {"covered_lines": 16, "num_statements": 16, "percent_covered": 100.0, "percent_covered_display": "100", "missing_lines": 0, "excluded_lines": 0, "percent_statements_covered": 100.0, "percent_statements_covered_display": "100"}, "missing_lines": [], "excluded_lines": [], "start_line": 1}}}, "app\\agents\\software_chat_agent.py": {"executed_lines": [3, 5, 6, 7, 9, 10, 12, 13, 14, 15, 16, 17, 21, 32, 37, 46, 47, 48, 49, 51, 80], "summary": {"covered_lines": 21, "num_statements": 48, "percent_covered": 43.75, "percent_covered_display": "44", "missing_lines": 27, "excluded_lines": 0, "percent_statements_covered": 43.75, "percent_statements_covered_display": "44"}, "missing_lines": [38, 39, 40, 41, 42, 43, 52, 53, 54, 59, 65, 66, 71, 72, 73, 90, 91, 92, 98, 105, 110, 112, 119, 121, 122, 126, 131], "excluded_lines": [], "functions": {"_trim_text": {"executed_lines": [], "summary": {"covered_lines": 0, "num_statements": 6, "percent_covered": 0.0, "percent_covered_display": "0", "missing_lines": 6, "excluded_lines": 0, "percent_statements_covered": 0.0, "percent_statements_covered_display": "0"}, "missing_lines": [38, 39, 40, 41, 42, 43], "excluded_lines": [], "start_line": 37}, "SoftwareChatAgent.__init__": {"executed_lines": [48, 49], "summary": {"covered_lines": 2, "num_statements": 2, "percent_covered": 100.0, "percent_covered_display": "100", "missing_lines": 0, "excluded_lines": 0, "percent_statements_covered": 100.0, "percent_statements_covered_display": "100"}, "missing_lines": [], "excluded_lines": [], "start_line": 47}, "SoftwareChatAgent.build_software_system_prompt": {"executed_lines": [], "summary": {"covered_lines": 0, "num_statements": 9, "percent_covered": 0.0, "percent_covered_display": "0", "missing_lines": 9, "excluded_lines": 0, "percent_statements_covered": 0.0, "percent_statements_covered_display": "0"}, "missing_lines": [52, 53, 54, 59, 65, 66, 71, 72, 73], "excluded_lines": [], "start_line": 51}, "SoftwareChatAgent.stream_assistant_tokens": {"executed_lines": [], "summary": {"covered_lines": 0, "num_statements": 12, "percent_covered": 0.0, "percent_covered_display": "0", "missing_lines": 12, "excluded_lines": 0, "percent_statements_covered": 0.0, "percent_statements_covered_display": "0"}, "missing_lines": [90, 91, 92, 98, 105, 110, 112, 119, 121, 122, 126, 131], "excluded_lines": [], "start_line": 80}, "": {"executed_lines": [3, 5, 6, 7, 9, 10, 12, 13, 14, 15, 16, 17, 21, 32, 37, 46, 47, 51, 80], "summary": {"covered_lines": 19, "num_statements": 19, "percent_covered": 100.0, "percent_covered_display": "100", "missing_lines": 0, "excluded_lines": 0, "percent_statements_covered": 100.0, "percent_statements_covered_display": "100"}, "missing_lines": [], "excluded_lines": [], "start_line": 1}}, "classes": {"SoftwareChatAgent": {"executed_lines": [48, 49], "summary": {"covered_lines": 2, "num_statements": 23, "percent_covered": 8.695652173913043, "percent_covered_display": "9", "missing_lines": 21, "excluded_lines": 0, "percent_statements_covered": 8.695652173913043, "percent_statements_covered_display": "9"}, "missing_lines": [52, 53, 54, 59, 65, 66, 71, 72, 73, 90, 91, 92, 98, 105, 110, 112, 119, 121, 122, 126, 131], "excluded_lines": [], "start_line": 46}, "": {"executed_lines": [3, 5, 6, 7, 9, 10, 12, 13, 14, 15, 16, 17, 21, 32, 37, 46, 47, 51, 80], "summary": {"covered_lines": 19, "num_statements": 25, "percent_covered": 76.0, "percent_covered_display": "76", "missing_lines": 6, "excluded_lines": 0, "percent_statements_covered": 76.0, "percent_statements_covered_display": "76"}, "missing_lines": [38, 39, 40, 41, 42, 43], "excluded_lines": [], "start_line": 1}}}, "app\\agents\\work_order_agent.py": {"executed_lines": [3, 5, 7, 9, 10, 13, 51, 53, 70, 71, 72, 73, 75, 83, 84, 85], "summary": {"covered_lines": 16, "num_statements": 16, "percent_covered": 100.0, "percent_covered_display": "100", "missing_lines": 0, "excluded_lines": 0, "percent_statements_covered": 100.0, "percent_statements_covered_display": "100"}, "missing_lines": [], "excluded_lines": [], "functions": {"WorkOrderAgent.__init__": {"executed_lines": [72, 73], "summary": {"covered_lines": 2, "num_statements": 2, "percent_covered": 100.0, "percent_covered_display": "100", "missing_lines": 0, "excluded_lines": 0, "percent_statements_covered": 100.0, "percent_statements_covered_display": "100"}, "missing_lines": [], "excluded_lines": [], "start_line": 71}, "WorkOrderAgent.generate_work_order_batch": {"executed_lines": [83, 84, 85], "summary": {"covered_lines": 3, "num_statements": 3, "percent_covered": 100.0, "percent_covered_display": "100", "missing_lines": 0, "excluded_lines": 0, "percent_statements_covered": 100.0, "percent_statements_covered_display": "100"}, "missing_lines": [], "excluded_lines": [], "start_line": 75}, "": {"executed_lines": [3, 5, 7, 9, 10, 13, 51, 53, 70, 71, 75], "summary": {"covered_lines": 11, "num_statements": 11, "percent_covered": 100.0, "percent_covered_display": "100", "missing_lines": 0, "excluded_lines": 0, "percent_statements_covered": 100.0, "percent_statements_covered_display": "100"}, "missing_lines": [], "excluded_lines": [], "start_line": 1}}, "classes": {"WorkOrderAgent": {"executed_lines": [72, 73, 83, 84, 85], "summary": {"covered_lines": 5, "num_statements": 5, "percent_covered": 100.0, "percent_covered_display": "100", "missing_lines": 0, "excluded_lines": 0, "percent_statements_covered": 100.0, "percent_statements_covered_display": "100"}, "missing_lines": [], "excluded_lines": [], "start_line": 70}, "": {"executed_lines": [3, 5, 7, 9, 10, 13, 51, 53, 70, 71, 75], "summary": {"covered_lines": 11, "num_statements": 11, "percent_covered": 100.0, "percent_covered_display": "100", "missing_lines": 0, "excluded_lines": 0, "percent_statements_covered": 100.0, "percent_statements_covered_display": "100"}, "missing_lines": [], "excluded_lines": [], "start_line": 1}}}, "app\\agents\\work_order_dedupe_agent.py": {"executed_lines": [3, 5, 7, 9, 10, 13, 60, 71, 78, 79, 80, 81, 83, 91, 94, 95], "summary": {"covered_lines": 16, "num_statements": 16, "percent_covered": 100.0, "percent_covered_display": "100", "missing_lines": 0, "excluded_lines": 0, "percent_statements_covered": 100.0, "percent_statements_covered_display": "100"}, "missing_lines": [], "excluded_lines": [], "functions": {"WorkOrderDedupeAgent.__init__": {"executed_lines": [80, 81], "summary": {"covered_lines": 2, "num_statements": 2, "percent_covered": 100.0, "percent_covered_display": "100", "missing_lines": 0, "excluded_lines": 0, "percent_statements_covered": 100.0, "percent_statements_covered_display": "100"}, "missing_lines": [], "excluded_lines": [], "start_line": 79}, "WorkOrderDedupeAgent.analyze": {"executed_lines": [91, 94, 95], "summary": {"covered_lines": 3, "num_statements": 3, "percent_covered": 100.0, "percent_covered_display": "100", "missing_lines": 0, "excluded_lines": 0, "percent_statements_covered": 100.0, "percent_statements_covered_display": "100"}, "missing_lines": [], "excluded_lines": [], "start_line": 83}, "": {"executed_lines": [3, 5, 7, 9, 10, 13, 60, 71, 78, 79, 83], "summary": {"covered_lines": 11, "num_statements": 11, "percent_covered": 100.0, "percent_covered_display": "100", "missing_lines": 0, "excluded_lines": 0, "percent_statements_covered": 100.0, "percent_statements_covered_display": "100"}, "missing_lines": [], "excluded_lines": [], "start_line": 1}}, "classes": {"WorkOrderDedupeAgent": {"executed_lines": [80, 81, 91, 94, 95], "summary": {"covered_lines": 5, "num_statements": 5, "percent_covered": 100.0, "percent_covered_display": "100", "missing_lines": 0, "excluded_lines": 0, "percent_statements_covered": 100.0, "percent_statements_covered_display": "100"}, "missing_lines": [], "excluded_lines": [], "start_line": 78}, "": {"executed_lines": [3, 5, 7, 9, 10, 13, 60, 71, 78, 79, 83], "summary": {"covered_lines": 11, "num_statements": 11, "percent_covered": 100.0, "percent_covered_display": "100", "missing_lines": 0, "excluded_lines": 0, "percent_statements_covered": 100.0, "percent_statements_covered_display": "100"}, "missing_lines": [], "excluded_lines": [], "start_line": 1}}}, "app\\collab\\channel.py": {"executed_lines": [3, 5, 6, 9, 12, 13, 14, 15, 17, 18, 19, 21, 22, 24, 25, 27, 28, 29, 31, 32, 33, 34, 35, 36, 37, 38, 39, 40, 41], "summary": {"covered_lines": 29, "num_statements": 29, "percent_covered": 100.0, "percent_covered_display": "100", "missing_lines": 0, "excluded_lines": 0, "percent_statements_covered": 100.0, "percent_statements_covered_display": "100"}, "missing_lines": [], "excluded_lines": [], "functions": {"FastAPIWebSocketChannel.__init__": {"executed_lines": [13, 14, 15], "summary": {"covered_lines": 3, "num_statements": 3, "percent_covered": 100.0, "percent_covered_display": "100", "missing_lines": 0, "excluded_lines": 0, "percent_statements_covered": 100.0, "percent_statements_covered_display": "100"}, "missing_lines": [], "excluded_lines": [], "start_line": 12}, "FastAPIWebSocketChannel.path": {"executed_lines": [19], "summary": {"covered_lines": 1, "num_statements": 1, "percent_covered": 100.0, "percent_covered_display": "100", "missing_lines": 0, "excluded_lines": 0, "percent_statements_covered": 100.0, "percent_statements_covered_display": "100"}, "missing_lines": [], "excluded_lines": [], "start_line": 18}, "FastAPIWebSocketChannel.__aiter__": {"executed_lines": [22], "summary": {"covered_lines": 1, "num_statements": 1, "percent_covered": 100.0, "percent_covered_display": "100", "missing_lines": 0, "excluded_lines": 0, "percent_statements_covered": 100.0, "percent_statements_covered_display": "100"}, "missing_lines": [], "excluded_lines": [], "start_line": 21}, "FastAPIWebSocketChannel.__anext__": {"executed_lines": [25], "summary": {"covered_lines": 1, "num_statements": 1, "percent_covered": 100.0, "percent_covered_display": "100", "missing_lines": 0, "excluded_lines": 0, "percent_statements_covered": 100.0, "percent_statements_covered_display": "100"}, "missing_lines": [], "excluded_lines": [], "start_line": 24}, "FastAPIWebSocketChannel.send": {"executed_lines": [28, 29], "summary": {"covered_lines": 2, "num_statements": 2, "percent_covered": 100.0, "percent_covered_display": "100", "missing_lines": 0, "excluded_lines": 0, "percent_statements_covered": 100.0, "percent_statements_covered_display": "100"}, "missing_lines": [], "excluded_lines": [], "start_line": 27}, "FastAPIWebSocketChannel.recv": {"executed_lines": [32, 33, 34, 35, 36, 37, 38, 39, 40, 41], "summary": {"covered_lines": 10, "num_statements": 10, "percent_covered": 100.0, "percent_covered_display": "100", "missing_lines": 0, "excluded_lines": 0, "percent_statements_covered": 100.0, "percent_statements_covered_display": "100"}, "missing_lines": [], "excluded_lines": [], "start_line": 31}, "": {"executed_lines": [3, 5, 6, 9, 12, 17, 18, 21, 24, 27, 31], "summary": {"covered_lines": 11, "num_statements": 11, "percent_covered": 100.0, "percent_covered_display": "100", "missing_lines": 0, "excluded_lines": 0, "percent_statements_covered": 100.0, "percent_statements_covered_display": "100"}, "missing_lines": [], "excluded_lines": [], "start_line": 1}}, "classes": {"FastAPIWebSocketChannel": {"executed_lines": [13, 14, 15, 19, 22, 25, 28, 29, 32, 33, 34, 35, 36, 37, 38, 39, 40, 41], "summary": {"covered_lines": 18, "num_statements": 18, "percent_covered": 100.0, "percent_covered_display": "100", "missing_lines": 0, "excluded_lines": 0, "percent_statements_covered": 100.0, "percent_statements_covered_display": "100"}, "missing_lines": [], "excluded_lines": [], "start_line": 9}, "": {"executed_lines": [3, 5, 6, 9, 12, 17, 18, 21, 24, 27, 31], "summary": {"covered_lines": 11, "num_statements": 11, "percent_covered": 100.0, "percent_covered_display": "100", "missing_lines": 0, "excluded_lines": 0, "percent_statements_covered": 100.0, "percent_statements_covered_display": "100"}, "missing_lines": [], "excluded_lines": [], "start_line": 1}}}, "app\\collab\\editor_context.py": {"executed_lines": [3, 5, 6, 8], "summary": {"covered_lines": 4, "num_statements": 4, "percent_covered": 100.0, "percent_covered_display": "100", "missing_lines": 0, "excluded_lines": 0, "percent_statements_covered": 100.0, "percent_statements_covered_display": "100"}, "missing_lines": [], "excluded_lines": [], "functions": {"": {"executed_lines": [3, 5, 6, 8], "summary": {"covered_lines": 4, "num_statements": 4, "percent_covered": 100.0, "percent_covered_display": "100", "missing_lines": 0, "excluded_lines": 0, "percent_statements_covered": 100.0, "percent_statements_covered_display": "100"}, "missing_lines": [], "excluded_lines": [], "start_line": 1}}, "classes": {"": {"executed_lines": [3, 5, 6, 8], "summary": {"covered_lines": 4, "num_statements": 4, "percent_covered": 100.0, "percent_covered_display": "100", "missing_lines": 0, "excluded_lines": 0, "percent_statements_covered": 100.0, "percent_statements_covered_display": "100"}, "missing_lines": [], "excluded_lines": [], "start_line": 1}}}, "app\\collab\\server.py": {"executed_lines": [3, 5, 6, 7, 8, 9, 10, 12, 13, 14, 15, 17, 18, 19, 20, 22, 25, 27, 29, 34, 35, 38, 39, 40, 41, 42, 45, 46, 47, 48, 51, 57, 61, 64, 66, 67, 68, 69, 70, 71, 72, 73, 74, 75, 76, 81, 82, 83, 84, 85, 88, 89, 90, 91, 92, 93, 94, 97, 99, 100, 101, 102, 105, 108, 115, 116, 117, 118, 124, 125, 126, 128, 129, 130, 131, 132, 133, 134, 135, 136, 138, 144, 145, 146, 147, 148, 149, 150, 151, 152, 153, 155, 156, 157, 158, 159, 160, 161, 162, 163, 164, 165, 166, 167, 172, 173, 174, 175, 176, 177, 178, 179, 181, 182, 184, 185, 186, 187, 188, 192, 194, 201, 202, 203, 204, 206, 215, 216, 217, 218, 219, 220, 221, 222, 229, 230, 231, 232, 233, 234, 235, 236, 237, 238, 239, 240, 241, 242, 243, 244, 246, 247, 248, 249, 250, 252, 253, 254, 255], "summary": {"covered_lines": 159, "num_statements": 166, "percent_covered": 95.78313253012048, "percent_covered_display": "96", "missing_lines": 7, "excluded_lines": 0, "percent_statements_covered": 95.78313253012048, "percent_statements_covered_display": "96"}, "missing_lines": [245, 256, 257, 258, 264, 265, 266], "excluded_lines": [], "functions": {"collab_room_path": {"executed_lines": [35], "summary": {"covered_lines": 1, "num_statements": 1, "percent_covered": 100.0, "percent_covered_display": "100", "missing_lines": 0, "excluded_lines": 0, "percent_statements_covered": 100.0, "percent_statements_covered_display": "100"}, "missing_lines": [], "excluded_lines": [], "start_line": 34}, "parse_collab_path": {"executed_lines": [39, 40, 41, 42], "summary": {"covered_lines": 4, "num_statements": 4, "percent_covered": 100.0, "percent_covered_display": "100", "missing_lines": 0, "excluded_lines": 0, "percent_statements_covered": 100.0, "percent_statements_covered_display": "100"}, "missing_lines": [], "excluded_lines": [], "start_line": 38}, "get_collab_server": {"executed_lines": [46, 47, 48], "summary": {"covered_lines": 3, "num_statements": 3, "percent_covered": 100.0, "percent_covered_display": "100", "missing_lines": 0, "excluded_lines": 0, "percent_statements_covered": 100.0, "percent_statements_covered_display": "100"}, "missing_lines": [], "excluded_lines": [], "start_line": 45}, "init_collab_server": {"executed_lines": [57, 61], "summary": {"covered_lines": 2, "num_statements": 2, "percent_covered": 100.0, "percent_covered_display": "100", "missing_lines": 0, "excluded_lines": 0, "percent_statements_covered": 100.0, "percent_statements_covered_display": "100"}, "missing_lines": [], "excluded_lines": [], "start_line": 51}, "_is_client_disconnect": {"executed_lines": [66, 67, 68, 69, 70, 71, 72, 73, 74, 75, 76, 81, 82, 83, 84, 85, 88, 89, 90, 91, 92, 93, 94], "summary": {"covered_lines": 23, "num_statements": 23, "percent_covered": 100.0, "percent_covered_display": "100", "missing_lines": 0, "excluded_lines": 0, "percent_statements_covered": 100.0, "percent_statements_covered_display": "100"}, "missing_lines": [], "excluded_lines": [], "start_line": 64}, "collab_exception_handler": {"executed_lines": [99, 100, 101, 102], "summary": {"covered_lines": 4, "num_statements": 4, "percent_covered": 100.0, "percent_covered_display": "100", "missing_lines": 0, "excluded_lines": 0, "percent_statements_covered": 100.0, "percent_statements_covered_display": "100"}, "missing_lines": [], "excluded_lines": [], "start_line": 97}, "AtelierWebsocketServer.__init__": {"executed_lines": [115, 116, 117, 118, 124, 125, 126], "summary": {"covered_lines": 7, "num_statements": 7, "percent_covered": 100.0, "percent_covered_display": "100", "missing_lines": 0, "excluded_lines": 0, "percent_statements_covered": 100.0, "percent_statements_covered_display": "100"}, "missing_lines": [], "excluded_lines": [], "start_line": 108}, "AtelierWebsocketServer.get_room": {"executed_lines": [129, 130, 131, 132, 133, 134, 135, 136], "summary": {"covered_lines": 8, "num_statements": 8, "percent_covered": 100.0, "percent_covered_display": "100", "missing_lines": 0, "excluded_lines": 0, "percent_statements_covered": 100.0, "percent_statements_covered_display": "100"}, "missing_lines": [], "excluded_lines": [], "start_line": 128}, "AtelierWebsocketServer.delete_room": {"executed_lines": [144, 145, 146, 147, 148, 149, 150, 151, 152, 153], "summary": {"covered_lines": 10, "num_statements": 10, "percent_covered": 100.0, "percent_covered_display": "100", "missing_lines": 0, "excluded_lines": 0, "percent_statements_covered": 100.0, "percent_statements_covered_display": "100"}, "missing_lines": [], "excluded_lines": [], "start_line": 138}, "AtelierWebsocketServer._load_doc": {"executed_lines": [156, 157, 158, 159, 160, 161, 162, 163, 164, 165, 166, 167, 172, 173, 174, 175, 176, 177, 178, 179], "summary": {"covered_lines": 20, "num_statements": 20, "percent_covered": 100.0, "percent_covered_display": "100", "missing_lines": 0, "excluded_lines": 0, "percent_statements_covered": 100.0, "percent_statements_covered_display": "100"}, "missing_lines": [], "excluded_lines": [], "start_line": 155}, "AtelierWebsocketServer._attach_persist_observer": {"executed_lines": [182, 184, 192], "summary": {"covered_lines": 3, "num_statements": 3, "percent_covered": 100.0, "percent_covered_display": "100", "missing_lines": 0, "excluded_lines": 0, "percent_statements_covered": 100.0, "percent_statements_covered_display": "100"}, "missing_lines": [], "excluded_lines": [], "start_line": 181}, "AtelierWebsocketServer._attach_persist_observer.on_change": {"executed_lines": [185, 186, 187, 188], "summary": {"covered_lines": 4, "num_statements": 4, "percent_covered": 100.0, "percent_covered_display": "100", "missing_lines": 0, "excluded_lines": 0, "percent_statements_covered": 100.0, "percent_statements_covered_display": "100"}, "missing_lines": [], "excluded_lines": [], "start_line": 184}, "AtelierWebsocketServer._debounced_persist": {"executed_lines": [201, 202, 203, 204], "summary": {"covered_lines": 4, "num_statements": 4, "percent_covered": 100.0, "percent_covered_display": "100", "missing_lines": 0, "excluded_lines": 0, "percent_statements_covered": 100.0, "percent_statements_covered_display": "100"}, "missing_lines": [], "excluded_lines": [], "start_line": 194}, "AtelierWebsocketServer._persist_to_db": {"executed_lines": [215, 216, 217, 218, 219, 220, 221, 222, 229, 230, 231, 232, 233, 234, 235, 236, 237, 238, 239, 240, 241, 242, 243, 244, 246, 247, 248, 249, 250, 252, 253, 254, 255], "summary": {"covered_lines": 33, "num_statements": 40, "percent_covered": 82.5, "percent_covered_display": "82", "missing_lines": 7, "excluded_lines": 0, "percent_statements_covered": 82.5, "percent_statements_covered_display": "82"}, "missing_lines": [245, 256, 257, 258, 264, 265, 266], "excluded_lines": [], "start_line": 206}, "": {"executed_lines": [3, 5, 6, 7, 8, 9, 10, 12, 13, 14, 15, 17, 18, 19, 20, 22, 25, 27, 29, 34, 38, 45, 51, 64, 97, 105, 108, 128, 138, 155, 181, 194, 206], "summary": {"covered_lines": 33, "num_statements": 33, "percent_covered": 100.0, "percent_covered_display": "100", "missing_lines": 0, "excluded_lines": 0, "percent_statements_covered": 100.0, "percent_statements_covered_display": "100"}, "missing_lines": [], "excluded_lines": [], "start_line": 1}}, "classes": {"AtelierWebsocketServer": {"executed_lines": [115, 116, 117, 118, 124, 125, 126, 129, 130, 131, 132, 133, 134, 135, 136, 144, 145, 146, 147, 148, 149, 150, 151, 152, 153, 156, 157, 158, 159, 160, 161, 162, 163, 164, 165, 166, 167, 172, 173, 174, 175, 176, 177, 178, 179, 182, 184, 185, 186, 187, 188, 192, 201, 202, 203, 204, 215, 216, 217, 218, 219, 220, 221, 222, 229, 230, 231, 232, 233, 234, 235, 236, 237, 238, 239, 240, 241, 242, 243, 244, 246, 247, 248, 249, 250, 252, 253, 254, 255], "summary": {"covered_lines": 89, "num_statements": 96, "percent_covered": 92.70833333333333, "percent_covered_display": "93", "missing_lines": 7, "excluded_lines": 0, "percent_statements_covered": 92.70833333333333, "percent_statements_covered_display": "93"}, "missing_lines": [245, 256, 257, 258, 264, 265, 266], "excluded_lines": [], "start_line": 105}, "": {"executed_lines": [3, 5, 6, 7, 8, 9, 10, 12, 13, 14, 15, 17, 18, 19, 20, 22, 25, 27, 29, 34, 35, 38, 39, 40, 41, 42, 45, 46, 47, 48, 51, 57, 61, 64, 66, 67, 68, 69, 70, 71, 72, 73, 74, 75, 76, 81, 82, 83, 84, 85, 88, 89, 90, 91, 92, 93, 94, 97, 99, 100, 101, 102, 105, 108, 128, 138, 155, 181, 194, 206], "summary": {"covered_lines": 70, "num_statements": 70, "percent_covered": 100.0, "percent_covered_display": "100", "missing_lines": 0, "excluded_lines": 0, "percent_statements_covered": 100.0, "percent_statements_covered_display": "100"}, "missing_lines": [], "excluded_lines": [], "start_line": 1}}}, "app\\config.py": {"executed_lines": [3, 5, 6, 9, 12, 14, 15, 19, 24, 25, 26, 27, 28, 29, 32, 33, 34, 35, 36, 38, 39, 40, 43, 44, 45], "summary": {"covered_lines": 25, "num_statements": 25, "percent_covered": 100.0, "percent_covered_display": "100", "missing_lines": 0, "excluded_lines": 0, "percent_statements_covered": 100.0, "percent_statements_covered_display": "100"}, "missing_lines": [], "excluded_lines": [], "functions": {"Settings.cors_origin_list": {"executed_lines": [40], "summary": {"covered_lines": 1, "num_statements": 1, "percent_covered": 100.0, "percent_covered_display": "100", "missing_lines": 0, "excluded_lines": 0, "percent_statements_covered": 100.0, "percent_statements_covered_display": "100"}, "missing_lines": [], "excluded_lines": [], "start_line": 39}, "get_settings": {"executed_lines": [45], "summary": {"covered_lines": 1, "num_statements": 1, "percent_covered": 100.0, "percent_covered_display": "100", "missing_lines": 0, "excluded_lines": 0, "percent_statements_covered": 100.0, "percent_statements_covered_display": "100"}, "missing_lines": [], "excluded_lines": [], "start_line": 44}, "": {"executed_lines": [3, 5, 6, 9, 12, 14, 15, 19, 24, 25, 26, 27, 28, 29, 32, 33, 34, 35, 36, 38, 39, 43, 44], "summary": {"covered_lines": 23, "num_statements": 23, "percent_covered": 100.0, "percent_covered_display": "100", "missing_lines": 0, "excluded_lines": 0, "percent_statements_covered": 100.0, "percent_statements_covered_display": "100"}, "missing_lines": [], "excluded_lines": [], "start_line": 1}}, "classes": {"Settings": {"executed_lines": [40], "summary": {"covered_lines": 1, "num_statements": 1, "percent_covered": 100.0, "percent_covered_display": "100", "missing_lines": 0, "excluded_lines": 0, "percent_statements_covered": 100.0, "percent_statements_covered_display": "100"}, "missing_lines": [], "excluded_lines": [], "start_line": 9}, "": {"executed_lines": [3, 5, 6, 9, 12, 14, 15, 19, 24, 25, 26, 27, 28, 29, 32, 33, 34, 35, 36, 38, 39, 43, 44, 45], "summary": {"covered_lines": 24, "num_statements": 24, "percent_covered": 100.0, "percent_covered_display": "100", "missing_lines": 0, "excluded_lines": 0, "percent_statements_covered": 100.0, "percent_statements_covered_display": "100"}, "missing_lines": [], "excluded_lines": [], "start_line": 1}}}, "app\\constants\\notification_kinds.py": {"executed_lines": [3, 4, 5, 6, 7, 8], "summary": {"covered_lines": 6, "num_statements": 6, "percent_covered": 100.0, "percent_covered_display": "100", "missing_lines": 0, "excluded_lines": 0, "percent_statements_covered": 100.0, "percent_statements_covered_display": "100"}, "missing_lines": [], "excluded_lines": [], "functions": {"": {"executed_lines": [3, 4, 5, 6, 7, 8], "summary": {"covered_lines": 6, "num_statements": 6, "percent_covered": 100.0, "percent_covered_display": "100", "missing_lines": 0, "excluded_lines": 0, "percent_statements_covered": 100.0, "percent_statements_covered_display": "100"}, "missing_lines": [], "excluded_lines": [], "start_line": 1}}, "classes": {"": {"executed_lines": [3, 4, 5, 6, 7, 8], "summary": {"covered_lines": 6, "num_statements": 6, "percent_covered": 100.0, "percent_covered_display": "100", "missing_lines": 0, "excluded_lines": 0, "percent_statements_covered": 100.0, "percent_statements_covered_display": "100"}, "missing_lines": [], "excluded_lines": [], "start_line": 1}}}, "app\\database.py": {"executed_lines": [3, 5, 7, 9, 10, 16, 24, 25, 26, 27, 28], "summary": {"covered_lines": 11, "num_statements": 14, "percent_covered": 78.57142857142857, "percent_covered_display": "79", "missing_lines": 3, "excluded_lines": 0, "percent_statements_covered": 78.57142857142857, "percent_statements_covered_display": "79"}, "missing_lines": [29, 30, 31], "excluded_lines": [], "functions": {"get_db": {"executed_lines": [25, 26, 27, 28], "summary": {"covered_lines": 4, "num_statements": 7, "percent_covered": 57.142857142857146, "percent_covered_display": "57", "missing_lines": 3, "excluded_lines": 0, "percent_statements_covered": 57.142857142857146, "percent_statements_covered_display": "57"}, "missing_lines": [29, 30, 31], "excluded_lines": [], "start_line": 24}, "": {"executed_lines": [3, 5, 7, 9, 10, 16, 24], "summary": {"covered_lines": 7, "num_statements": 7, "percent_covered": 100.0, "percent_covered_display": "100", "missing_lines": 0, "excluded_lines": 0, "percent_statements_covered": 100.0, "percent_statements_covered_display": "100"}, "missing_lines": [], "excluded_lines": [], "start_line": 1}}, "classes": {"": {"executed_lines": [3, 5, 7, 9, 10, 16, 24, 25, 26, 27, 28], "summary": {"covered_lines": 11, "num_statements": 14, "percent_covered": 78.57142857142857, "percent_covered_display": "79", "missing_lines": 3, "excluded_lines": 0, "percent_statements_covered": 78.57142857142857, "percent_statements_covered_display": "79"}, "missing_lines": [29, 30, 31], "excluded_lines": [], "start_line": 1}}}, "app\\deps.py": {"executed_lines": [3, 5, 6, 8, 9, 10, 12, 13, 14, 23, 26, 30, 31, 32, 37, 40, 41, 42, 47, 50, 55, 65, 72, 87, 88, 91, 92, 93, 94, 96, 97, 98, 103, 104, 105, 110, 111, 112, 113, 114, 115, 116, 120, 121, 122, 124, 125, 126, 128, 129, 131, 132, 133, 134, 135, 136, 137, 139, 140, 141, 142, 143, 144, 145, 147, 148, 154, 155, 156, 157, 158, 160, 162, 163, 165, 166, 167, 168, 169, 171, 174, 175, 178, 179, 182, 187, 188, 194, 200, 201, 202, 215, 221, 222, 223, 224, 225, 228, 243, 244, 245, 258, 263, 266, 272, 354, 355, 358, 359, 362, 363, 366, 367, 368, 371, 376, 389, 396, 409, 421, 433, 437, 438, 443, 449, 452, 458, 468, 474, 484, 490, 514, 519, 520, 526, 527, 533, 543, 548, 561, 567, 570, 576, 577, 578, 584, 588, 589, 595, 616, 617, 623, 639, 645, 647, 648, 649, 655, 663, 664, 670, 678, 679, 685, 707, 713, 715, 716, 717, 723, 775, 781, 782, 783, 785, 787, 788, 790, 792, 793, 795, 803, 808, 811, 816, 821, 824, 825, 830, 831, 836, 839, 842, 843, 848, 851, 854, 855, 860, 863, 866, 867, 872, 875, 878, 879, 884, 887, 890, 891, 896, 899, 903, 909, 915, 918, 921, 922, 927, 930, 933, 939], "summary": {"covered_lines": 222, "num_statements": 354, "percent_covered": 62.71186440677966, "percent_covered_display": "63", "missing_lines": 132, "excluded_lines": 0, "percent_statements_covered": 62.71186440677966, "percent_statements_covered_display": "63"}, "missing_lines": [56, 57, 62, 79, 80, 123, 159, 170, 189, 207, 226, 251, 273, 274, 279, 285, 286, 287, 288, 293, 312, 313, 314, 319, 336, 337, 342, 348, 377, 378, 383, 386, 397, 398, 403, 406, 412, 413, 418, 424, 425, 430, 444, 459, 460, 465, 475, 476, 481, 491, 492, 497, 498, 499, 504, 507, 521, 528, 536, 549, 550, 555, 558, 579, 587, 590, 596, 597, 602, 608, 609, 610, 615, 618, 624, 625, 630, 631, 632, 646, 650, 656, 657, 662, 665, 671, 672, 677, 680, 686, 687, 692, 693, 694, 699, 700, 714, 718, 724, 725, 730, 731, 732, 733, 738, 739, 740, 745, 746, 747, 748, 753, 754, 755, 760, 761, 762, 767, 768, 784, 786, 789, 791, 794, 796, 797, 798, 799, 800, 904, 910, 934], "excluded_lines": [], "functions": {"get_current_user": {"executed_lines": [30, 31, 32, 37], "summary": {"covered_lines": 4, "num_statements": 4, "percent_covered": 100.0, "percent_covered_display": "100", "missing_lines": 0, "excluded_lines": 0, "percent_statements_covered": 100.0, "percent_statements_covered_display": "100"}, "missing_lines": [], "excluded_lines": [], "start_line": 26}, "require_platform_admin": {"executed_lines": [41, 42, 47], "summary": {"covered_lines": 3, "num_statements": 3, "percent_covered": 100.0, "percent_covered_display": "100", "missing_lines": 0, "excluded_lines": 0, "percent_statements_covered": 100.0, "percent_statements_covered_display": "100"}, "missing_lines": [], "excluded_lines": [], "start_line": 40}, "get_studio_for_platform_admin": {"executed_lines": [55], "summary": {"covered_lines": 1, "num_statements": 4, "percent_covered": 25.0, "percent_covered_display": "25", "missing_lines": 3, "excluded_lines": 0, "percent_statements_covered": 25.0, "percent_statements_covered_display": "25"}, "missing_lines": [56, 57, 62], "excluded_lines": [], "start_line": 50}, "ensure_studio_owner_membership": {"executed_lines": [72], "summary": {"covered_lines": 1, "num_statements": 3, "percent_covered": 33.333333333333336, "percent_covered_display": "33", "missing_lines": 2, "excluded_lines": 0, "percent_statements_covered": 33.333333333333336, "percent_statements_covered_display": "33"}, "missing_lines": [79, 80], "excluded_lines": [], "start_line": 65}, "StudioAccess.is_cross_studio_viewer": {"executed_lines": [98], "summary": {"covered_lines": 1, "num_statements": 1, "percent_covered": 100.0, "percent_covered_display": "100", "missing_lines": 0, "excluded_lines": 0, "percent_statements_covered": 100.0, "percent_statements_covered_display": "100"}, "missing_lines": [], "excluded_lines": [], "start_line": 97}, "StudioAccess.is_cross_studio_external_editor": {"executed_lines": [105], "summary": {"covered_lines": 1, "num_statements": 1, "percent_covered": 100.0, "percent_covered_display": "100", "missing_lines": 0, "excluded_lines": 0, "percent_statements_covered": 100.0, "percent_statements_covered_display": "100"}, "missing_lines": [], "excluded_lines": [], "start_line": 104}, "StudioAccess.is_studio_admin": {"executed_lines": [112, 113, 114, 115, 116], "summary": {"covered_lines": 5, "num_statements": 5, "percent_covered": 100.0, "percent_covered_display": "100", "missing_lines": 0, "excluded_lines": 0, "percent_statements_covered": 100.0, "percent_statements_covered_display": "100"}, "missing_lines": [], "excluded_lines": [], "start_line": 111}, "StudioAccess.is_studio_member": {"executed_lines": [122, 124, 125, 126], "summary": {"covered_lines": 4, "num_statements": 5, "percent_covered": 80.0, "percent_covered_display": "80", "missing_lines": 1, "excluded_lines": 0, "percent_statements_covered": 80.0, "percent_statements_covered_display": "80"}, "missing_lines": [123], "excluded_lines": [], "start_line": 121}, "StudioAccess.is_studio_editor": {"executed_lines": [131, 132, 133, 134, 135, 136, 137], "summary": {"covered_lines": 7, "num_statements": 7, "percent_covered": 100.0, "percent_covered_display": "100", "missing_lines": 0, "excluded_lines": 0, "percent_statements_covered": 100.0, "percent_statements_covered_display": "100"}, "missing_lines": [], "excluded_lines": [], "start_line": 129}, "StudioAccess.can_publish": {"executed_lines": [141, 142, 143, 144, 145], "summary": {"covered_lines": 5, "num_statements": 5, "percent_covered": 100.0, "percent_covered_display": "100", "missing_lines": 0, "excluded_lines": 0, "percent_statements_covered": 100.0, "percent_statements_covered_display": "100"}, "missing_lines": [], "excluded_lines": [], "start_line": 140}, "StudioAccess.can_edit_software_definition": {"executed_lines": [154, 155, 156, 157, 158, 160], "summary": {"covered_lines": 6, "num_statements": 7, "percent_covered": 85.71428571428571, "percent_covered_display": "86", "missing_lines": 1, "excluded_lines": 0, "percent_statements_covered": 85.71428571428571, "percent_statements_covered_display": "86"}, "missing_lines": [159], "excluded_lines": [], "start_line": 148}, "StudioAccess.can_create_project": {"executed_lines": [165, 166, 167, 168, 169, 171], "summary": {"covered_lines": 6, "num_statements": 7, "percent_covered": 85.71428571428571, "percent_covered_display": "86", "missing_lines": 1, "excluded_lines": 0, "percent_statements_covered": 85.71428571428571, "percent_statements_covered_display": "86"}, "missing_lines": [170], "excluded_lines": [], "start_line": 163}, "resolve_studio_access": {"executed_lines": [187, 188, 194, 200, 201, 202], "summary": {"covered_lines": 6, "num_statements": 8, "percent_covered": 75.0, "percent_covered_display": "75", "missing_lines": 2, "excluded_lines": 0, "percent_statements_covered": 75.0, "percent_statements_covered_display": "75"}, "missing_lines": [189, 207], "excluded_lines": [], "start_line": 182}, "resolve_studio_access_for_software": {"executed_lines": [221, 222, 223, 224, 225, 228, 243, 244, 245], "summary": {"covered_lines": 9, "num_statements": 11, "percent_covered": 81.81818181818181, "percent_covered_display": "82", "missing_lines": 2, "excluded_lines": 0, "percent_statements_covered": 81.81818181818181, "percent_statements_covered_display": "82"}, "missing_lines": [226, 251], "excluded_lines": [], "start_line": 215}, "get_studio_access": {"executed_lines": [263], "summary": {"covered_lines": 1, "num_statements": 1, "percent_covered": 100.0, "percent_covered_display": "100", "missing_lines": 0, "excluded_lines": 0, "percent_statements_covered": 100.0, "percent_statements_covered_display": "100"}, "missing_lines": [], "excluded_lines": [], "start_line": 258}, "get_studio_software_list_access": {"executed_lines": [272], "summary": {"covered_lines": 1, "num_statements": 17, "percent_covered": 5.882352941176471, "percent_covered_display": "6", "missing_lines": 16, "excluded_lines": 0, "percent_statements_covered": 5.882352941176471, "percent_statements_covered_display": "6"}, "missing_lines": [273, 274, 279, 285, 286, 287, 288, 293, 312, 313, 314, 319, 336, 337, 342, 348], "excluded_lines": [], "start_line": 266}, "get_software_access": {"executed_lines": [376], "summary": {"covered_lines": 1, "num_statements": 5, "percent_covered": 20.0, "percent_covered_display": "20", "missing_lines": 4, "excluded_lines": 0, "percent_statements_covered": 20.0, "percent_statements_covered_display": "20"}, "missing_lines": [377, 378, 383, 386], "excluded_lines": [], "start_line": 371}, "get_software_in_studio": {"executed_lines": [396], "summary": {"covered_lines": 1, "num_statements": 5, "percent_covered": 20.0, "percent_covered_display": "20", "missing_lines": 4, "excluded_lines": 0, "percent_statements_covered": 20.0, "percent_statements_covered_display": "20"}, "missing_lines": [397, 398, 403, 406], "excluded_lines": [], "start_line": 389}, "require_software_admin": {"executed_lines": [], "summary": {"covered_lines": 0, "num_statements": 3, "percent_covered": 0.0, "percent_covered_display": "0", "missing_lines": 3, "excluded_lines": 0, "percent_statements_covered": 0.0, "percent_statements_covered_display": "0"}, "missing_lines": [412, 413, 418], "excluded_lines": [], "start_line": 409}, "require_software_member": {"executed_lines": [], "summary": {"covered_lines": 0, "num_statements": 3, "percent_covered": 0.0, "percent_covered_display": "0", "missing_lines": 3, "excluded_lines": 0, "percent_statements_covered": 0.0, "percent_statements_covered_display": "0"}, "missing_lines": [424, 425, 430], "excluded_lines": [], "start_line": 421}, "require_software_home_editor": {"executed_lines": [437, 438, 443, 449], "summary": {"covered_lines": 4, "num_statements": 5, "percent_covered": 80.0, "percent_covered_display": "80", "missing_lines": 1, "excluded_lines": 0, "percent_statements_covered": 80.0, "percent_statements_covered_display": "80"}, "missing_lines": [444], "excluded_lines": [], "start_line": 433}, "require_software_editor_in_studio": {"executed_lines": [458], "summary": {"covered_lines": 1, "num_statements": 4, "percent_covered": 25.0, "percent_covered_display": "25", "missing_lines": 3, "excluded_lines": 0, "percent_statements_covered": 25.0, "percent_statements_covered_display": "25"}, "missing_lines": [459, 460, 465], "excluded_lines": [], "start_line": 452}, "require_software_admin_in_studio": {"executed_lines": [474], "summary": {"covered_lines": 1, "num_statements": 4, "percent_covered": 25.0, "percent_covered_display": "25", "missing_lines": 3, "excluded_lines": 0, "percent_statements_covered": 25.0, "percent_statements_covered_display": "25"}, "missing_lines": [475, 476, 481], "excluded_lines": [], "start_line": 468}, "get_project_access_nested": {"executed_lines": [490], "summary": {"covered_lines": 1, "num_statements": 8, "percent_covered": 12.5, "percent_covered_display": "12", "missing_lines": 7, "excluded_lines": 0, "percent_statements_covered": 12.5, "percent_statements_covered_display": "12"}, "missing_lines": [491, 492, 497, 498, 499, 504, 507], "excluded_lines": [], "start_line": 484}, "fetch_project_access": {"executed_lines": [519, 520, 526, 527, 533], "summary": {"covered_lines": 5, "num_statements": 8, "percent_covered": 62.5, "percent_covered_display": "62", "missing_lines": 3, "excluded_lines": 0, "percent_statements_covered": 62.5, "percent_statements_covered_display": "62"}, "missing_lines": [521, 528, 536], "excluded_lines": [], "start_line": 514}, "fetch_software_access": {"executed_lines": [548], "summary": {"covered_lines": 1, "num_statements": 5, "percent_covered": 20.0, "percent_covered_display": "20", "missing_lines": 4, "excluded_lines": 0, "percent_statements_covered": 20.0, "percent_statements_covered_display": "20"}, "missing_lines": [549, 550, 555, 558], "excluded_lines": [], "start_line": 543}, "fetch_project_access_for_artifact_download": {"executed_lines": [567], "summary": {"covered_lines": 1, "num_statements": 1, "percent_covered": 100.0, "percent_covered_display": "100", "missing_lines": 0, "excluded_lines": 0, "percent_statements_covered": 100.0, "percent_statements_covered_display": "100"}, "missing_lines": [], "excluded_lines": [], "start_line": 561}, "ensure_user_can_download_artifact": {"executed_lines": [576, 577, 578, 584, 588, 589, 595, 616, 617, 623], "summary": {"covered_lines": 10, "num_statements": 26, "percent_covered": 38.46153846153846, "percent_covered_display": "38", "missing_lines": 16, "excluded_lines": 0, "percent_statements_covered": 38.46153846153846, "percent_statements_covered_display": "38"}, "missing_lines": [579, 587, 590, 596, 597, 602, 608, 609, 610, 615, 618, 624, 625, 630, 631, 632], "excluded_lines": [], "start_line": 570}, "ensure_user_can_delete_artifact": {"executed_lines": [645, 647, 648, 649, 655, 663, 664, 670, 678, 679, 685], "summary": {"covered_lines": 11, "num_statements": 28, "percent_covered": 39.285714285714285, "percent_covered_display": "39", "missing_lines": 17, "excluded_lines": 0, "percent_statements_covered": 39.285714285714285, "percent_statements_covered_display": "39"}, "missing_lines": [646, 650, 656, 657, 662, 665, 671, 672, 677, 680, 686, 687, 692, 693, 694, 699, 700], "excluded_lines": [], "start_line": 639}, "ensure_user_can_reindex_artifact": {"executed_lines": [713, 715, 716, 717, 723], "summary": {"covered_lines": 5, "num_statements": 28, "percent_covered": 17.857142857142858, "percent_covered_display": "18", "missing_lines": 23, "excluded_lines": 0, "percent_statements_covered": 17.857142857142858, "percent_statements_covered_display": "18"}, "missing_lines": [714, 718, 724, 725, 730, 731, 732, 733, 738, 739, 740, 745, 746, 747, 748, 753, 754, 755, 760, 761, 762, 767, 768], "excluded_lines": [], "start_line": 707}, "user_can_view_artifact_chunk_previews": {"executed_lines": [781, 782, 783, 785, 787, 788, 790, 792, 793, 795], "summary": {"covered_lines": 10, "num_statements": 20, "percent_covered": 50.0, "percent_covered_display": "50", "missing_lines": 10, "excluded_lines": 0, "percent_statements_covered": 50.0, "percent_statements_covered_display": "50"}, "missing_lines": [784, 786, 789, 791, 794, 796, 797, 798, 799, 800], "excluded_lines": [], "start_line": 775}, "get_project_access": {"executed_lines": [808], "summary": {"covered_lines": 1, "num_statements": 1, "percent_covered": 100.0, "percent_covered_display": "100", "missing_lines": 0, "excluded_lines": 0, "percent_statements_covered": 100.0, "percent_statements_covered_display": "100"}, "missing_lines": [], "excluded_lines": [], "start_line": 803}, "get_project_access_artifact_download": {"executed_lines": [816], "summary": {"covered_lines": 1, "num_statements": 1, "percent_covered": 100.0, "percent_covered_display": "100", "missing_lines": 0, "excluded_lines": 0, "percent_statements_covered": 100.0, "percent_statements_covered_display": "100"}, "missing_lines": [], "excluded_lines": [], "start_line": 811}, "require_outline_manager": {"executed_lines": [824, 825, 830, 831, 836], "summary": {"covered_lines": 5, "num_statements": 5, "percent_covered": 100.0, "percent_covered_display": "100", "missing_lines": 0, "excluded_lines": 0, "percent_statements_covered": 100.0, "percent_statements_covered_display": "100"}, "missing_lines": [], "excluded_lines": [], "start_line": 821}, "require_project_member": {"executed_lines": [842, 843, 848], "summary": {"covered_lines": 3, "num_statements": 3, "percent_covered": 100.0, "percent_covered_display": "100", "missing_lines": 0, "excluded_lines": 0, "percent_statements_covered": 100.0, "percent_statements_covered_display": "100"}, "missing_lines": [], "excluded_lines": [], "start_line": 839}, "require_project_issues_readable": {"executed_lines": [854, 855, 860], "summary": {"covered_lines": 3, "num_statements": 3, "percent_covered": 100.0, "percent_covered_display": "100", "missing_lines": 0, "excluded_lines": 0, "percent_statements_covered": 100.0, "percent_statements_covered_display": "100"}, "missing_lines": [], "excluded_lines": [], "start_line": 851}, "require_can_publish": {"executed_lines": [866, 867, 872], "summary": {"covered_lines": 3, "num_statements": 3, "percent_covered": 100.0, "percent_covered_display": "100", "missing_lines": 0, "excluded_lines": 0, "percent_statements_covered": 100.0, "percent_statements_covered_display": "100"}, "missing_lines": [], "excluded_lines": [], "start_line": 863}, "require_project_studio_admin": {"executed_lines": [878, 879, 884], "summary": {"covered_lines": 3, "num_statements": 3, "percent_covered": 100.0, "percent_covered_display": "100", "missing_lines": 0, "excluded_lines": 0, "percent_statements_covered": 100.0, "percent_statements_covered_display": "100"}, "missing_lines": [], "excluded_lines": [], "start_line": 875}, "require_project_studio_admin_nested": {"executed_lines": [890, 891, 896], "summary": {"covered_lines": 3, "num_statements": 3, "percent_covered": 100.0, "percent_covered_display": "100", "missing_lines": 0, "excluded_lines": 0, "percent_statements_covered": 100.0, "percent_statements_covered_display": "100"}, "missing_lines": [], "excluded_lines": [], "start_line": 887}, "require_project_home_editor_nested": {"executed_lines": [903, 909, 915], "summary": {"covered_lines": 3, "num_statements": 5, "percent_covered": 60.0, "percent_covered_display": "60", "missing_lines": 2, "excluded_lines": 0, "percent_statements_covered": 60.0, "percent_statements_covered_display": "60"}, "missing_lines": [904, 910], "excluded_lines": [], "start_line": 899}, "require_studio_admin": {"executed_lines": [921, 922, 927], "summary": {"covered_lines": 3, "num_statements": 3, "percent_covered": 100.0, "percent_covered_display": "100", "missing_lines": 0, "excluded_lines": 0, "percent_statements_covered": 100.0, "percent_statements_covered_display": "100"}, "missing_lines": [], "excluded_lines": [], "start_line": 918}, "require_studio_editor": {"executed_lines": [933, 939], "summary": {"covered_lines": 2, "num_statements": 3, "percent_covered": 66.66666666666667, "percent_covered_display": "67", "missing_lines": 1, "excluded_lines": 0, "percent_statements_covered": 66.66666666666667, "percent_statements_covered_display": "67"}, "missing_lines": [934], "excluded_lines": [], "start_line": 930}, "": {"executed_lines": [3, 5, 6, 8, 9, 10, 12, 13, 14, 23, 26, 40, 50, 65, 87, 88, 91, 92, 93, 94, 96, 97, 103, 104, 110, 111, 120, 121, 128, 129, 139, 140, 147, 148, 162, 163, 174, 175, 178, 179, 182, 215, 258, 266, 354, 355, 358, 359, 362, 363, 366, 367, 368, 371, 389, 409, 421, 433, 452, 468, 484, 514, 543, 561, 570, 639, 707, 775, 803, 811, 821, 839, 851, 863, 875, 887, 899, 918, 930], "summary": {"covered_lines": 79, "num_statements": 79, "percent_covered": 100.0, "percent_covered_display": "100", "missing_lines": 0, "excluded_lines": 0, "percent_statements_covered": 100.0, "percent_statements_covered_display": "100"}, "missing_lines": [], "excluded_lines": [], "start_line": 1}}, "classes": {"StudioAccess": {"executed_lines": [98, 105, 112, 113, 114, 115, 116, 122, 124, 125, 126, 131, 132, 133, 134, 135, 136, 137, 141, 142, 143, 144, 145, 154, 155, 156, 157, 158, 160, 165, 166, 167, 168, 169, 171], "summary": {"covered_lines": 35, "num_statements": 38, "percent_covered": 92.10526315789474, "percent_covered_display": "92", "missing_lines": 3, "excluded_lines": 0, "percent_statements_covered": 92.10526315789474, "percent_statements_covered_display": "92"}, "missing_lines": [123, 159, 170], "excluded_lines": [], "start_line": 88}, "StudioSoftwareListAccess": {"executed_lines": [], "summary": {"covered_lines": 0, "num_statements": 0, "percent_covered": 100.0, "percent_covered_display": "100", "missing_lines": 0, "excluded_lines": 0, "percent_statements_covered": 100.0, "percent_statements_covered_display": "100"}, "missing_lines": [], "excluded_lines": [], "start_line": 175}, "SoftwareAccess": {"executed_lines": [], "summary": {"covered_lines": 0, "num_statements": 0, "percent_covered": 100.0, "percent_covered_display": "100", "missing_lines": 0, "excluded_lines": 0, "percent_statements_covered": 100.0, "percent_statements_covered_display": "100"}, "missing_lines": [], "excluded_lines": [], "start_line": 355}, "ProjectAccess": {"executed_lines": [], "summary": {"covered_lines": 0, "num_statements": 0, "percent_covered": 100.0, "percent_covered_display": "100", "missing_lines": 0, "excluded_lines": 0, "percent_statements_covered": 100.0, "percent_statements_covered_display": "100"}, "missing_lines": [], "excluded_lines": [], "start_line": 363}, "": {"executed_lines": [3, 5, 6, 8, 9, 10, 12, 13, 14, 23, 26, 30, 31, 32, 37, 40, 41, 42, 47, 50, 55, 65, 72, 87, 88, 91, 92, 93, 94, 96, 97, 103, 104, 110, 111, 120, 121, 128, 129, 139, 140, 147, 148, 162, 163, 174, 175, 178, 179, 182, 187, 188, 194, 200, 201, 202, 215, 221, 222, 223, 224, 225, 228, 243, 244, 245, 258, 263, 266, 272, 354, 355, 358, 359, 362, 363, 366, 367, 368, 371, 376, 389, 396, 409, 421, 433, 437, 438, 443, 449, 452, 458, 468, 474, 484, 490, 514, 519, 520, 526, 527, 533, 543, 548, 561, 567, 570, 576, 577, 578, 584, 588, 589, 595, 616, 617, 623, 639, 645, 647, 648, 649, 655, 663, 664, 670, 678, 679, 685, 707, 713, 715, 716, 717, 723, 775, 781, 782, 783, 785, 787, 788, 790, 792, 793, 795, 803, 808, 811, 816, 821, 824, 825, 830, 831, 836, 839, 842, 843, 848, 851, 854, 855, 860, 863, 866, 867, 872, 875, 878, 879, 884, 887, 890, 891, 896, 899, 903, 909, 915, 918, 921, 922, 927, 930, 933, 939], "summary": {"covered_lines": 187, "num_statements": 316, "percent_covered": 59.177215189873415, "percent_covered_display": "59", "missing_lines": 129, "excluded_lines": 0, "percent_statements_covered": 59.177215189873415, "percent_statements_covered_display": "59"}, "missing_lines": [56, 57, 62, 79, 80, 189, 207, 226, 251, 273, 274, 279, 285, 286, 287, 288, 293, 312, 313, 314, 319, 336, 337, 342, 348, 377, 378, 383, 386, 397, 398, 403, 406, 412, 413, 418, 424, 425, 430, 444, 459, 460, 465, 475, 476, 481, 491, 492, 497, 498, 499, 504, 507, 521, 528, 536, 549, 550, 555, 558, 579, 587, 590, 596, 597, 602, 608, 609, 610, 615, 618, 624, 625, 630, 631, 632, 646, 650, 656, 657, 662, 665, 671, 672, 677, 680, 686, 687, 692, 693, 694, 699, 700, 714, 718, 724, 725, 730, 731, 732, 733, 738, 739, 740, 745, 746, 747, 748, 753, 754, 755, 760, 761, 762, 767, 768, 784, 786, 789, 791, 794, 796, 797, 798, 799, 800, 904, 910, 934], "excluded_lines": [], "start_line": 1}}}, "app\\deps_mcp.py": {"executed_lines": [3, 5, 6, 8, 9, 10, 11, 13, 14, 15, 18, 19, 20, 21, 22, 25, 26, 27, 28, 29, 32, 36, 37, 38, 43, 44, 75, 76, 77, 82], "summary": {"covered_lines": 30, "num_statements": 41, "percent_covered": 73.17073170731707, "percent_covered_display": "73", "missing_lines": 11, "excluded_lines": 0, "percent_statements_covered": 73.17073170731707, "percent_statements_covered_display": "73"}, "missing_lines": [53, 54, 55, 56, 57, 59, 60, 61, 66, 67, 68], "excluded_lines": [], "functions": {"_extract_raw_key": {"executed_lines": [26, 27, 28, 29], "summary": {"covered_lines": 4, "num_statements": 4, "percent_covered": 100.0, "percent_covered_display": "100", "missing_lines": 0, "excluded_lines": 0, "percent_statements_covered": 100.0, "percent_statements_covered_display": "100"}, "missing_lines": [], "excluded_lines": [], "start_line": 25}, "require_mcp_api_key": {"executed_lines": [36, 37, 38, 43, 44], "summary": {"covered_lines": 5, "num_statements": 16, "percent_covered": 31.25, "percent_covered_display": "31", "missing_lines": 11, "excluded_lines": 0, "percent_statements_covered": 31.25, "percent_statements_covered_display": "31"}, "missing_lines": [53, 54, 55, 56, 57, 59, 60, 61, 66, 67, 68], "excluded_lines": [], "start_line": 32}, "require_mcp_editor": {"executed_lines": [76, 77, 82], "summary": {"covered_lines": 3, "num_statements": 3, "percent_covered": 100.0, "percent_covered_display": "100", "missing_lines": 0, "excluded_lines": 0, "percent_statements_covered": 100.0, "percent_statements_covered_display": "100"}, "missing_lines": [], "excluded_lines": [], "start_line": 75}, "": {"executed_lines": [3, 5, 6, 8, 9, 10, 11, 13, 14, 15, 18, 19, 20, 21, 22, 25, 32, 75], "summary": {"covered_lines": 18, "num_statements": 18, "percent_covered": 100.0, "percent_covered_display": "100", "missing_lines": 0, "excluded_lines": 0, "percent_statements_covered": 100.0, "percent_statements_covered_display": "100"}, "missing_lines": [], "excluded_lines": [], "start_line": 1}}, "classes": {"McpAuth": {"executed_lines": [], "summary": {"covered_lines": 0, "num_statements": 0, "percent_covered": 100.0, "percent_covered_display": "100", "missing_lines": 0, "excluded_lines": 0, "percent_statements_covered": 100.0, "percent_statements_covered_display": "100"}, "missing_lines": [], "excluded_lines": [], "start_line": 19}, "": {"executed_lines": [3, 5, 6, 8, 9, 10, 11, 13, 14, 15, 18, 19, 20, 21, 22, 25, 26, 27, 28, 29, 32, 36, 37, 38, 43, 44, 75, 76, 77, 82], "summary": {"covered_lines": 30, "num_statements": 41, "percent_covered": 73.17073170731707, "percent_covered_display": "73", "missing_lines": 11, "excluded_lines": 0, "percent_statements_covered": 73.17073170731707, "percent_statements_covered_display": "73"}, "missing_lines": [53, 54, 55, 56, 57, 59, 60, 61, 66, 67, 68], "excluded_lines": [], "start_line": 1}}}, "app\\exceptions.py": {"executed_lines": [3, 6, 9, 10, 11], "summary": {"covered_lines": 5, "num_statements": 5, "percent_covered": 100.0, "percent_covered_display": "100", "missing_lines": 0, "excluded_lines": 0, "percent_statements_covered": 100.0, "percent_statements_covered_display": "100"}, "missing_lines": [], "excluded_lines": [], "functions": {"ApiError.__init__": {"executed_lines": [10, 11], "summary": {"covered_lines": 2, "num_statements": 2, "percent_covered": 100.0, "percent_covered_display": "100", "missing_lines": 0, "excluded_lines": 0, "percent_statements_covered": 100.0, "percent_statements_covered_display": "100"}, "missing_lines": [], "excluded_lines": [], "start_line": 9}, "": {"executed_lines": [3, 6, 9], "summary": {"covered_lines": 3, "num_statements": 3, "percent_covered": 100.0, "percent_covered_display": "100", "missing_lines": 0, "excluded_lines": 0, "percent_statements_covered": 100.0, "percent_statements_covered_display": "100"}, "missing_lines": [], "excluded_lines": [], "start_line": 1}}, "classes": {"ApiError": {"executed_lines": [10, 11], "summary": {"covered_lines": 2, "num_statements": 2, "percent_covered": 100.0, "percent_covered_display": "100", "missing_lines": 0, "excluded_lines": 0, "percent_statements_covered": 100.0, "percent_statements_covered_display": "100"}, "missing_lines": [], "excluded_lines": [], "start_line": 6}, "": {"executed_lines": [3, 6, 9], "summary": {"covered_lines": 3, "num_statements": 3, "percent_covered": 100.0, "percent_covered_display": "100", "missing_lines": 0, "excluded_lines": 0, "percent_statements_covered": 100.0, "percent_statements_covered_display": "100"}, "missing_lines": [], "excluded_lines": [], "start_line": 1}}}, "app\\integrations\\__init__.py": {"executed_lines": [], "summary": {"covered_lines": 0, "num_statements": 0, "percent_covered": 100.0, "percent_covered_display": "100", "missing_lines": 0, "excluded_lines": 0, "percent_statements_covered": 100.0, "percent_statements_covered_display": "100"}, "missing_lines": [], "excluded_lines": [], "functions": {"": {"executed_lines": [], "summary": {"covered_lines": 0, "num_statements": 0, "percent_covered": 100.0, "percent_covered_display": "100", "missing_lines": 0, "excluded_lines": 0, "percent_statements_covered": 100.0, "percent_statements_covered_display": "100"}, "missing_lines": [], "excluded_lines": [], "start_line": 1}}, "classes": {"": {"executed_lines": [], "summary": {"covered_lines": 0, "num_statements": 0, "percent_covered": 100.0, "percent_covered_display": "100", "missing_lines": 0, "excluded_lines": 0, "percent_statements_covered": 100.0, "percent_statements_covered_display": "100"}, "missing_lines": [], "excluded_lines": [], "start_line": 1}}}, "app\\integrations\\gitlab_client.py": {"executed_lines": [3, 5, 8, 10, 11, 12, 13, 14, 15, 16, 17, 18, 19, 21, 22, 25, 31, 32, 33, 34, 35, 36, 37, 38, 39, 40, 41, 42, 43, 44, 45, 46, 47, 48], "summary": {"covered_lines": 34, "num_statements": 38, "percent_covered": 89.47368421052632, "percent_covered_display": "89", "missing_lines": 4, "excluded_lines": 0, "percent_statements_covered": 89.47368421052632, "percent_statements_covered_display": "89"}, "missing_lines": [20, 49, 50, 51], "excluded_lines": [], "functions": {"parse_gitlab_web_url": {"executed_lines": [10, 11, 12, 13, 14, 15, 16, 17, 18, 19, 21, 22], "summary": {"covered_lines": 12, "num_statements": 13, "percent_covered": 92.3076923076923, "percent_covered_display": "92", "missing_lines": 1, "excluded_lines": 0, "percent_statements_covered": 92.3076923076923, "percent_statements_covered_display": "92"}, "missing_lines": [20], "excluded_lines": [], "start_line": 8}, "test_gitlab_connection": {"executed_lines": [31, 32, 33, 34, 35, 36, 37, 38, 39, 40, 41, 42, 43, 44, 45, 46, 47, 48], "summary": {"covered_lines": 18, "num_statements": 21, "percent_covered": 85.71428571428571, "percent_covered_display": "86", "missing_lines": 3, "excluded_lines": 0, "percent_statements_covered": 85.71428571428571, "percent_statements_covered_display": "86"}, "missing_lines": [49, 50, 51], "excluded_lines": [], "start_line": 25}, "": {"executed_lines": [3, 5, 8, 25], "summary": {"covered_lines": 4, "num_statements": 4, "percent_covered": 100.0, "percent_covered_display": "100", "missing_lines": 0, "excluded_lines": 0, "percent_statements_covered": 100.0, "percent_statements_covered_display": "100"}, "missing_lines": [], "excluded_lines": [], "start_line": 1}}, "classes": {"": {"executed_lines": [3, 5, 8, 10, 11, 12, 13, 14, 15, 16, 17, 18, 19, 21, 22, 25, 31, 32, 33, 34, 35, 36, 37, 38, 39, 40, 41, 42, 43, 44, 45, 46, 47, 48], "summary": {"covered_lines": 34, "num_statements": 38, "percent_covered": 89.47368421052632, "percent_covered_display": "89", "missing_lines": 4, "excluded_lines": 0, "percent_statements_covered": 89.47368421052632, "percent_statements_covered_display": "89"}, "missing_lines": [20, 49, 50, 51], "excluded_lines": [], "start_line": 1}}}, "app\\main.py": {"executed_lines": [3, 4, 5, 6, 8, 9, 10, 11, 12, 13, 14, 15, 16, 17, 19, 20, 21, 22, 23, 25, 27, 53, 54, 55, 56, 57, 58, 76, 77, 78, 84, 88, 90, 91, 93, 96, 97, 103, 106, 107, 115, 116, 119, 120, 121, 126, 127, 129, 130, 138, 139, 140, 141, 146, 147, 148, 149, 150, 151, 152, 160, 161, 163, 165, 170, 171, 172, 174, 179, 180, 183, 184, 185, 186, 187, 188, 189, 190, 191, 192, 193, 194, 195, 196, 197, 198, 199, 200, 201, 202, 203, 204, 206, 207, 213, 214, 216, 219], "summary": {"covered_lines": 98, "num_statements": 121, "percent_covered": 80.99173553719008, "percent_covered_display": "81", "missing_lines": 23, "excluded_lines": 0, "percent_statements_covered": 80.99173553719008, "percent_statements_covered_display": "81"}, "missing_lines": [60, 61, 65, 66, 67, 68, 69, 70, 71, 72, 73, 75, 79, 80, 81, 82, 83, 85, 92, 104, 164, 173, 181], "excluded_lines": [], "functions": {"lifespan": {"executed_lines": [55, 56, 57, 58, 76, 77, 78, 84], "summary": {"covered_lines": 8, "num_statements": 16, "percent_covered": 50.0, "percent_covered_display": "50", "missing_lines": 8, "excluded_lines": 0, "percent_statements_covered": 50.0, "percent_statements_covered_display": "50"}, "missing_lines": [60, 75, 79, 80, 81, 82, 83, 85], "excluded_lines": [], "start_line": 54}, "lifespan._stale_loop": {"executed_lines": [], "summary": {"covered_lines": 0, "num_statements": 10, "percent_covered": 0.0, "percent_co
[...]
"percent_statements_covered": 100.0, "percent_statements_covered_display": "100"}, "missing_lines": [], "excluded_lines": [], "start_line": 149}, "WorkOrderService._section_ids_for_work_orders": {"executed_lines": [195, 196, 197, 202, 203, 204, 205], "summary": {"covered_lines": 7, "num_statements": 7, "percent_covered": 100.0, "percent_covered_display": "100", "missing_lines": 0, "excluded_lines": 0, "percent_statements_covered": 100.0, "percent_statements_covered_display": "100"}, "missing_lines": [], "excluded_lines": [], "start_line": 192}, "WorkOrderService.get_work_order": {"executed_lines": [210, 214, 215, 216, 217, 218, 223, 224, 227, 233, 234, 235, 239], "summary": {"covered_lines": 13, "num_statements": 13, "percent_covered": 100.0, "percent_covered_display": "100", "missing_lines": 0, "excluded_lines": 0, "percent_statements_covered": 100.0, "percent_statements_covered_display": "100"}, "missing_lines": [], "excluded_lines": [], "start_line": 207}, "WorkOrderService.create": {"executed_lines": [248, 265, 266, 267, 268, 269, 270, 271, 272], "summary": {"covered_lines": 9, "num_statements": 9, "percent_covered": 100.0, "percent_covered_display": "100", "missing_lines": 0, "excluded_lines": 0, "percent_statements_covered": 100.0, "percent_statements_covered_display": "100"}, "missing_lines": [], "excluded_lines": [], "start_line": 241}, "WorkOrderService._set_sections": {"executed_lines": [285, 290, 291, 292, 293, 298], "summary": {"covered_lines": 6, "num_statements": 6, "percent_covered": 100.0, "percent_covered_display": "100", "missing_lines": 0, "excluded_lines": 0, "percent_statements_covered": 100.0, "percent_statements_covered_display": "100"}, "missing_lines": [], "excluded_lines": [], "start_line": 279}, "WorkOrderService.update": {"executed_lines": [310, 311, 312, 313, 322, 323, 324, 325, 328, 329, 330, 331, 332, 333, 334, 335, 336, 337, 338, 339, 340, 341, 342, 343, 344, 345, 346, 347, 353, 354, 355], "summary": {"covered_lines": 31, "num_statements": 34, "percent_covered": 91.17647058823529, "percent_covered_display": "91", "missing_lines": 3, "excluded_lines": 0, "percent_statements_covered": 91.17647058823529, "percent_statements_covered_display": "91"}, "missing_lines": [314, 315, 316], "excluded_lines": [], "start_line": 302}, "WorkOrderService._maybe_dispatch_status_notifications": {"executed_lines": [370, 372, 373, 374, 375, 376, 377, 379, 380, 382, 383, 385, 386, 396], "summary": {"covered_lines": 14, "num_statements": 20, "percent_covered": 70.0, "percent_covered_display": "70", "missing_lines": 6, "excluded_lines": 0, "percent_statements_covered": 70.0, "percent_statements_covered_display": "70"}, "missing_lines": [371, 378, 381, 384, 397, 398], "excluded_lines": [], "start_line": 362}, "WorkOrderService.delete": {"executed_lines": [401, 402, 403], "summary": {"covered_lines": 3, "num_statements": 3, "percent_covered": 100.0, "percent_covered_display": "100", "missing_lines": 0, "excluded_lines": 0, "percent_statements_covered": 100.0, "percent_statements_covered_display": "100"}, "missing_lines": [], "excluded_lines": [], "start_line": 400}, "WorkOrderService._get_wo": {"executed_lines": [408, 409, 410, 415], "summary": {"covered_lines": 4, "num_statements": 4, "percent_covered": 100.0, "percent_covered_display": "100", "missing_lines": 0, "excluded_lines": 0, "percent_statements_covered": 100.0, "percent_statements_covered_display": "100"}, "missing_lines": [], "excluded_lines": [], "start_line": 405}, "WorkOrderService.add_note": {"executed_lines": [425, 426, 433, 434, 435, 436], "summary": {"covered_lines": 6, "num_statements": 6, "percent_covered": 100.0, "percent_covered_display": "100", "missing_lines": 0, "excluded_lines": 0, "percent_statements_covered": 100.0, "percent_statements_covered_display": "100"}, "missing_lines": [], "excluded_lines": [], "start_line": 417}, "WorkOrderService.dismiss_stale": {"executed_lines": [445, 446, 447, 448, 449, 450, 459, 460, 461, 462, 463], "summary": {"covered_lines": 11, "num_statements": 11, "percent_covered": 100.0, "percent_covered_display": "100", "missing_lines": 0, "excluded_lines": 0, "percent_statements_covered": 100.0, "percent_statements_covered_display": "100"}, "missing_lines": [], "excluded_lines": [], "start_line": 438}, "WorkOrderService.generate_work_orders": {"executed_lines": [477, 478, 479, 484, 485, 486, 491, 492, 494, 495, 496, 497, 498, 499, 500, 501, 506, 508, 509, 510, 511, 512, 515, 517, 523, 524, 530, 531, 532, 538, 539, 540, 541, 542, 543, 544, 545, 546, 547, 548, 549, 550, 562, 563, 564, 565, 566, 567, 568, 569, 570, 575, 576, 577, 578, 579, 582, 590, 591, 593, 594, 595, 596], "summary": {"covered_lines": 63, "num_statements": 63, "percent_covered": 100.0, "percent_covered_display": "100", "missing_lines": 0, "excluded_lines": 0, "percent_statements_covered": 100.0, "percent_statements_covered_display": "100"}, "missing_lines": [], "excluded_lines": [], "start_line": 470}, "WorkOrderService.add_work_order_dependency": {"executed_lines": [613, 614, 619, 620, 621, 629], "summary": {"covered_lines": 6, "num_statements": 6, "percent_covered": 100.0, "percent_covered_display": "100", "missing_lines": 0, "excluded_lines": 0, "percent_statements_covered": 100.0, "percent_statements_covered_display": "100"}, "missing_lines": [], "excluded_lines": [], "start_line": 606}, "WorkOrderService.remove_work_order_dependency": {"executed_lines": [637, 638, 639, 649, 650, 651, 656, 657], "summary": {"covered_lines": 8, "num_statements": 8, "percent_covered": 100.0, "percent_covered_display": "100", "missing_lines": 0, "excluded_lines": 0, "percent_statements_covered": 100.0, "percent_statements_covered_display": "100"}, "missing_lines": [], "excluded_lines": [], "start_line": 631}, "WorkOrderService._truncate_for_dedupe_prompt": {"executed_lines": [660, 661, 662], "summary": {"covered_lines": 3, "num_statements": 4, "percent_covered": 75.0, "percent_covered_display": "75", "missing_lines": 1, "excluded_lines": 0, "percent_statements_covered": 75.0, "percent_statements_covered_display": "75"}, "missing_lines": [663], "excluded_lines": [], "start_line": 659}, "WorkOrderService.analyze_backlog_duplicates": {"executed_lines": [671, 672, 678, 679, 685, 686, 688, 692, 693, 694, 706], "summary": {"covered_lines": 11, "num_statements": 65, "percent_covered": 16.923076923076923, "percent_covered_display": "17", "missing_lines": 54, "excluded_lines": 0, "percent_statements_covered": 16.923076923076923, "percent_statements_covered_display": "17"}, "missing_lines": [673, 680, 696, 697, 703, 705, 707, 710, 713, 716, 721, 722, 723, 725, 731, 732, 738, 739, 740, 746, 747, 748, 749, 750, 751, 752, 753, 754, 755, 756, 757, 758, 759, 760, 761, 762, 763, 764, 765, 766, 767, 768, 769, 770, 771, 772, 773, 774, 775, 776, 777, 778, 779, 792], "excluded_lines": [], "start_line": 665}, "WorkOrderService._rewire_graph_edges_for_dedupe_merge": {"executed_lines": [800, 801], "summary": {"covered_lines": 2, "num_statements": 18, "percent_covered": 11.11111111111111, "percent_covered_display": "11", "missing_lines": 16, "excluded_lines": 0, "percent_statements_covered": 11.11111111111111, "percent_statements_covered_display": "11"}, "missing_lines": [804, 805, 807, 808, 813, 818, 819, 821, 822, 823, 825, 826, 827, 833, 834, 842], "excluded_lines": [], "start_line": 794}, "WorkOrderService._union_sections_from_archived_work_orders": {"executed_lines": [850], "summary": {"covered_lines": 1, "num_statements": 11, "percent_covered": 9.090909090909092, "percent_covered_display": "9", "missing_lines": 10, "excluded_lines": 0, "percent_statements_covered": 9.090909090909092, "percent_statements_covered_display": "9"}, "missing_lines": [859, 860, 861, 868, 869, 870, 871, 872, 875, 876], "excluded_lines": [], "start_line": 844}, "WorkOrderService.apply_backlog_dedupe_merge": {"executed_lines": [892, 893, 894, 895, 901, 902, 903], "summary": {"covered_lines": 7, "num_statements": 36, "percent_covered": 19.444444444444443, "percent_covered_display": "19", "missing_lines": 29, "excluded_lines": 0, "percent_statements_covered": 19.444444444444443, "percent_statements_covered_display": "19"}, "missing_lines": [909, 910, 911, 912, 913, 918, 920, 921, 922, 923, 926, 929, 931, 935, 936, 937, 938, 939, 940, 942, 944, 948, 949, 952, 961, 962, 964, 965, 966], "excluded_lines": [], "start_line": 885}, "": {"executed_lines": [3, 5, 6, 7, 8, 9, 11, 12, 13, 15, 16, 25, 26, 27, 40, 41, 42, 43, 44, 46, 48, 52, 53, 55, 67, 68, 69, 70, 73, 100, 101, 104, 110, 119, 149, 192, 207, 241, 279, 302, 362, 400, 405, 417, 438, 470, 606, 631, 659, 665, 794, 844, 885], "summary": {"covered_lines": 53, "num_statements": 53, "percent_covered": 100.0, "percent_covered_display": "100", "missing_lines": 0, "excluded_lines": 0, "percent_statements_covered": 100.0, "percent_statements_covered_display": "100"}, "missing_lines": [], "excluded_lines": [], "start_line": 1}}, "classes": {"_WorkOrderPatchApply": {"executed_lines": [], "summary": {"covered_lines": 0, "num_statements": 0, "percent_covered": 100.0, "percent_covered_display": "100", "missing_lines": 0, "excluded_lines": 0, "percent_statements_covered": 100.0, "percent_statements_covered_display": "100"}, "missing_lines": [], "excluded_lines": [], "start_line": 68}, "WorkOrderService": {"executed_lines": [102, 105, 106, 107, 108, 111, 112, 113, 114, 115, 116, 117, 127, 159, 160, 161, 162, 163, 164, 165, 166, 167, 168, 169, 175, 176, 177, 178, 179, 180, 181, 182, 195, 196, 197, 202, 203, 204, 205, 210, 214, 215, 216, 217, 218, 223, 224, 227, 233, 234, 235, 239, 248, 265, 266, 267, 268, 269, 270, 271, 272, 285, 290, 291, 292, 293, 298, 310, 311, 312, 313, 322, 323, 324, 325, 328, 329, 330, 331, 332, 333, 334, 335, 336, 337, 338, 339, 340, 341, 342, 343, 344, 345, 346, 347, 353, 354, 355, 370, 372, 373, 374, 375, 376, 377, 379, 380, 382, 383, 385, 386, 396, 401, 402, 403, 408, 409, 410, 415, 425, 426, 433, 434, 435, 436, 445, 446, 447, 448, 449, 450, 459, 460, 461, 462, 463, 477, 478, 479, 484, 485, 486, 491, 492, 494, 495, 496, 497, 498, 499, 500, 501, 506, 508, 509, 510, 511, 512, 515, 517, 523, 524, 530, 531, 532, 538, 539, 540, 541, 542, 543, 544, 545, 546, 547, 548, 549, 550, 562, 563, 564, 565, 566, 567, 568, 569, 570, 575, 576, 577, 578, 579, 582, 590, 591, 593, 594, 595, 596, 613, 614, 619, 620, 621, 629, 637, 638, 639, 649, 650, 651, 656, 657, 660, 661, 662, 671, 672, 678, 679, 685, 686, 688, 692, 693, 694, 706, 800, 801, 850, 892, 893, 894, 895, 901, 902, 903], "summary": {"covered_lines": 237, "num_statements": 356, "percent_covered": 66.57303370786516, "percent_covered_display": "67", "missing_lines": 119, "excluded_lines": 0, "percent_statements_covered": 66.57303370786516, "percent_statements_covered_display": "67"}, "missing_lines": [314, 315, 316, 371, 378, 381, 384, 397, 398, 663, 673, 680, 696, 697, 703, 705, 707, 710, 713, 716, 721, 722, 723, 725, 731, 732, 738, 739, 740, 746, 747, 748, 749, 750, 751, 752, 753, 754, 755, 756, 757, 758, 759, 760, 761, 762, 763, 764, 765, 766, 767, 768, 769, 770, 771, 772, 773, 774, 775, 776, 777, 778, 779, 792, 804, 805, 807, 808, 813, 818, 819, 821, 822, 823, 825, 826, 827, 833, 834, 842, 859, 860, 861, 868, 869, 870, 871, 872, 875, 876, 909, 910, 911, 912, 913, 918, 920, 921, 922, 923, 926, 929, 931, 935, 936, 937, 938, 939, 940, 942, 944, 948, 949, 952, 961, 962, 964, 965, 966], "excluded_lines": [], "start_line": 100}, "": {"executed_lines": [3, 5, 6, 7, 8, 9, 11, 12, 13, 15, 16, 25, 26, 27, 40, 41, 42, 43, 44, 46, 48, 52, 53, 55, 67, 68, 69, 70, 73, 75, 76, 77, 78, 79, 80, 81, 82, 83, 84, 85, 86, 87, 88, 89, 90, 91, 92, 93, 94, 95, 96, 97, 100, 101, 104, 110, 119, 149, 192, 207, 241, 279, 302, 362, 400, 405, 417, 438, 470, 606, 631, 659, 665, 794, 844, 885], "summary": {"covered_lines": 76, "num_statements": 76, "percent_covered": 100.0, "percent_covered_display": "100", "missing_lines": 0, "excluded_lines": 0, "percent_statements_covered": 100.0, "percent_statements_covered_display": "100"}, "missing_lines": [], "excluded_lines": [], "start_line": 1}}}, "app\\storage\\__init__.py": {"executed_lines": [3, 5], "summary": {"covered_lines": 2, "num_statements": 2, "percent_covered": 100.0, "percent_covered_display": "100", "missing_lines": 0, "excluded_lines": 0, "percent_statements_covered": 100.0, "percent_statements_covered_display": "100"}, "missing_lines": [], "excluded_lines": [], "functions": {"": {"executed_lines": [3, 5], "summary": {"covered_lines": 2, "num_statements": 2, "percent_covered": 100.0, "percent_covered_display": "100", "missing_lines": 0, "excluded_lines": 0, "percent_statements_covered": 100.0, "percent_statements_covered_display": "100"}, "missing_lines": [], "excluded_lines": [], "start_line": 1}}, "classes": {"": {"executed_lines": [3, 5], "summary": {"covered_lines": 2, "num_statements": 2, "percent_covered": 100.0, "percent_covered_display": "100", "missing_lines": 0, "excluded_lines": 0, "percent_statements_covered": 100.0, "percent_statements_covered_display": "100"}, "missing_lines": [], "excluded_lines": [], "start_line": 1}}}, "app\\storage\\minio_storage.py": {"executed_lines": [3, 5, 6, 7, 8, 10, 11, 12, 14, 17, 20, 21, 22, 24, 25, 26, 27, 28, 30, 32, 35, 36, 44, 46, 47, 48, 49, 50, 51, 53, 54, 55, 56, 58, 60, 62, 63, 64, 65, 66, 67, 68, 69, 71, 72, 73, 74, 76, 77, 78, 80, 82, 85, 86, 92, 95, 96, 97, 98, 104], "summary": {"covered_lines": 60, "num_statements": 60, "percent_covered": 100.0, "percent_covered_display": "100", "missing_lines": 0, "excluded_lines": 0, "percent_statements_covered": 100.0, "percent_statements_covered_display": "100"}, "missing_lines": [], "excluded_lines": [], "functions": {"StorageClient.__init__": {"executed_lines": [21, 22], "summary": {"covered_lines": 2, "num_statements": 2, "percent_covered": 100.0, "percent_covered_display": "100", "missing_lines": 0, "excluded_lines": 0, "percent_statements_covered": 100.0, "percent_statements_covered_display": "100"}, "missing_lines": [], "excluded_lines": [], "start_line": 20}, "StorageClient.ensure_bucket": {"executed_lines": [25, 30], "summary": {"covered_lines": 2, "num_statements": 2, "percent_covered": 100.0, "percent_covered_display": "100", "missing_lines": 0, "excluded_lines": 0, "percent_statements_covered": 100.0, "percent_statements_covered_display": "100"}, "missing_lines": [], "excluded_lines": [], "start_line": 24}, "StorageClient.ensure_bucket._run": {"executed_lines": [26, 27, 28], "summary": {"covered_lines": 3, "num_statements": 3, "percent_covered": 100.0, "percent_covered_display": "100", "missing_lines": 0, "excluded_lines": 0, "percent_statements_covered": 100.0, "percent_statements_covered_display": "100"}, "missing_lines": [], "excluded_lines": [], "start_line": 25}, "StorageClient.put_bytes": {"executed_lines": [35, 44], "summary": {"covered_lines": 2, "num_statements": 2, "percent_covered": 100.0, "percent_covered_display": "100", "missing_lines": 0, "excluded_lines": 0, "percent_statements_covered": 100.0, "percent_statements_covered_display": "100"}, "missing_lines": [], "excluded_lines": [], "start_line": 32}, "StorageClient.put_bytes._run": {"executed_lines": [36], "summary": {"covered_lines": 1, "num_statements": 1, "percent_covered": 100.0, "percent_covered_display": "100", "missing_lines": 0, "excluded_lines": 0, "percent_statements_covered": 100.0, "percent_statements_covered_display": "100"}, "missing_lines": [], "excluded_lines": [], "start_line": 35}, "StorageClient.get_bytes": {"executed_lines": [47, 58], "summary": {"covered_lines": 2, "num_statements": 2, "percent_covered": 100.0, "percent_covered_display": "100", "missing_lines": 0, "excluded_lines": 0, "percent_statements_covered": 100.0, "percent_statements_covered_display": "100"}, "missing_lines": [], "excluded_lines": [], "start_line": 46}, "StorageClient.get_bytes._run": {"executed_lines": [48, 49, 50, 51, 53, 54, 55, 56], "summary": {"covered_lines": 8, "num_statements": 8, "percent_covered": 100.0, "percent_covered_display": "100", "missing_lines": 0, "excluded_lines": 0, "percent_statements_covered": 100.0, "percent_statements_covered_display": "100"}, "missing_lines": [], "excluded_lines": [], "start_line": 47}, "StorageClient.iter_bytes": {"executed_lines": [62, 63, 64, 65, 66, 67, 68, 69, 71, 72, 73, 74], "summary": {"covered_lines": 12, "num_statements": 12, "percent_covered": 100.0, "percent_covered_display": "100", "missing_lines": 0, "excluded_lines": 0, "percent_statements_covered": 100.0, "percent_statements_covered_display": "100"}, "missing_lines": [], "excluded_lines": [], "start_line": 60}, "StorageClient.remove": {"executed_lines": [77, 80], "summary": {"covered_lines": 2, "num_statements": 2, "percent_covered": 100.0, "percent_covered_display": "100", "missing_lines": 0, "excluded_lines": 0, "percent_statements_covered": 100.0, "percent_statements_covered_display": "100"}, "missing_lines": [], "excluded_lines": [], "start_line": 76}, "StorageClient.remove._run": {"executed_lines": [78], "summary": {"covered_lines": 1, "num_statements": 1, "percent_covered": 100.0, "percent_covered_display": "100", "missing_lines": 0, "excluded_lines": 0, "percent_statements_covered": 100.0, "percent_statements_covered_display": "100"}, "missing_lines": [], "excluded_lines": [], "start_line": 77}, "StorageClient.copy_object": {"executed_lines": [85, 92], "summary": {"covered_lines": 2, "num_statements": 2, "percent_covered": 100.0, "percent_covered_display": "100", "missing_lines": 0, "excluded_lines": 0, "percent_statements_covered": 100.0, "percent_statements_covered_display": "100"}, "missing_lines": [], "excluded_lines": [], "start_line": 82}, "StorageClient.copy_object._run": {"executed_lines": [86], "summary": {"covered_lines": 1, "num_statements": 1, "percent_covered": 100.0, "percent_covered_display": "100", "missing_lines": 0, "excluded_lines": 0, "percent_statements_covered": 100.0, "percent_statements_covered_display": "100"}, "missing_lines": [], "excluded_lines": [], "start_line": 85}, "get_storage_client": {"executed_lines": [97, 98, 104], "summary": {"covered_lines": 3, "num_statements": 3, "percent_covered": 100.0, "percent_covered_display": "100", "missing_lines": 0, "excluded_lines": 0, "percent_statements_covered": 100.0, "percent_statements_covered_display": "100"}, "missing_lines": [], "excluded_lines": [], "start_line": 96}, "": {"executed_lines": [3, 5, 6, 7, 8, 10, 11, 12, 14, 17, 20, 24, 32, 46, 60, 76, 82, 95, 96], "summary": {"covered_lines": 19, "num_statements": 19, "percent_covered": 100.0, "percent_covered_display": "100", "missing_lines": 0, "excluded_lines": 0, "percent_statements_covered": 100.0, "percent_statements_covered_display": "100"}, "missing_lines": [], "excluded_lines": [], "start_line": 1}}, "classes": {"StorageClient": {"executed_lines": [21, 22, 25, 26, 27, 28, 30, 35, 36, 44, 47, 48, 49, 50, 51, 53, 54, 55, 56, 58, 62, 63, 64, 65, 66, 67, 68, 69, 71, 72, 73, 74, 77, 78, 80, 85, 86, 92], "summary": {"covered_lines": 38, "num_statements": 38, "percent_covered": 100.0, "percent_covered_display": "100", "missing_lines": 0, "excluded_lines": 0, "percent_statements_covered": 100.0, "percent_statements_covered_display": "100"}, "missing_lines": [], "excluded_lines": [], "start_line": 17}, "": {"executed_lines": [3, 5, 6, 7, 8, 10, 11, 12, 14, 17, 20, 24, 32, 46, 60, 76, 82, 95, 96, 97, 98, 104], "summary": {"covered_lines": 22, "num_statements": 22, "percent_covered": 100.0, "percent_covered_display": "100", "missing_lines": 0, "excluded_lines": 0, "percent_statements_covered": 100.0, "percent_statements_covered_display": "100"}, "missing_lines": [], "excluded_lines": [], "start_line": 1}}}}, "totals": {"covered_lines": 7782, "num_statements": 10197, "percent_covered": 76.31656369520447, "percent_covered_display": "76", "missing_lines": 2415, "excluded_lines": 0, "percent_statements_covered": 76.31656369520447, "percent_statements_covered_display": "76"}}