{"meta": {"format": 3, "version": "7.13.5", "timestamp": "2026-05-09T16:09:20.499939", "branch_coverage": false, "show_contexts": false}, "files": {"app\\services\\admin_activity_service.py": {"executed_lines": [3, 5, 6, 8, 9, 11, 14, 15, 16, 18, 28, 37, 38, 39, 41, 44], "summary": {"covered_lines": 16, "num_statements": 19, "percent_covered": 84.21052631578948, "percent_covered_display": "84", "missing_lines": 3, "excluded_lines": 0, "percent_statements_covered": 84.21052631578948, "percent_statements_covered_display": "84"}, "missing_lines": [45, 51, 52], "excluded_lines": [], "functions": {"AdminActivityService.__init__": {"executed_lines": [16], "summary": {"covered_lines": 1, "num_statements": 1, "percent_covered": 100.0, "percent_covered_display": "100", "missing_lines": 0, "excluded_lines": 0, "percent_statements_covered": 100.0, "percent_statements_covered_display": "100"}, "missing_lines": [], "excluded_lines": [], "start_line": 15}, "AdminActivityService.record": {"executed_lines": [28, 37, 38, 39], "summary": {"covered_lines": 4, "num_statements": 4, "percent_covered": 100.0, "percent_covered_display": "100", "missing_lines": 0, "excluded_lines": 0, "percent_statements_covered": 100.0, "percent_statements_covered_display": "100"}, "missing_lines": [], "excluded_lines": [], "start_line": 18}, "AdminActivityService.list_recent": {"executed_lines": [44], "summary": {"covered_lines": 1, "num_statements": 4, "percent_covered": 25.0, "percent_covered_display": "25", "missing_lines": 3, "excluded_lines": 0, "percent_statements_covered": 25.0, "percent_statements_covered_display": "25"}, "missing_lines": [45, 51, 52], "excluded_lines": [], "start_line": 41}, "": {"executed_lines": [3, 5, 6, 8, 9, 11, 14, 15, 18, 41], "summary": {"covered_lines": 10, "num_statements": 10, "percent_covered": 100.0, "percent_covered_display": "100", "missing_lines": 0, "excluded_lines": 0, "percent_statements_covered": 100.0, "percent_statements_covered_display": "100"}, "missing_lines": [], "excluded_lines": [], "start_line": 1}}, "classes": {"AdminActivityService": {"executed_lines": [16, 28, 37, 38, 39, 44], "summary": {"covered_lines": 6, "num_statements": 9, "percent_covered": 66.66666666666667, "percent_covered_display": "67", "missing_lines": 3, "excluded_lines": 0, "percent_statements_covered": 66.66666666666667, "percent_statements_covered_display": "67"}, "missing_lines": [45, 51, 52], "excluded_lines": [], "start_line": 14}, "": {"executed_lines": [3, 5, 6, 8, 9, 11, 14, 15, 18, 41], "summary": {"covered_lines": 10, "num_statements": 10, "percent_covered": 100.0, "percent_covered_display": "100", "missing_lines": 0, "excluded_lines": 0, "percent_statements_covered": 100.0, "percent_statements_covered_display": "100"}, "missing_lines": [], "excluded_lines": [], "start_line": 1}}}, "app\\services\\admin_overview_service.py": {"executed_lines": [3, 5, 7, 8, 10, 15, 20, 21, 22, 23, 26, 27, 28, 30, 31, 33, 37, 38, 39, 41, 42, 43, 44, 51, 66, 67, 68, 72], "summary": {"covered_lines": 28, "num_statements": 28, "percent_covered": 100.0, "percent_covered_display": "100", "missing_lines": 0, "excluded_lines": 0, "percent_statements_covered": 100.0, "percent_statements_covered_display": "100"}, "missing_lines": [], "excluded_lines": [], "functions": {"AdminOverviewService.__init__": {"executed_lines": [28], "summary": {"covered_lines": 1, "num_statements": 1, "percent_covered": 100.0, "percent_covered_display": "100", "missing_lines": 0, "excluded_lines": 0, "percent_statements_covered": 100.0, "percent_statements_covered_display": "100"}, "missing_lines": [], "excluded_lines": [], "start_line": 27}, "AdminOverviewService.overview": {"executed_lines": [31, 33, 37, 38, 39, 41, 42, 43, 44, 51, 66, 67, 68, 72], "summary": {"covered_lines": 14, "num_statements": 14, "percent_covered": 100.0, "percent_covered_display": "100", "missing_lines": 0, "excluded_lines": 0, "percent_statements_covered": 100.0, "percent_statements_covered_display": "100"}, "missing_lines": [], "excluded_lines": [], "start_line": 30}, "": {"executed_lines": [3, 5, 7, 8, 10, 15, 20, 21, 22, 23, 26, 27, 30], "summary": {"covered_lines": 13, "num_statements": 13, "percent_covered": 100.0, "percent_covered_display": "100", "missing_lines": 0, "excluded_lines": 0, "percent_statements_covered": 100.0, "percent_statements_covered_display": "100"}, "missing_lines": [], "excluded_lines": [], "start_line": 1}}, "classes": {"AdminOverviewService": {"executed_lines": [28, 31, 33, 37, 38, 39, 41, 42, 43, 44, 51, 66, 67, 68, 72], "summary": {"covered_lines": 15, "num_statements": 15, "percent_covered": 100.0, "percent_covered_display": "100", "missing_lines": 0, "excluded_lines": 0, "percent_statements_covered": 100.0, "percent_statements_covered_display": "100"}, "missing_lines": [], "excluded_lines": [], "start_line": 26}, "": {"executed_lines": [3, 5, 7, 8, 10, 15, 20, 21, 22, 23, 26, 27, 30], "summary": {"covered_lines": 13, "num_statements": 13, "percent_covered": 100.0, "percent_covered_display": "100", "missing_lines": 0, "excluded_lines": 0, "percent_statements_covered": 100.0, "percent_statements_covered_display": "100"}, "missing_lines": [], "excluded_lines": [], "start_line": 1}}}, "app\\services\\admin_service.py": {"executed_lines": [3, 5, 6, 8, 9, 10, 11, 12, 15, 18, 19, 21, 45, 46, 47, 48, 49, 57, 58, 60, 61, 62, 76], "summary": {"covered_lines": 23, "num_statements": 45, "percent_covered": 51.111111111111114, "percent_covered_display": "51", "missing_lines": 22, "excluded_lines": 0, "percent_statements_covered": 51.111111111111114, "percent_statements_covered_display": "51"}, "missing_lines": [27, 28, 33, 34, 35, 40, 41, 42, 43, 70, 78, 79, 80, 83, 84, 85, 90, 91, 96, 97, 102, 103], "excluded_lines": [], "functions": {"AdminService.__init__": {"executed_lines": [19], "summary": {"covered_lines": 1, "num_statements": 1, "percent_covered": 100.0, "percent_covered_display": "100", "missing_lines": 0, "excluded_lines": 0, "percent_statements_covered": 100.0, "percent_statements_covered_display": "100"}, "missing_lines": [], "excluded_lines": [], "start_line": 18}, "AdminService.set_platform_admin_status": {"executed_lines": [], "summary": {"covered_lines": 0, "num_statements": 9, "percent_covered": 0.0, "percent_covered_display": "0", "missing_lines": 9, "excluded_lines": 0, "percent_statements_covered": 0.0, "percent_statements_covered_display": "0"}, "missing_lines": [27, 28, 33, 34, 35, 40, 41, 42, 43], "excluded_lines": [], "start_line": 21}, "AdminService.test_llm": {"executed_lines": [46, 47, 48, 49, 57, 58, 60, 61, 62], "summary": {"covered_lines": 9, "num_statements": 10, "percent_covered": 90.0, "percent_covered_display": "90", "missing_lines": 1, "excluded_lines": 0, "percent_statements_covered": 90.0, "percent_statements_covered_display": "90"}, "missing_lines": [70], "excluded_lines": [], "start_line": 45}, "AdminService.test_embedding": {"executed_lines": [], "summary": {"covered_lines": 0, "num_statements": 12, "percent_covered": 0.0, "percent_covered_display": "0", "missing_lines": 12, "excluded_lines": 0, "percent_statements_covered": 0.0, "percent_statements_covered_display": "0"}, "missing_lines": [78, 79, 80, 83, 84, 85, 90, 91, 96, 97, 102, 103], "excluded_lines": [], "start_line": 76}, "": {"executed_lines": [3, 5, 6, 8, 9, 10, 11, 12, 15, 18, 21, 45, 76], "summary": {"covered_lines": 13, "num_statements": 13, "percent_covered": 100.0, "percent_covered_display": "100", "missing_lines": 0, "excluded_lines": 0, "percent_statements_covered": 100.0, "percent_statements_covered_display": "100"}, "missing_lines": [], "excluded_lines": [], "start_line": 1}}, "classes": {"AdminService": {"executed_lines": [19, 46, 47, 48, 49, 57, 58, 60, 61, 62], "summary": {"covered_lines": 10, "num_statements": 32, "percent_covered": 31.25, "percent_covered_display": "31", "missing_lines": 22, "excluded_lines": 0, "percent_statements_covered": 31.25, "percent_statements_covered_display": "31"}, "missing_lines": [27, 28, 33, 34, 35, 40, 41, 42, 43, 70, 78, 79, 80, 83, 84, 85, 90, 91, 96, 97, 102, 103], "excluded_lines": [], "start_line": 15}, "": {"executed_lines": [3, 5, 6, 8, 9, 10, 11, 12, 15, 18, 21, 45, 76], "summary": {"covered_lines": 13, "num_statements": 13, "percent_covered": 100.0, "percent_covered_display": "100", "missing_lines": 0, "excluded_lines": 0, "percent_statements_covered": 100.0, "percent_statements_covered_display": "100"}, "missing_lines": [], "excluded_lines": [], "start_line": 1}}}, "app\\services\\admin_studio_console_service.py": {"executed_lines": [3, 5, 7, 9, 10, 11, 12, 17, 18, 21, 22, 23, 25, 26, 53, 54, 55], "summary": {"covered_lines": 17, "num_statements": 25, "percent_covered": 68.0, "percent_covered_display": "68", "missing_lines": 8, "excluded_lines": 0, "percent_statements_covered": 68.0, "percent_statements_covered_display": "68"}, "missing_lines": [27, 28, 29, 30, 37, 51, 56, 57], "excluded_lines": [], "functions": {"AdminStudioConsoleService.__init__": {"executed_lines": [23], "summary": {"covered_lines": 1, "num_statements": 1, "percent_covered": 100.0, "percent_covered_display": "100", "missing_lines": 0, "excluded_lines": 0, "percent_statements_covered": 100.0, "percent_statements_covered_display": "100"}, "missing_lines": [], "excluded_lines": [], "start_line": 22}, "AdminStudioConsoleService.list_studios": {"executed_lines": [26], "summary": {"covered_lines": 1, "num_statements": 7, "percent_covered": 14.285714285714286, "percent_covered_display": "14", "missing_lines": 6, "excluded_lines": 0, "percent_statements_covered": 14.285714285714286, "percent_statements_covered_display": "14"}, "missing_lines": [27, 28, 29, 30, 37, 51], "excluded_lines": [], "start_line": 25}, "AdminStudioConsoleService.get_studio": {"executed_lines": [54, 55], "summary": {"covered_lines": 2, "num_statements": 4, "percent_covered": 50.0, "percent_covered_display": "50", "missing_lines": 2, "excluded_lines": 0, "percent_statements_covered": 50.0, "percent_statements_covered_display": "50"}, "missing_lines": [56, 57], "excluded_lines": [], "start_line": 53}, "": {"executed_lines": [3, 5, 7, 9, 10, 11, 12, 17, 18, 21, 22, 25, 53], "summary": {"covered_lines": 13, "num_statements": 13, "percent_covered": 100.0, "percent_covered_display": "100", "missing_lines": 0, "excluded_lines": 0, "percent_statements_covered": 100.0, "percent_statements_covered_display": "100"}, "missing_lines": [], "excluded_lines": [], "start_line": 1}}, "classes": {"AdminStudioConsoleService": {"executed_lines": [23, 26, 54, 55], "summary": {"covered_lines": 4, "num_statements": 12, "percent_covered": 33.333333333333336, "percent_covered_display": "33", "missing_lines": 8, "excluded_lines": 0, "percent_statements_covered": 33.333333333333336, "percent_statements_covered_display": "33"}, "missing_lines": [27, 28, 29, 30, 37, 51, 56, 57], "excluded_lines": [], "start_line": 21}, "": {"executed_lines": [3, 5, 7, 9, 10, 11, 12, 17, 18, 21, 22, 25, 53], "summary": {"covered_lines": 13, "num_statements": 13, "percent_covered": 100.0, "percent_covered_display": "100", "missing_lines": 0, "excluded_lines": 0, "percent_statements_covered": 100.0, "percent_statements_covered_display": "100"}, "missing_lines": [], "excluded_lines": [], "start_line": 1}}}, "app\\services\\admin_studio_metrics.py": {"executed_lines": [3, 5, 6, 7, 9, 10, 12, 15, 16, 23, 26, 71, 76], "summary": {"covered_lines": 13, "num_statements": 36, "percent_covered": 36.111111111111114, "percent_covered_display": "36", "missing_lines": 23, "excluded_lines": 0, "percent_statements_covered": 36.111111111111114, "percent_statements_covered_display": "36"}, "missing_lines": [27, 28, 30, 31, 32, 33, 42, 43, 44, 46, 47, 48, 55, 57, 58, 59, 66, 68, 84, 92, 93, 99, 100], "excluded_lines": [], "functions": {"month_start_utc": {"executed_lines": [16], "summary": {"covered_lines": 1, "num_statements": 1, "percent_covered": 100.0, "percent_covered_display": "100", "missing_lines": 0, "excluded_lines": 0, "percent_statements_covered": 100.0, "percent_statements_covered_display": "100"}, "missing_lines": [], "excluded_lines": [], "start_line": 15}, "load_studio_aggregate_maps": {"executed_lines": [26], "summary": {"covered_lines": 1, "num_statements": 19, "percent_covered": 5.2631578947368425, "percent_covered_display": "5", "missing_lines": 18, "excluded_lines": 0, "percent_statements_covered": 5.2631578947368425, "percent_statements_covered_display": "5"}, "missing_lines": [27, 28, 30, 31, 32, 33, 42, 43, 44, 46, 47, 48, 55, 57, 58, 59, 66, 68], "excluded_lines": [], "start_line": 23}, "metrics_for_studio": {"executed_lines": [76], "summary": {"covered_lines": 1, "num_statements": 6, "percent_covered": 16.666666666666668, "percent_covered_display": "17", "missing_lines": 5, "excluded_lines": 0, "percent_statements_covered": 16.666666666666668, "percent_statements_covered_display": "17"}, "missing_lines": [84, 92, 93, 99, 100], "excluded_lines": [], "start_line": 71}, "": {"executed_lines": [3, 5, 6, 7, 9, 10, 12, 15, 23, 71], "summary": {"covered_lines": 10, "num_statements": 10, "percent_covered": 100.0, "percent_covered_display": "100", "missing_lines": 0, "excluded_lines": 0, "percent_statements_covered": 100.0, "percent_statements_covered_display": "100"}, "missing_lines": [], "excluded_lines": [], "start_line": 1}}, "classes": {"": {"executed_lines": [3, 5, 6, 7, 9, 10, 12, 15, 16, 23, 26, 71, 76], "summary": {"covered_lines": 13, "num_statements": 36, "percent_covered": 36.111111111111114, "percent_covered_display": "36", "missing_lines": 23, "excluded_lines": 0, "percent_statements_covered": 36.111111111111114, "percent_statements_covered_display": "36"}, "missing_lines": [27, 28, 30, 31, 32, 33, 42, 43, 44, 46, 47, 48, 55, 57, 58, 59, 66, 68, 84, 92, 93, 99, 100], "excluded_lines": [], "start_line": 1}}}, "app\\services\\admin_user_directory_service.py": {"executed_lines": [3, 5, 7, 8, 10, 11, 14, 15, 16, 18, 19, 25], "summary": {"covered_lines": 12, "num_statements": 18, "percent_covered": 66.66666666666667, "percent_covered_display": "67", "missing_lines": 6, "excluded_lines": 0, "percent_statements_covered": 66.66666666666667, "percent_statements_covered_display": "67"}, "missing_lines": [26, 27, 28, 38, 46, 56], "excluded_lines": [], "functions": {"AdminUserDirectoryService.__init__": {"executed_lines": [16], "summary": {"covered_lines": 1, "num_statements": 1, "percent_covered": 100.0, "percent_covered_display": "100", "missing_lines": 0, "excluded_lines": 0, "percent_statements_covered": 100.0, "percent_statements_covered_display": "100"}, "missing_lines": [], "excluded_lines": [], "start_line": 15}, "AdminUserDirectoryService.list_users": {"executed_lines": [19, 25], "summary": {"covered_lines": 2, "num_statements": 8, "percent_covered": 25.0, "percent_covered_display": "25", "missing_lines": 6, "excluded_lines": 0, "percent_statements_covered": 25.0, "percent_statements_covered_display": "25"}, "missing_lines": [26, 27, 28, 38, 46, 56], "excluded_lines": [], "start_line": 18}, "": {"executed_lines": [3, 5, 7, 8, 10, 11, 14, 15, 18], "summary": {"covered_lines": 9, "num_statements": 9, "percent_covered": 100.0, "percent_covered_display": "100", "missing_lines": 0, "excluded_lines": 0, "percent_statements_covered": 100.0, "percent_statements_covered_display": "100"}, "missing_lines": [], "excluded_lines": [], "start_line": 1}}, "classes": {"AdminUserDirectoryService": {"executed_lines": [16, 19, 25], "summary": {"covered_lines": 3, "num_statements": 9, "percent_covered": 33.333333333333336, "percent_covered_display": "33", "missing_lines": 6, "excluded_lines": 0, "percent_statements_covered": 33.333333333333336, "percent_statements_covered_display": "33"}, "missing_lines": [26, 27, 28, 38, 46, 56], "excluded_lines": [], "start_line": 14}, "": {"executed_lines": [3, 5, 7, 8, 10, 11, 14, 15, 18], "summary": {"covered_lines": 9, "num_statements": 9, "percent_covered": 100.0, "percent_covered_display": "100", "missing_lines": 0, "excluded_lines": 0, "percent_statements_covered": 100.0, "percent_statements_covered_display": "100"}, "missing_lines": [], "excluded_lines": [], "start_line": 1}}}, "app\\services\\artifact_chunking.py": {"executed_lines": [10, 12, 13, 15, 16, 18, 25, 27, 28, 29, 30, 31, 32, 33, 38, 41, 43, 44, 45, 46, 47, 53, 54, 55, 56, 57, 58, 59, 60], "summary": {"covered_lines": 29, "num_statements": 30, "percent_covered": 96.66666666666667, "percent_covered_display": "97", "missing_lines": 1, "excluded_lines": 0, "percent_statements_covered": 96.66666666666667, "percent_statements_covered_display": "97"}, "missing_lines": [61], "excluded_lines": [], "functions": {"validate_chunking_strategy": {"executed_lines": [27, 28, 29, 30, 31, 32, 33, 38], "summary": {"covered_lines": 8, "num_statements": 8, "percent_covered": 100.0, "percent_covered_display": "100", "missing_lines": 0, "excluded_lines": 0, "percent_statements_covered": 100.0, "percent_statements_covered_display": "100"}, "missing_lines": [], "excluded_lines": [], "start_line": 25}, "chunk_artifact_text": {"executed_lines": [43, 44, 45, 46, 47, 53, 54, 55, 56, 57, 58, 59, 60], "summary": {"covered_lines": 13, "num_statements": 14, "percent_covered": 92.85714285714286, "percent_covered_display": "93", "missing_lines": 1, "excluded_lines": 0, "percent_statements_covered": 92.85714285714286, "percent_statements_covered_display": "93"}, "missing_lines": [61], "excluded_lines": [], "start_line": 41}, "": {"executed_lines": [10, 12, 13, 15, 16, 18, 25, 41], "summary": {"covered_lines": 8, "num_statements": 8, "percent_covered": 100.0, "percent_covered_display": "100", "missing_lines": 0, "excluded_lines": 0, "percent_statements_covered": 100.0, "percent_statements_covered_display": "100"}, "missing_lines": [], "excluded_lines": [], "start_line": 1}}, "classes": {"": {"executed_lines": [10, 12, 13, 15, 16, 18, 25, 27, 28, 29, 30, 31, 32, 33, 38, 41, 43, 44, 45, 46, 47, 53, 54, 55, 56, 57, 58, 59, 60], "summary": {"covered_lines": 29, "num_statements": 30, "percent_covered": 96.66666666666667, "percent_covered_display": "97", "missing_lines": 1, "excluded_lines": 0, "percent_statements_covered": 96.66666666666667, "percent_statements_covered_display": "97"}, "missing_lines": [61], "excluded_lines": [], "start_line": 1}}}, "app\\services\\artifact_exclusion_service.py": {"executed_lines": [3, 5, 7, 8, 10, 11, 20, 21, 22, 24, 25, 34, 35, 36, 37, 44, 45, 46, 53, 62, 63, 64, 69, 71, 77, 78, 79, 80, 87, 88, 89, 90, 91, 92, 94, 104, 105, 111, 112, 113, 118, 120, 126, 127, 128, 129, 136, 137], "summary": {"covered_lines": 48, "num_statements": 54, "percent_covered": 88.88888888888889, "percent_covered_display": "89", "missing_lines": 6, "excluded_lines": 0, "percent_statements_covered": 88.88888888888889, "percent_statements_covered_display": "89"}, "missing_lines": [51, 106, 138, 139, 140, 141], "excluded_lines": [], "functions": {"ArtifactExclusionService.__init__": {"executed_lines": [22], "summary": {"covered_lines": 1, "num_statements": 1, "percent_covered": 100.0, "percent_covered_display": "100", "missing_lines": 0, "excluded_lines": 0, "percent_statements_covered": 100.0, "percent_statements_covered_display": "100"}, "missing_lines": [], "excluded_lines": [], "start_line": 21}, "ArtifactExclusionService._artifact_under_software": {"executed_lines": [25, 34, 35, 36, 37, 44, 45, 46], "summary": {"covered_lines": 8, "num_statements": 9, "percent_covered": 88.88888888888889, "percent_covered_display": "89", "missing_lines": 1, "excluded_lines": 0, "percent_statements_covered": 88.88888888888889, "percent_statements_covered_display": "89"}, "missing_lines": [51], "excluded_lines": [], "start_line": 24}, "ArtifactExclusionService.set_software_exclusion": {"executed_lines": [62, 63, 64, 69, 71, 77, 78, 79, 80, 87, 88, 89, 90, 91, 92], "summary": {"covered_lines": 15, "num_statements": 15, "percent_covered": 100.0, "percent_covered_display": "100", "missing_lines": 0, "excluded_lines": 0, "percent_statements_covered": 100.0, "percent_statements_covered_display": "100"}, "missing_lines": [], "excluded_lines": [], "start_line": 53}, "ArtifactExclusionService.set_project_exclusion": {"executed_lines": [104, 105, 111, 112, 113, 118, 120, 126, 127, 128, 129, 136, 137], "summary": {"covered_lines": 13, "num_statements": 18, "percent_covered": 72.22222222222223, "percent_covered_display": "72", "missing_lines": 5, "excluded_lines": 0, "percent_statements_covered": 72.22222222222223, "percent_statements_covered_display": "72"}, "missing_lines": [106, 138, 139, 140, 141], "excluded_lines": [], "start_line": 94}, "": {"executed_lines": [3, 5, 7, 8, 10, 11, 20, 21, 24, 53, 94], "summary": {"covered_lines": 11, "num_statements": 11, "percent_covered": 100.0, "percent_covered_display": "100", "missing_lines": 0, "excluded_lines": 0, "percent_statements_covered": 100.0, "percent_statements_covered_display": "100"}, "missing_lines": [], "excluded_lines": [], "start_line": 1}}, "classes": {"ArtifactExclusionService": {"executed_lines": [22, 25, 34, 35, 36, 37, 44, 45, 46, 62, 63, 64, 69, 71, 77, 78, 79, 80, 87, 88, 89, 90, 91, 92, 104, 105, 111, 112, 113, 118, 120, 126, 127, 128, 129, 136, 137], "summary": {"covered_lines": 37, "num_statements": 43, "percent_covered": 86.04651162790698, "percent_covered_display": "86", "missing_lines": 6, "excluded_lines": 0, "percent_statements_covered": 86.04651162790698, "percent_statements_covered_display": "86"}, "missing_lines": [51, 106, 138, 139, 140, 141], "excluded_lines": [], "start_line": 20}, "": {"executed_lines": [3, 5, 7, 8, 10, 11, 20, 21, 24, 53, 94], "summary": {"covered_lines": 11, "num_statements": 11, "percent_covered": 100.0, "percent_covered_display": "100", "missing_lines": 0, "excluded_lines": 0, "percent_statements_covered": 100.0, "percent_statements_covered_display": "100"}, "missing_lines": [], "excluded_lines": [], "start_line": 1}}}, "app\\services\\artifact_service.py": {"executed_lines": [3, 5, 6, 7, 9, 10, 12, 13, 14, 18, 25, 26, 32, 33, 36, 37, 38, 44, 45, 51, 54, 55, 56, 57, 58, 59, 61, 62, 63, 66, 67, 76, 77, 78, 80, 81, 83, 89, 90, 91, 107, 108, 109, 129, 131, 132, 133, 139, 140, 141, 147, 155, 161, 162, 168, 169, 175, 177, 178, 179, 180, 181, 182, 183, 185, 186, 188, 190, 202, 219, 220, 221, 227, 228, 231, 238, 240, 249, 250, 251, 253, 255, 256, 257, 258, 260, 272, 273, 276, 285, 286, 288, 290, 291, 292, 293, 295, 307, 308, 311, 320, 321, 328, 329, 331, 333, 334, 335, 336, 338, 350, 351, 354, 362, 363, 364, 366, 367, 368, 376, 377, 378, 379, 381, 393, 394, 397, 405, 406, 408, 409, 410, 418, 419, 420, 421, 423, 435, 436, 439, 447, 448, 455, 456, 458, 459, 460, 468, 469, 470, 471, 473, 485, 486, 489, 490, 500, 501, 502, 503, 506, 512, 513, 514, 517, 543, 547, 548, 569, 575, 577, 622, 625, 628, 639, 640, 642, 678, 681, 683, 685, 714, 721, 741, 753, 754, 763, 766, 767, 773, 774, 786, 795, 797, 798, 805, 807, 808, 810, 817, 818, 824, 830, 948, 953, 954, 960, 961, 964, 967], "summary": {"covered_lines": 210, "num_statements": 383, "percent_covered": 54.83028720626632, "percent_covered_display": "55", "missing_lines": 173, "excluded_lines": 0, "percent_statements_covered": 54.83028720626632, "percent_statements_covered_display": "55"}, "missing_lines": [39, 46, 60, 97, 98, 99, 100, 134, 142, 148, 149, 154, 156, 163, 170, 184, 187, 197, 198, 208, 209, 210, 215, 222, 229, 232, 233, 274, 309, 322, 352, 369, 370, 395, 411, 412, 437, 449, 461, 462, 487, 498, 504, 541, 564, 565, 566, 567, 582, 583, 601, 604, 623, 637, 643, 663, 668, 669, 670, 671, 679, 684, 686, 687, 688, 696, 707, 722, 723, 724, 725, 726, 727, 728, 729, 730, 731, 738, 739, 742, 743, 744, 745, 746, 747, 748, 749, 750, 751, 755, 756, 761, 768, 782, 783, 784, 799, 811, 812, 819, 825, 831, 832, 837, 838, 843, 845, 846, 851, 852, 853, 858, 859, 860, 865, 867, 868, 869, 870, 875, 876, 877, 881, 882, 883, 885, 886, 887, 888, 889, 890, 892, 893, 895, 896, 897, 899, 900, 901, 902, 903, 909, 910, 911, 912, 913, 914, 915, 916, 917, 918, 919, 921, 922, 923, 924, 925, 927, 929, 934, 939, 941, 942, 943, 944, 946, 955, 962, 968, 969, 977, 978, 979], "excluded_lines": [], "functions": {"_studio_id_for_project": {"executed_lines": [37, 38, 44, 45, 51], "summary": {"covered_lines": 5, "num_statements": 7, "percent_covered": 71.42857142857143, "percent_covered_display": "71", "missing_lines": 2, "excluded_lines": 0, "percent_statements_covered": 71.42857142857143, "percent_statements_covered_display": "71"}, "missing_lines": [39, 46], "excluded_lines": [], "start_line": 36}, "_safe_filename": {"executed_lines": [55, 56, 57, 58, 59, 61, 62, 63], "summary": {"covered_lines": 8, "num_statements": 9, "percent_covered": 88.88888888888889, "percent_covered_display": "89", "missing_lines": 1, "excluded_lines": 0, "percent_statements_covered": 88.88888888888889, "percent_statements_covered_display": "89"}, "missing_lines": [60], "excluded_lines": [], "start_line": 54}, "_embedding_row_fields": {"executed_lines": [67], "summary": {"covered_lines": 1, "num_statements": 1, "percent_covered": 100.0, "percent_covered_display": "100", "missing_lines": 0, "excluded_lines": 0, "percent_statements_covered": 100.0, "percent_statements_covered_display": "100"}, "missing_lines": [], "excluded_lines": [], "start_line": 66}, "ArtifactService.__init__": {"executed_lines": [78], "summary": {"covered_lines": 1, "num_statements": 1, "percent_covered": 100.0, "percent_covered_display": "100", "missing_lines": 0, "excluded_lines": 0, "percent_statements_covered": 100.0, "percent_statements_covered_display": "100"}, "missing_lines": [], "excluded_lines": [], "start_line": 77}, "ArtifactService.get_by_id": {"executed_lines": [81], "summary": {"covered_lines": 1, "num_statements": 1, "percent_covered": 100.0, "percent_covered_display": "100", "missing_lines": 0, "excluded_lines": 0, "percent_statements_covered": 100.0, "percent_statements_covered_display": "100"}, "missing_lines": [], "excluded_lines": [], "start_line": 80}, "ArtifactService.build_artifact_detail": {"executed_lines": [89, 90, 91, 107, 108, 109], "summary": {"covered_lines": 6, "num_statements": 10, "percent_covered": 60.0, "percent_covered_display": "60", "missing_lines": 4, "excluded_lines": 0, "percent_statements_covered": 60.0, "percent_statements_covered_display": "60"}, "missing_lines": [97, 98, 99, 100], "excluded_lines": [], "start_line": 83}, "ArtifactService.resolve_context_studio_id": {"executed_lines": [131, 132, 133, 139, 140, 141, 147, 155, 161, 162, 168, 169, 175], "summary": {"covered_lines": 13, "num_statements": 21, "percent_covered": 61.904761904761905, "percent_covered_display": "62", "missing_lines": 8, "excluded_lines": 0, "percent_statements_covered": 61.904761904761905, "percent_statements_covered_display": "62"}, "missing_lines": [134, 142, 148, 149, 154, 156, 163, 170], "excluded_lines": [], "start_line": 129}, "ArtifactService.resolve_context_software_id": {"executed_lines": [178, 179, 180, 181, 182, 183, 185, 186, 188], "summary": {"covered_lines": 9, "num_statements": 11, "percent_covered": 81.81818181818181, "percent_covered_display": "82", "missing_lines": 2, "excluded_lines": 0, "percent_statements_covered": 81.81818181818181, "percent_statements_covered_display": "82"}, "missing_lines": [184, 187], "excluded_lines": [], "start_line": 177}, "ArtifactService.get_artifact_detail_for_project": {"executed_lines": [], "summary": {"covered_lines": 0, "num_statements": 2, "percent_covered": 0.0, "percent_covered_display": "0", "missing_lines": 2, "excluded_lines": 0, "percent_statements_covered": 0.0, "percent_statements_covered_display": "0"}, "missing_lines": [197, 198], "excluded_lines": [], "start_line": 190}, "ArtifactService.get_artifact_detail_by_id": {"executed_lines": [], "summary": {"covered_lines": 0, "num_statements": 4, "percent_covered": 0.0, "percent_covered_display": "0", "missing_lines": 4, "excluded_lines": 0, "percent_statements_covered": 0.0, "percent_statements_covered_display": "0"}, "missing_lines": [208, 209, 210, 215], "excluded_lines": [], "start_line": 202}, "ArtifactService._validate_upload_bytes": {"executed_lines": [220, 221, 227, 228, 231, 238], "summary": {"covered_lines": 6, "num_statements": 10, "percent_covered": 60.0, "percent_covered_display": "60", "missing_lines": 4, "excluded_lines": 0, "percent_statements_covered": 60.0, "percent_statements_covered_display": "60"}, "missing_lines": [222, 229, 232, 233], "excluded_lines": [], "start_line": 219}, "ArtifactService.create_upload": {"executed_lines": [249, 250, 251, 253, 255, 256, 257, 258, 260, 272, 273], "summary": {"covered_lines": 11, "num_statements": 12, "percent_covered": 91.66666666666667, "percent_covered_display": "92", "missing_lines": 1, "excluded_lines": 0, "percent_statements_covered": 91.66666666666667, "percent_statements_covered_display": "92"}, "missing_lines": [274], "excluded_lines": [], "start_line": 240}, "ArtifactService.create_upload_for_studio": {"executed_lines": [285, 286, 288, 290, 291, 292, 293, 295, 307, 308], "summary": {"covered_lines": 10, "num_statements": 11, "percent_covered": 90.9090909090909, "percent_covered_display": "91", "missing_lines": 1, "excluded_lines": 0, "percent_statements_covered": 90.9090909090909, "percent_statements_covered_display": "91"}, "missing_lines": [309], "excluded_lines": [], "start_line": 276}, "ArtifactService.create_upload_for_software": {"executed_lines": [320, 321, 328, 329, 331, 333, 334, 335, 336, 338, 350, 351], "summary": {"covered_lines": 12, "num_statements": 14, "percent_covered": 85.71428571428571, "percent_covered_display": "86", "missing_lines": 2, "excluded_lines": 0, "percent_statements_covered": 85.71428571428571, "percent_statements_covered_display": "86"}, "missing_lines": [322, 352], "excluded_lines": [], "start_line": 311}, "ArtifactService.create_markdown": {"executed_lines": [362, 363, 364, 366, 367, 368, 376, 377, 378, 379, 381, 393, 394], "summary": {"covered_lines": 13, "num_statements": 16, "percent_covered": 81.25, "percent_covered_display": "81", "missing_lines": 3, "excluded_lines": 0, "percent_statements_covered": 81.25, "percent_statements_covered_display": "81"}, "missing_lines": [369, 370, 395], "excluded_lines": [], "start_line": 354}, "ArtifactService.create_markdown_for_studio": {"executed_lines": [405, 406, 408, 409, 410, 418, 419, 420, 421, 423, 435, 436], "summary": {"covered_lines": 12, "num_statements": 15, "percent_covered": 80.0, "percent_covered_display": "80", "missing_lines": 3, "excluded_lines": 0, "percent_statements_covered": 80.0, "percent_statements_covered_display": "80"}, "missing_lines": [411, 412, 437], "excluded_lines": [], "start_line": 397}, "ArtifactService.create_markdown_for_software": {"executed_lines": [447, 448, 455, 456, 458, 459, 460, 468, 469, 470, 471, 473, 485, 486], "summary": {"covered_lines": 14, "num_statements": 18, "percent_covered": 77.77777777777777, "percent_covered_display": "78", "missing_lines": 4, "excluded_lines": 0, "percent_statements_covered": 77.77777777777777, "percent_statements_covered_display": "78"}, "missing_lines": [449, 461, 462, 487], "excluded_lines": [], "start_line": 439}, "ArtifactService.list_artifacts": {"executed_lines": [490], "summary": {"covered_lines": 1, "num_statements": 2, "percent_covered": 50.0, "percent_covered_display": "50", "missing_lines": 1, "excluded_lines": 0, "percent_statements_covered": 50.0, "percent_statements_covered_display": "50"}, "missing_lines": [498], "excluded_lines": [], "start_line": 489}, "ArtifactService._row_scope_level": {"executed_lines": [501, 502, 503], "summary": {"covered_lines": 3, "num_statements": 4, "percent_covered": 75.0, "percent_covered_display": "75", "missing_lines": 1, "excluded_lines": 0, "percent_statements_covered": 75.0, "percent_statements_covered_display": "75"}, "missing_lines": [504], "excluded_lines": [], "start_line": 500}, "ArtifactService._list_project_scoped_rows_for_software": {"executed_lines": [512, 513, 514, 517], "summary": {"covered_lines": 4, "num_statements": 5, "percent_covered": 80.0, "percent_covered_display": "80", "missing_lines": 1, "excluded_lines": 0, "percent_statements_covered": 80.0, "percent_statements_covered_display": "80"}, "missing_lines": [541], "excluded_lines": [], "start_line": 506}, "ArtifactService._list_software_scoped_rows_for_software": {"executed_lines": [547, 548], "summary": {"covered_lines": 2, "num_statements": 6, "percent_covered": 33.333333333333336, "percent_covered_display": "33", "missing_lines": 4, "excluded_lines": 0, "percent_statements_covered": 33.333333333333336, "percent_statements_covered_display": "33"}, "missing_lines": [564, 565, 566, 567], "excluded_lines": [], "start_line": 543}, "ArtifactService.list_artifacts_for_software": {"executed_lines": [575, 577, 622], "summary": {"covered_lines": 3, "num_statements": 8, "percent_covered": 37.5, "percent_covered_display": "38", "missing_lines": 5, "excluded_lines": 0, "percent_statements_covered": 37.5, "percent_statements_covered_display": "38"}, "missing_lines": [582, 583, 601, 604, 623], "excluded_lines": [], "start_line": 569}, "ArtifactService._list_studio_scoped_rows": {"executed_lines": [628], "summary": {"covered_lines": 1, "num_statements": 2, "percent_covered": 50.0, "percent_covered_display": "50", "missing_lines": 1, "excluded_lines": 0, "percent_statements_covered": 50.0, "percent_statements_covered_display": "50"}, "missing_lines": [637], "excluded_lines": [], "start_line": 625}, "ArtifactService.list_artifacts_for_studio": {"executed_lines": [640, 642, 678], "summary": {"covered_lines": 3, "num_statements": 10, "percent_covered": 30.0, "percent_covered_display": "30", "missing_lines": 7, "excluded_lines": 0, "percent_statements_covered": 30.0, "percent_statements_covered_display": "30"}, "missing_lines": [643, 663, 668, 669, 670, 671, 679], "excluded_lines": [], "start_line": 639}, "ArtifactService.library_embedding_stats": {"executed_lines": [683, 685], "summary": {"covered_lines": 2, "num_statements": 8, "percent_covered": 25.0, "percent_covered_display": "25", "missing_lines": 6, "excluded_lines": 0, "percent_statements_covered": 25.0, "percent_statements_covered_display": "25"}, "missing_lines": [684, 686, 687, 688, 696, 707], "excluded_lines": [], "start_line": 681}, "ArtifactService.list_artifact_library_for_studio": {"executed_lines": [721, 741], "summary": {"covered_lines": 2, "num_statements": 24, "percent_covered": 8.333333333333334, "percent_covered_display": "8", "missing_lines": 22, "excluded_lines": 0, "percent_statements_covered": 8.333333333333334, "percent_statements_covered_display": "8"}, "missing_lines": [722, 723, 724, 725, 726, 727, 728, 729, 730, 731, 738, 739, 742, 743, 744, 745, 746, 747, 748, 749, 750, 751], "excluded_lines": [], "start_line": 714}, "ArtifactService.get_in_project": {"executed_lines": [754], "summary": {"covered_lines": 1, "num_statements": 4, "percent_covered": 25.0, "percent_covered_display": "25", "missing_lines": 3, "excluded_lines": 0, "percent_statements_covered": 25.0, "percent_statements_covered_display": "25"}, "missing_lines": [755, 756, 761], "excluded_lines": [], "start_line": 753}, "ArtifactService.delete_by_id": {"executed_lines": [766, 767, 773, 774], "summary": {"covered_lines": 4, "num_statements": 8, "percent_covered": 50.0, "percent_covered_display": "50", "missing_lines": 4, "excluded_lines": 0, "percent_statements_covered": 50.0, "percent_statements_covered_display": "50"}, "missing_lines": [768, 782, 783, 784], "excluded_lines": [], "start_line": 763}, "ArtifactService.change_artifact_scope": {"executed_lines": [795, 797, 798, 805, 807, 808, 810, 817, 818, 824, 830], "summary": {"covered_lines": 11, "num_statements": 81, "percent_covered": 13.580246913580247, "percent_covered_display": "14", "missing_lines": 70, "excluded_lines": 0, "percent_statements_covered": 13.580246913580247, "percent_statements_covered_display": "14"}, "missing_lines": [799, 811, 812, 819, 825, 831, 832, 837, 838, 843, 845, 846, 851, 852, 853, 858, 859, 860, 865, 867, 868, 869, 870, 875, 876, 877, 881, 882, 883, 885, 886, 887, 888, 889, 890, 892, 893, 895, 896, 897, 899, 900, 901, 902, 903, 909, 910, 911, 912, 913, 914, 915, 916, 917, 918, 919, 921, 922, 923, 924, 925, 927, 929, 934, 939, 941, 942, 943, 944, 946], "excluded_lines": [], "start_line": 786}, "ArtifactService.set_chunking_strategy": {"executed_lines": [953, 954, 960, 961], "summary": {"covered_lines": 4, "num_statements": 6, "percent_covered": 66.66666666666667, "percent_covered_display": "67", "missing_lines": 2, "excluded_lines": 0, "percent_statements_covered": 66.66666666666667, "percent_statements_covered_display": "67"}, "missing_lines": [955, 962], "excluded_lines": [], "start_line": 948}, "ArtifactService.delete": {"executed_lines": [967], "summary": {"covered_lines": 1, "num_statements": 6, "percent_covered": 16.666666666666668, "percent_covered_display": "17", "missing_lines": 5, "excluded_lines": 0, "percent_statements_covered": 16.666666666666668, "percent_statements_covered_display": "17"}, "missing_lines": [968, 969, 977, 978, 979], "excluded_lines": [], "start_line": 964}, "": {"executed_lines": [3, 5, 6, 7, 9, 10, 12, 13, 14, 18, 25, 26, 32, 33, 36, 54, 66, 76, 77, 80, 83, 129, 177, 190, 202, 219, 240, 276, 311, 354, 397, 439, 489, 500, 506, 543, 569, 625, 639, 681, 714, 753, 763, 786, 948, 964], "summary": {"covered_lines": 46, "num_statements": 46, "percent_covered": 100.0, "percent_covered_display": "100", "missing_lines": 0, "excluded_lines": 0, "percent_statements_covered": 100.0, "percent_statements_covered_display": "100"}, "missing_lines": [], "excluded_lines": [], "start_line": 1}}, "classes": {"ArtifactService": {"executed_lines": [78, 81, 89, 90, 91, 107, 108, 109, 131, 132, 133, 139, 140, 141, 147, 155, 161, 162, 168, 169, 175, 178, 179, 180, 181, 182, 183, 185, 186, 188, 220, 221, 227, 228, 231, 238, 249, 250, 251, 253, 255, 256, 257, 258, 260, 272, 273, 285, 286, 288, 290, 291, 292, 293, 295, 307, 308, 320, 321, 328, 329, 331, 333, 334, 335, 336, 338, 350, 351, 362, 363, 364, 366, 367, 368, 376, 377, 378, 379, 381, 393, 394, 405, 406, 408, 409, 410, 418, 419, 420, 421, 423, 435, 436, 447, 448, 455, 456, 458, 459, 460, 468, 469, 470, 471, 473, 485, 486, 490, 501, 502, 503, 512, 513, 514, 517, 547, 548, 575, 577, 622, 628, 640, 642, 678, 683, 685, 721, 741, 754, 766, 767, 773, 774, 795, 797, 798, 805, 807, 808, 810, 817, 818, 824, 830, 953, 954, 960, 961, 967], "summary": {"covered_lines": 150, "num_statements": 320, "percent_covered": 46.875, "percent_covered_display": "47", "missing_lines": 170, "excluded_lines": 0, "percent_statements_covered": 46.875, "percent_statements_covered_display": "47"}, "missing_lines": [97, 98, 99, 100, 134, 142, 148, 149, 154, 156, 163, 170, 184, 187, 197, 198, 208, 209, 210, 215, 222, 229, 232, 233, 274, 309, 322, 352, 369, 370, 395, 411, 412, 437, 449, 461, 462, 487, 498, 504, 541, 564, 565, 566, 567, 582, 583, 601, 604, 623, 637, 643, 663, 668, 669, 670, 671, 679, 684, 686, 687, 688, 696, 707, 722, 723, 724, 725, 726, 727, 728, 729, 730, 731, 738, 739, 742, 743, 744, 745, 746, 747, 748, 749, 750, 751, 755, 756, 761, 768, 782, 783, 784, 799, 811, 812, 819, 825, 831, 832, 837, 838, 843, 845, 846, 851, 852, 853, 858, 859, 860, 865, 867, 868, 869, 870, 875, 876, 877, 881, 882, 883, 885, 886, 887, 888, 889, 890, 892, 893, 895, 896, 897, 899, 900, 901, 902, 903, 909, 910, 911, 912, 913, 914, 915, 916, 917, 918, 919, 921, 922, 923, 924, 925, 927, 929, 934, 939, 941, 942, 943, 944, 946, 955, 962, 968, 969, 977, 978, 979], "excluded_lines": [], "start_line": 76}, "": {"executed_lines": [3, 5, 6, 7, 9, 10, 12, 13, 14, 18, 25, 26, 32, 33, 36, 37, 38, 44, 45, 51, 54, 55, 56, 57, 58, 59, 61, 62, 63, 66, 67, 76, 77, 80, 83, 129, 177, 190, 202, 219, 240, 276, 311, 354, 397, 439, 489, 500, 506, 543, 569, 625, 639, 681, 714, 753, 763, 786, 948, 964], "summary": {"covered_lines": 60, "num_statements": 63, "percent_covered": 95.23809523809524, "percent_covered_display": "95", "missing_lines": 3, "excluded_lines": 0, "percent_statements_covered": 95.23809523809524, "percent_statements_covered_display": "95"}, "missing_lines": [39, 46, 60], "excluded_lines": [], "start_line": 1}}}, "app\\services\\attention_service.py": {"executed_lines": [3, 5, 6, 8, 9, 11, 12, 13, 14, 24, 25, 28, 29, 30, 33, 34, 35, 37, 44, 45, 46, 51, 52, 53, 58, 59, 61, 224, 228, 246, 253, 254, 260, 261, 286, 303, 304, 305, 306], "summary": {"covered_lines": 39, "num_statements": 113, "percent_covered": 34.51327433628319, "percent_covered_display": "35", "missing_lines": 74, "excluded_lines": 0, "percent_statements_covered": 34.51327433628319, "percent_statements_covered_display": "35"}, "missing_lines": [64, 66, 70, 71, 77, 78, 80, 81, 82, 83, 84, 85, 87, 98, 99, 112, 114, 115, 116, 118, 120, 122, 123, 124, 129, 130, 131, 132, 133, 135, 136, 138, 139, 140, 142, 161, 162, 163, 164, 167, 183, 184, 185, 186, 191, 192, 194, 195, 196, 197, 198, 199, 200, 201, 202, 203, 204, 205, 225, 227, 230, 238, 255, 268, 269, 270, 275, 276, 283, 285, 288, 295, 296, 307], "excluded_lines": [], "functions": {"_slug_file": {"executed_lines": [29, 30], "summary": {"covered_lines": 2, "num_statements": 2, "percent_covered": 100.0, "percent_covered_display": "100", "missing_lines": 0, "excluded_lines": 0, "percent_statements_covered": 100.0, "percent_statements_covered_display": "100"}, "missing_lines": [], "excluded_lines": [], "start_line": 28}, "AttentionService.__init__": {"executed_lines": [35], "summary": {"covered_lines": 1, "num_statements": 1, "percent_covered": 100.0, "percent_covered_display": "100", "missing_lines": 0, "excluded_lines": 0, "percent_statements_covered": 100.0, "percent_statements_covered_display": "100"}, "missing_lines": [], "excluded_lines": [], "start_line": 34}, "AttentionService.list_project_attention": {"executed_lines": [44, 45, 46, 51, 52, 53, 58, 59, 61, 224], "summary": {"covered_lines": 10, "num_statements": 72, "percent_covered": 13.88888888888889, "percent_covered_display": "14", "missing_lines": 62, "excluded_lines": 0, "percent_statements_covered": 13.88888888888889, "percent_statements_covered_display": "14"}, "missing_lines": [64, 66, 70, 71, 77, 78, 80, 81, 82, 83, 84, 85, 87, 98, 99, 112, 114, 115, 116, 118, 120, 122, 123, 124, 129, 130, 131, 132, 133, 135, 136, 138, 139, 140, 142, 161, 162, 163, 164, 167, 183, 184, 185, 186, 191, 192, 194, 195, 196, 197, 198, 199, 200, 201, 202, 203, 204, 205, 225, 227, 230, 238], "excluded_lines": [], "start_line": 37}, "AttentionService.list_project_attention.count_kind": {"executed_lines": [228], "summary": {"covered_lines": 1, "num_statements": 1, "percent_covered": 100.0, "percent_covered_display": "100", "missing_lines": 0, "excluded_lines": 0, "percent_statements_covered": 100.0, "percent_statements_covered_display": "100"}, "missing_lines": [], "excluded_lines": [], "start_line": 227}, "AttentionService.list_software_attention": {"executed_lines": [253, 254, 260, 261], "summary": {"covered_lines": 4, "num_statements": 15, "percent_covered": 26.666666666666668, "percent_covered_display": "27", "missing_lines": 11, "excluded_lines": 0, "percent_statements_covered": 26.666666666666668, "percent_statements_covered_display": "27"}, "missing_lines": [255, 268, 269, 270, 275, 276, 283, 285, 288, 295, 296], "excluded_lines": [], "start_line": 246}, "AttentionService.list_software_attention.count_kind": {"executed_lines": [286], "summary": {"covered_lines": 1, "num_statements": 1, "percent_covered": 100.0, "percent_covered_display": "100", "missing_lines": 0, "excluded_lines": 0, "percent_statements_covered": 100.0, "percent_statements_covered_display": "100"}, "missing_lines": [], "excluded_lines": [], "start_line": 285}, "AttentionService._display_names": {"executed_lines": [304, 305, 306], "summary": {"covered_lines": 3, "num_statements": 4, "percent_covered": 75.0, "percent_covered_display": "75", "missing_lines": 1, "excluded_lines": 0, "percent_statements_covered": 75.0, "percent_statements_covered_display": "75"}, "missing_lines": [307], "excluded_lines": [], "start_line": 303}, "": {"executed_lines": [3, 5, 6, 8, 9, 11, 12, 13, 14, 24, 25, 28, 33, 34, 37, 246, 303], "summary": {"covered_lines": 17, "num_statements": 17, "percent_covered": 100.0, "percent_covered_display": "100", "missing_lines": 0, "excluded_lines": 0, "percent_statements_covered": 100.0, "percent_statements_covered_display": "100"}, "missing_lines": [], "excluded_lines": [], "start_line": 1}}, "classes": {"AttentionService": {"executed_lines": [35, 44, 45, 46, 51, 52, 53, 58, 59, 61, 224, 228, 253, 254, 260, 261, 286, 304, 305, 306], "summary": {"covered_lines": 20, "num_statements": 94, "percent_covered": 21.27659574468085, "percent_covered_display": "21", "missing_lines": 74, "excluded_lines": 0, "percent_statements_covered": 21.27659574468085, "percent_statements_covered_display": "21"}, "missing_lines": [64, 66, 70, 71, 77, 78, 80, 81, 82, 83, 84, 85, 87, 98, 99, 112, 114, 115, 116, 118, 120, 122, 123, 124, 129, 130, 131, 132, 133, 135, 136, 138, 139, 140, 142, 161, 162, 163, 164, 167, 183, 184, 185, 186, 191, 192, 194, 195, 196, 197, 198, 199, 200, 201, 202, 203, 204, 205, 225, 227, 230, 238, 255, 268, 269, 270, 275, 276, 283, 285, 288, 295, 296, 307], "excluded_lines": [], "start_line": 33}, "": {"executed_lines": [3, 5, 6, 8, 9, 11, 12, 13, 14, 24, 25, 28, 29, 30, 33, 34, 37, 246, 303], "summary": {"covered_lines": 19, "num_statements": 19, "percent_covered": 100.0, "percent_covered_display": "100", "missing_lines": 0, "excluded_lines": 0, "percent_statements_covered": 100.0, "percent_statements_covered_display": "100"}, "missing_lines": [], "excluded_lines": [], "start_line": 1}}}, "app\\services\\auth_service.py": {"executed_lines": [3, 4, 6, 7, 9, 10, 17, 26, 27, 30, 33, 34, 36, 37, 59, 61, 81, 82, 98, 99, 104, 144, 145, 150, 156, 157, 158, 159, 160, 161, 166, 172, 173, 174, 176, 177, 178, 185], "summary": {"covered_lines": 38, "num_statements": 72, "percent_covered": 52.77777777777778, "percent_covered_display": "53", "missing_lines": 34, "excluded_lines": 0, "percent_statements_covered": 52.77777777777778, "percent_statements_covered_display": "53"}, "missing_lines": [40, 41, 46, 47, 48, 55, 56, 57, 64, 65, 70, 77, 78, 79, 89, 90, 95, 96, 107, 115, 126, 127, 138, 151, 152, 153, 154, 167, 179, 180, 195, 196, 197, 202], "excluded_lines": [], "functions": {"AuthService.__init__": {"executed_lines": [34], "summary": {"covered_lines": 1, "num_statements": 1, "percent_covered": 100.0, "percent_covered_display": "100", "missing_lines": 0, "excluded_lines": 0, "percent_statements_covered": 100.0, "percent_statements_covered_display": "100"}, "missing_lines": [], "excluded_lines": [], "start_line": 33}, "AuthService.register": {"executed_lines": [37], "summary": {"covered_lines": 1, "num_statements": 9, "percent_covered": 11.11111111111111, "percent_covered_display": "11", "missing_lines": 8, "excluded_lines": 0, "percent_statements_covered": 11.11111111111111, "percent_statements_covered_display": "11"}, "missing_lines": [40, 41, 46, 47, 48, 55, 56, 57], "excluded_lines": [], "start_line": 36}, "AuthService.create_user_by_admin": {"executed_lines": [61], "summary": {"covered_lines": 1, "num_statements": 7, "percent_covered": 14.285714285714286, "percent_covered_display": "14", "missing_lines": 6, "excluded_lines": 0, "percent_statements_covered": 14.285714285714286, "percent_statements_covered_display": "14"}, "missing_lines": [64, 65, 70, 77, 78, 79], "excluded_lines": [], "start_line": 59}, "AuthService.login": {"executed_lines": [82], "summary": {"covered_lines": 1, "num_statements": 5, "percent_covered": 20.0, "percent_covered_display": "20", "missing_lines": 4, "excluded_lines": 0, "percent_statements_covered": 20.0, "percent_statements_covered_display": "20"}, "missing_lines": [89, 90, 95, 96], "excluded_lines": [], "start_line": 81}, "AuthService.me": {"executed_lines": [99, 104], "summary": {"covered_lines": 2, "num_statements": 7, "percent_covered": 28.571428571428573, "percent_covered_display": "29", "missing_lines": 5, "excluded_lines": 0, "percent_statements_covered": 28.571428571428573, "percent_statements_covered_display": "29"}, "missing_lines": [107, 115, 126, 127, 138], "excluded_lines": [], "start_line": 98}, "AuthService.llm_runtime_public": {"executed_lines": [145, 150], "summary": {"covered_lines": 2, "num_statements": 6, "percent_covered": 33.333333333333336, "percent_covered_display": "33", "missing_lines": 4, "excluded_lines": 0, "percent_statements_covered": 33.333333333333336, "percent_statements_covered_display": "33"}, "missing_lines": [151, 152, 153, 154], "excluded_lines": [], "start_line": 144}, "AuthService.patch_profile": {"executed_lines": [157, 158, 159, 160, 161, 166, 172, 173, 174], "summary": {"covered_lines": 9, "num_statements": 10, "percent_covered": 90.0, "percent_covered_display": "90", "missing_lines": 1, "excluded_lines": 0, "percent_statements_covered": 90.0, "percent_statements_covered_display": "90"}, "missing_lines": [167], "excluded_lines": [], "start_line": 156}, "AuthService.get_user_from_token": {"executed_lines": [177, 178, 185], "summary": {"covered_lines": 3, "num_statements": 9, "percent_covered": 33.333333333333336, "percent_covered_display": "33", "missing_lines": 6, "excluded_lines": 0, "percent_statements_covered": 33.333333333333336, "percent_statements_covered_display": "33"}, "missing_lines": [179, 180, 195, 196, 197, 202], "excluded_lines": [], "start_line": 176}, "": {"executed_lines": [3, 4, 6, 7, 9, 10, 17, 26, 27, 30, 33, 36, 59, 81, 98, 144, 156, 176], "summary": {"covered_lines": 18, "num_statements": 18, "percent_covered": 100.0, "percent_covered_display": "100", "missing_lines": 0, "excluded_lines": 0, "percent_statements_covered": 100.0, "percent_statements_covered_display": "100"}, "missing_lines": [], "excluded_lines": [], "start_line": 1}}, "classes": {"AuthService": {"executed_lines": [34, 37, 61, 82, 99, 104, 145, 150, 157, 158, 159, 160, 161, 166, 172, 173, 174, 177, 178, 185], "summary": {"covered_lines": 20, "num_statements": 54, "percent_covered": 37.03703703703704, "percent_covered_display": "37", "missing_lines": 34, "excluded_lines": 0, "percent_statements_covered": 37.03703703703704, "percent_statements_covered_display": "37"}, "missing_lines": [40, 41, 46, 47, 48, 55, 56, 57, 64, 65, 70, 77, 78, 79, 89, 90, 95, 96, 107, 115, 126, 127, 138, 151, 152, 153, 154, 167, 179, 180, 195, 196, 197, 202], "excluded_lines": [], "start_line": 30}, "": {"executed_lines": [3, 4, 6, 7, 9, 10, 17, 26, 27, 30, 33, 36, 59, 81, 98, 144, 156, 176], "summary": {"covered_lines": 18, "num_statements": 18, "percent_covered": 100.0, "percent_covered_display": "100", "missing_lines": 0, "excluded_lines": 0, "percent_statements_covered": 100.0, "percent_statements_covered_display": "100"}, "missing_lines": [], "excluded_lines": [], "start_line": 1}}}, "app\\services\\budget_month_status.py": {"executed_lines": [12, 14, 15, 17, 19, 22, 23, 26, 27, 28, 29, 30, 31, 34, 35, 37, 38, 39, 42, 44, 45, 46, 47, 48, 49, 57, 62, 63, 64, 66, 67, 69, 70, 79, 80, 81, 91, 97, 98, 99, 101, 102, 103, 105, 107, 108, 117, 118, 119, 120], "summary": {"covered_lines": 50, "num_statements": 51, "percent_covered": 98.03921568627452, "percent_covered_display": "98", "missing_lines": 1, "excluded_lines": 0, "percent_statements_covered": 98.03921568627452, "percent_statements_covered_display": "98"}, "missing_lines": [36], "excluded_lines": [], "functions": {"_severity_from_ratio": {"executed_lines": [27, 28, 29, 30, 31], "summary": {"covered_lines": 5, "num_statements": 5, "percent_covered": 100.0, "percent_covered_display": "100", "missing_lines": 0, "excluded_lines": 0, "percent_statements_covered": 100.0, "percent_statements_covered_display": "100"}, "missing_lines": [], "excluded_lines": [], "start_line": 26}, "_decimal_pct": {"executed_lines": [35, 37, 38, 39], "summary": {"covered_lines": 4, "num_statements": 5, "percent_covered": 80.0, "percent_covered_display": "80", "missing_lines": 1, "excluded_lines": 0, "percent_statements_covered": 80.0, "percent_statements_covered_display": "80"}, "missing_lines": [36], "excluded_lines": [], "start_line": 34}, "studio_overage_soft_allow": {"executed_lines": [44, 45, 46, 47, 48, 49], "summary": {"covered_lines": 6, "num_statements": 6, "percent_covered": 100.0, "percent_covered_display": "100", "missing_lines": 0, "excluded_lines": 0, "percent_statements_covered": 100.0, "percent_statements_covered_display": "100"}, "missing_lines": [], "excluded_lines": [], "start_line": 42}, "compute_builder_budget_status": {"executed_lines": [62, 63, 64, 66, 67, 69, 70, 79, 80, 81], "summary": {"covered_lines": 10, "num_statements": 10, "percent_covered": 100.0, "percent_covered_display": "100", "missing_lines": 0, "excluded_lines": 0, "percent_statements_covered": 100.0, "percent_statements_covered_display": "100"}, "missing_lines": [], "excluded_lines": [], "start_line": 57}, "compute_studio_budget_status": {"executed_lines": [97, 98, 99, 101, 102, 103, 105, 107, 108, 117, 118, 119, 120], "summary": {"covered_lines": 13, "num_statements": 13, "percent_covered": 100.0, "percent_covered_display": "100", "missing_lines": 0, "excluded_lines": 0, "percent_statements_covered": 100.0, "percent_statements_covered_display": "100"}, "missing_lines": [], "excluded_lines": [], "start_line": 91}, "": {"executed_lines": [12, 14, 15, 17, 19, 22, 23, 26, 34, 42, 57, 91], "summary": {"covered_lines": 12, "num_statements": 12, "percent_covered": 100.0, "percent_covered_display": "100", "missing_lines": 0, "excluded_lines": 0, "percent_statements_covered": 100.0, "percent_statements_covered_display": "100"}, "missing_lines": [], "excluded_lines": [], "start_line": 1}}, "classes": {"": {"executed_lines": [12, 14, 15, 17, 19, 22, 23, 26, 27, 28, 29, 30, 31, 34, 35, 37, 38, 39, 42, 44, 45, 46, 47, 48, 49, 57, 62, 63, 64, 66, 67, 69, 70, 79, 80, 81, 91, 97, 98, 99, 101, 102, 103, 105, 107, 108, 117, 118, 119, 120], "summary": {"covered_lines": 50, "num_statements": 51, "percent_covered": 98.03921568627452, "percent_covered_display": "98", "missing_lines": 1, "excluded_lines": 0, "percent_statements_covered": 98.03921568627452, "percent_statements_covered_display": "98"}, "missing_lines": [36], "excluded_lines": [], "start_line": 1}}}, "app\\services\\builder_composer_service.py": {"executed_lines": [3, 5, 7, 9, 10, 11, 12, 13, 14, 17, 18, 19, 21, 29, 30, 32, 33, 35, 36, 38, 43, 44, 55, 61, 62, 65, 66, 67, 68, 73, 74, 79, 80, 81], "summary": {"covered_lines": 34, "num_statements": 34, "percent_covered": 100.0, "percent_covered_display": "100", "missing_lines": 0, "excluded_lines": 0, "percent_statements_covered": 100.0, "percent_statements_covered_display": "100"}, "missing_lines": [], "excluded_lines": [], "functions": {"BuilderComposerService.__init__": {"executed_lines": [19], "summary": {"covered_lines": 1, "num_statements": 1, "percent_covered": 100.0, "percent_covered_display": "100", "missing_lines": 0, "excluded_lines": 0, "percent_statements_covered": 100.0, "percent_statements_covered_display": "100"}, "missing_lines": [], "excluded_lines": [], "start_line": 18}, "BuilderComposerService.hint_for_software": {"executed_lines": [29, 30, 32, 33, 35, 36, 38, 43, 44, 55, 61, 62, 65, 66, 67, 68, 73, 74, 79, 80, 81], "summary": {"covered_lines": 21, "num_statements": 21, "percent_covered": 100.0, "percent_covered_display": "100", "missing_lines": 0, "excluded_lines": 0, "percent_statements_covered": 100.0, "percent_statements_covered_display": "100"}, "missing_lines": [], "excluded_lines": [], "start_line": 21}, "": {"executed_lines": [3, 5, 7, 9, 10, 11, 12, 13, 14, 17, 18, 21], "summary": {"covered_lines": 12, "num_statements": 12, "percent_covered": 100.0, "percent_covered_display": "100", "missing_lines": 0, "excluded_lines": 0, "percent_statements_covered": 100.0, "percent_statements_covered_display": "100"}, "missing_lines": [], "excluded_lines": [], "start_line": 1}}, "classes": {"BuilderComposerService": {"executed_lines": [19, 29, 30, 32, 33, 35, 36, 38, 43, 44, 55, 61, 62, 65, 66, 67, 68, 73, 74, 79, 80, 81], "summary": {"covered_lines": 22, "num_statements": 22, "percent_covered": 100.0, "percent_covered_display": "100", "missing_lines": 0, "excluded_lines": 0, "percent_statements_covered": 100.0, "percent_statements_covered_display": "100"}, "missing_lines": [], "excluded_lines": [], "start_line": 17}, "": {"executed_lines": [3, 5, 7, 9, 10, 11, 12, 13, 14, 17, 18, 21], "summary": {"covered_lines": 12, "num_statements": 12, "percent_covered": 100.0, "percent_covered_display": "100", "missing_lines": 0, "excluded_lines": 0, "percent_statements_covered": 100.0, "percent_statements_covered_display": "100"}, "missing_lines": [], "excluded_lines": [], "start_line": 1}}}, "app\\services\\chat_history_window.py": {"executed_lines": [3, 5, 6, 8, 11, 14, 17, 22, 23, 24, 25, 26, 29, 40, 42, 43, 49, 50, 53, 56, 57, 58], "summary": {"covered_lines": 22, "num_statements": 23, "percent_covered": 95.65217391304348, "percent_covered_display": "96", "missing_lines": 1, "excluded_lines": 0, "percent_statements_covered": 95.65217391304348, "percent_statements_covered_display": "96"}, "missing_lines": [41], "excluded_lines": [], "functions": {"history_trim_budget_tokens": {"executed_lines": [22, 23, 24, 25, 26], "summary": {"covered_lines": 5, "num_statements": 5, "percent_covered": 100.0, "percent_covered_display": "100", "missing_lines": 0, "excluded_lines": 0, "percent_statements_covered": 100.0, "percent_statements_covered_display": "100"}, "missing_lines": [], "excluded_lines": [], "start_line": 17}, "trim_openai_chat_messages": {"executed_lines": [40, 42, 43, 49, 50], "summary": {"covered_lines": 5, "num_statements": 6, "percent_covered": 83.33333333333333, "percent_covered_display": "83", "missing_lines": 1, "excluded_lines": 0, "percent_statements_covered": 83.33333333333333, "percent_statements_covered_display": "83"}, "missing_lines": [41], "excluded_lines": [], "start_line": 29}, "_history_was_trimmed": {"executed_lines": [56, 57, 58], "summary": {"covered_lines": 3, "num_statements": 3, "percent_covered": 100.0, "percent_covered_display": "100", "missing_lines": 0, "excluded_lines": 0, "percent_statements_covered": 100.0, "percent_statements_covered_display": "100"}, "missing_lines": [], "excluded_lines": [], "start_line": 53}, "": {"executed_lines": [3, 5, 6, 8, 11, 14, 17, 29, 53], "summary": {"covered_lines": 9, "num_statements": 9, "percent_covered": 100.0, "percent_covered_display": "100", "missing_lines": 0, "excluded_lines": 0, "percent_statements_covered": 100.0, "percent_statements_covered_display": "100"}, "missing_lines": [], "excluded_lines": [], "start_line": 1}}, "classes": {"": {"executed_lines": [3, 5, 6, 8, 11, 14, 17, 22, 23, 24, 25, 26, 29, 40, 42, 43, 49, 50, 53, 56, 57, 58], "summary": {"covered_lines": 22, "num_statements": 23, "percent_covered": 95.65217391304348, "percent_covered_display": "96", "missing_lines": 1, "excluded_lines": 0, "percent_statements_covered": 95.65217391304348, "percent_statements_covered_display": "96"}, "missing_lines": [41], "excluded_lines": [], "start_line": 1}}}, "app\\services\\chat_openai_history.py": {"executed_lines": [3, 5, 7, 8, 10, 12, 15, 18, 21, 27, 33, 34, 37, 43, 49, 50], "summary": {"covered_lines": 16, "num_statements": 16, "percent_covered": 100.0, "percent_covered_display": "100", "missing_lines": 0, "excluded_lines": 0, "percent_statements_covered": 100.0, "percent_statements_covered_display": "100"}, "missing_lines": [], "excluded_lines": [], "functions": {"_rows_to_openai_messages": {"executed_lines": [18], "summary": {"covered_lines": 1, "num_statements": 1, "percent_covered": 100.0, "percent_covered_display": "100", "missing_lines": 0, "excluded_lines": 0, "percent_statements_covered": 100.0, "percent_statements_covered_display": "100"}, "missing_lines": [], "excluded_lines": [], "start_line": 15}, "fetch_openai_messages_for_project": {"executed_lines": [27, 33, 34], "summary": {"covered_lines": 3, "num_statements": 3, "percent_covered": 100.0, "percent_covered_display": "100", "missing_lines": 0, "excluded_lines": 0, "percent_statements_covered": 100.0, "percent_statements_covered_display": "100"}, "missing_lines": [], "excluded_lines": [], "start_line": 21}, "fetch_openai_messages_for_software": {"executed_lines": [43, 49, 50], "summary": {"covered_lines": 3, "num_statements": 3, "percent_covered": 100.0, "percent_covered_display": "100", "missing_lines": 0, "excluded_lines": 0, "percent_statements_covered": 100.0, "percent_statements_covered_display": "100"}, "missing_lines": [], "excluded_lines": [], "start_line": 37}, "": {"executed_lines": [3, 5, 7, 8, 10, 12, 15, 21, 37], "summary": {"covered_lines": 9, "num_statements": 9, "percent_covered": 100.0, "percent_covered_display": "100", "missing_lines": 0, "excluded_lines": 0, "percent_statements_covered": 100.0, "percent_statements_covered_display": "100"}, "missing_lines": [], "excluded_lines": [], "start_line": 1}}, "classes": {"": {"executed_lines": [3, 5, 7, 8, 10, 12, 15, 18, 21, 27, 33, 34, 37, 43, 49, 50], "summary": {"covered_lines": 16, "num_statements": 16, "percent_covered": 100.0, "percent_covered_display": "100", "missing_lines": 0, "excluded_lines": 0, "percent_statements_covered": 100.0, "percent_statements_covered_display": "100"}, "missing_lines": [], "excluded_lines": [], "start_line": 1}}}, "app\\services\\chat_room_registry.py": {"executed_lines": [3, 5, 6, 7, 8, 9, 11, 13, 14, 17, 18, 19, 22, 23, 24, 25, 27, 28, 29, 32, 33, 34, 35, 36, 37, 38, 39, 42], "summary": {"covered_lines": 28, "num_statements": 36, "percent_covered": 77.77777777777777, "percent_covered_display": "78", "missing_lines": 8, "excluded_lines": 0, "percent_statements_covered": 77.77777777777777, "percent_statements_covered_display": "78"}, "missing_lines": [26, 40, 41, 43, 44, 45, 46, 47], "excluded_lines": [], "functions": {"register": {"executed_lines": [18, 19], "summary": {"covered_lines": 2, "num_statements": 2, "percent_covered": 100.0, "percent_covered_display": "100", "missing_lines": 0, "excluded_lines": 0, "percent_statements_covered": 100.0, "percent_statements_covered_display": "100"}, "missing_lines": [], "excluded_lines": [], "start_line": 17}, "unregister": {"executed_lines": [23, 24, 25, 27, 28, 29], "summary": {"covered_lines": 6, "num_statements": 7, "percent_covered": 85.71428571428571, "percent_covered_display": "86", "missing_lines": 1, "excluded_lines": 0, "percent_statements_covered": 85.71428571428571, "percent_statements_covered_display": "86"}, "missing_lines": [26], "excluded_lines": [], "start_line": 22}, "broadcast_json": {"executed_lines": [33, 34, 35, 36, 37, 38, 39, 42], "summary": {"covered_lines": 8, "num_statements": 15, "percent_covered": 53.333333333333336, "percent_covered_display": "53", "missing_lines": 7, "excluded_lines": 0, "percent_statements_covered": 53.333333333333336, "percent_statements_covered_display": "53"}, "missing_lines": [40, 41, 43, 44, 45, 46, 47], "excluded_lines": [], "start_line": 32}, "": {"executed_lines": [3, 5, 6, 7, 8, 9, 11, 13, 14, 17, 22, 32], "summary": {"covered_lines": 12, "num_statements": 12, "percent_covered": 100.0, "percent_covered_display": "100", "missing_lines": 0, "excluded_lines": 0, "percent_statements_covered": 100.0, "percent_statements_covered_display": "100"}, "missing_lines": [], "excluded_lines": [], "start_line": 1}}, "classes": {"": {"executed_lines": [3, 5, 6, 7, 8, 9, 11, 13, 14, 17, 18, 19, 22, 23, 24, 25, 27, 28, 29, 32, 33, 34, 35, 36, 37, 38, 39, 42], "summary": {"covered_lines": 28, "num_statements": 36, "percent_covered": 77.77777777777777, "percent_covered_display": "78", "missing_lines": 8, "excluded_lines": 0, "percent_statements_covered": 77.77777777777777, "percent_statements_covered_display": "78"}, "missing_lines": [26, 40, 41, 43, 44, 45, 46, 47], "excluded_lines": [], "start_line": 1}}}, "app\\services\\citation_health_service.py": {"executed_lines": [3, 5, 7, 9, 10, 11, 12, 13, 14, 15, 16, 19, 20, 21, 23, 30, 31, 37, 38, 39], "summary": {"covered_lines": 20, "num_statements": 48, "percent_covered": 41.666666666666664, "percent_covered_display": "42", "missing_lines": 28, "excluded_lines": 0, "percent_statements_covered": 41.666666666666664, "percent_statements_covered_display": "42"}, "missing_lines": [32, 45, 46, 47, 48, 49, 50, 52, 58, 59, 62, 63, 68, 69, 70, 71, 72, 73, 74, 75, 76, 77, 78, 79, 80, 81, 82, 83], "excluded_lines": [], "functions": {"CitationHealthService.__init__": {"executed_lines": [21], "summary": {"covered_lines": 1, "num_statements": 1, "percent_covered": 100.0, "percent_covered_display": "100", "missing_lines": 0, "excluded_lines": 0, "percent_statements_covered": 100.0, "percent_statements_covered_display": "100"}, "missing_lines": [], "excluded_lines": [], "start_line": 20}, "CitationHealthService.analyze_section": {"executed_lines": [30, 31, 37, 38, 39], "summary": {"covered_lines": 5, "num_statements": 33, "percent_covered": 15.151515151515152, "percent_covered_display": "15", "missing_lines": 28, "excluded_lines": 0, "percent_statements_covered": 15.151515151515152, "percent_statements_covered_display": "15"}, "missing_lines": [32, 45, 46, 47, 48, 49, 50, 52, 58, 59, 62, 63, 68, 69, 70, 71, 72, 73, 74, 75, 76, 77, 78, 79, 80, 81, 82, 83], "excluded_lines": [], "start_line": 23}, "": {"executed_lines": [3, 5, 7, 9, 10, 11, 12, 13, 14, 15, 16, 19, 20, 23], "summary": {"covered_lines": 14, "num_statements": 14, "percent_covered": 100.0, "percent_covered_display": "100", "missing_lines": 0, "excluded_lines": 0, "percent_statements_covered": 100.0, "percent_statements_covered_display": "100"}, "missing_lines": [], "excluded_lines": [], "start_line": 1}}, "classes": {"CitationHealthService": {"executed_lines": [21, 30, 31, 37, 38, 39], "summary": {"covered_lines": 6, "num_statements": 34, "percent_covered": 17.647058823529413, "percent_covered_display": "18", "missing_lines": 28, "excluded_lines": 0, "percent_statements_covered": 17.647058823529413, "percent_statements_covered_display": "18"}, "missing_lines": [32, 45, 46, 47, 48, 49, 50, 52, 58, 59, 62, 63, 68, 69, 70, 71, 72, 73, 74, 75, 76, 77, 78, 79, 80, 81, 82, 83], "excluded_lines": [], "start_line": 19}, "": {"executed_lines": [3, 5, 7, 9, 10, 11, 12, 13, 14, 15, 16, 19, 20, 23], "summary": {"covered_lines": 14, "num_statements": 14, "percent_covered": 100.0, "percent_covered_display": "100", "missing_lines": 0, "excluded_lines": 0, "percent_statements_covered": 100.0, "percent_statements_covered_display": "100"}, "missing_lines": [], "excluded_lines": [], "start_line": 1}}}, "app\\services\\cross_studio_service.py": {"executed_lines": [3, 5, 6, 8, 9, 11, 12, 13, 14, 23, 24, 25, 27, 32, 33, 38, 39, 40, 41, 46, 47, 52, 61, 62, 67, 78, 79, 80, 84, 91, 97, 98, 99, 100, 101, 102, 103, 104, 105, 106, 118, 120, 126, 132, 133, 134, 135, 136, 137, 148, 150, 158, 161, 162, 163, 168, 169, 170, 175, 176, 177, 178, 183, 184, 185, 186, 187, 188, 191, 192, 193, 198, 199, 200, 205, 206, 207, 208, 209, 210, 211, 215, 216, 221, 222, 223, 224, 225, 226], "summary": {"covered_lines": 89, "num_statements": 89, "percent_covered": 100.0, "percent_covered_display": "100", "missing_lines": 0, "excluded_lines": 0, "percent_statements_covered": 100.0, "percent_statements_covered_display": "100"}, "missing_lines": [], "excluded_lines": [], "functions": {"CrossStudioService.__init__": {"executed_lines": [25], "summary": {"covered_lines": 1, "num_statements": 1, "percent_covered": 100.0, "percent_covered_display": "100", "missing_lines": 0, "excluded_lines": 0, "percent_statements_covered": 100.0, "percent_statements_covered_display": "100"}, "missing_lines": [], "excluded_lines": [], "start_line": 24}, "CrossStudioService.create_request": {"executed_lines": [32, 33, 38, 39, 40, 41, 46, 47, 52, 61, 62, 67, 78, 79, 80], "summary": {"covered_lines": 15, "num_statements": 15, "percent_covered": 100.0, "percent_covered_display": "100", "missing_lines": 0, "excluded_lines": 0, "percent_statements_covered": 100.0, "percent_statements_covered_display": "100"}, "missing_lines": [], "excluded_lines": [], "start_line": 27}, "CrossStudioService.list_pending_for_software_owner": {"executed_lines": [91, 97, 98, 99, 100, 101, 102, 103, 104, 105, 106, 118], "summary": {"covered_lines": 12, "num_statements": 12, "percent_covered": 100.0, "percent_covered_display": "100", "missing_lines": 0, "excluded_lines": 0, "percent_statements_covered": 100.0, "percent_statements_covered_display": "100"}, "missing_lines": [], "excluded_lines": [], "start_line": 84}, "CrossStudioService.list_by_requesting_studio": {"executed_lines": [126, 132, 133, 134, 135, 136, 137, 148], "summary": {"covered_lines": 8, "num_statements": 8, "percent_covered": 100.0, "percent_covered_display": "100", "missing_lines": 0, "excluded_lines": 0, "percent_statements_covered": 100.0, "percent_statements_covered_display": "100"}, "missing_lines": [], "excluded_lines": [], "start_line": 120}, "CrossStudioService.resolve": {"executed_lines": [158, 161, 162, 163, 168, 169, 170, 175, 176, 177, 178, 183, 184, 185, 186, 187, 188, 191, 192, 193, 198, 199, 200, 205, 206, 207, 208, 209, 210, 211, 215, 216, 221, 222, 223, 224, 225, 226], "summary": {"covered_lines": 38, "num_statements": 38, "percent_covered": 100.0, "percent_covered_display": "100", "missing_lines": 0, "excluded_lines": 0, "percent_statements_covered": 100.0, "percent_statements_covered_display": "100"}, "missing_lines": [], "excluded_lines": [], "start_line": 150}, "": {"executed_lines": [3, 5, 6, 8, 9, 11, 12, 13, 14, 23, 24, 27, 84, 120, 150], "summary": {"covered_lines": 15, "num_statements": 15, "percent_covered": 100.0, "percent_covered_display": "100", "missing_lines": 0, "excluded_lines": 0, "percent_statements_covered": 100.0, "percent_statements_covered_display": "100"}, "missing_lines": [], "excluded_lines": [], "start_line": 1}}, "classes": {"CrossStudioService": {"executed_lines": [25, 32, 33, 38, 39, 40, 41, 46, 47, 52, 61, 62, 67, 78, 79, 80, 91, 97, 98, 99, 100, 101, 102, 103, 104, 105, 106, 118, 126, 132, 133, 134, 135, 136, 137, 148, 158, 161, 162, 163, 168, 169, 170, 175, 176, 177, 178, 183, 184, 185, 186, 187, 188, 191, 192, 193, 198, 199, 200, 205, 206, 207, 208, 209, 210, 211, 215, 216, 221, 222, 223, 224, 225, 226], "summary": {"covered_lines": 74, "num_statements": 74, "percent_covered": 100.0, "percent_covered_display": "100", "missing_lines": 0, "excluded_lines": 0, "percent_statements_covered": 100.0, "percent_statements_covered_display": "100"}, "missing_lines": [], "excluded_lines": [], "start_line": 23}, "": {"executed_lines": [3, 5, 6, 8, 9, 11, 12, 13, 14, 23, 24, 27, 84, 120, 150], "summary": {"covered_lines": 15, "num_statements": 15, "percent_covered": 100.0, "percent_covered_display": "100", "missing_lines": 0, "excluded_lines": 0, "percent_statements_covered": 100.0, "percent_statements_covered_display": "100"}, "missing_lines": [], "excluded_lines": [], "start_line": 1}}}, "app\\services\\document_extract.py": {"executed_lines": [3, 5, 7, 10, 14, 15, 16, 19, 20, 21, 22, 23, 28, 42, 43, 44, 47, 48, 49, 50, 51, 52, 53], "summary": {"covered_lines": 23, "num_statements": 36, "percent_covered": 63.888888888888886, "percent_covered_display": "64", "missing_lines": 13, "excluded_lines": 0, "percent_statements_covered": 63.888888888888886, "percent_statements_covered_display": "64"}, "missing_lines": [24, 25, 29, 30, 31, 32, 33, 34, 35, 36, 37, 38, 39], "excluded_lines": [], "functions": {"validate_pdf_magic": {"executed_lines": [15, 16], "summary": {"covered_lines": 2, "num_statements": 2, "percent_covered": 100.0, "percent_covered_display": "100", "missing_lines": 0, "excluded_lines": 0, "percent_statements_covered": 100.0, "percent_statements_covered_display": "100"}, "missing_lines": [], "excluded_lines": [], "start_line": 14}, "validate_md_bytes": {"executed_lines": [20, 21, 22, 23], "summary": {"covered_lines": 4, "num_statements": 6, "percent_covered": 66.66666666666667, "percent_covered_display": "67", "missing_lines": 2, "excluded_lines": 0, "percent_statements_covered": 66.66666666666667, "percent_statements_covered_display": "67"}, "missing_lines": [24, 25], "excluded_lines": [], "start_line": 19}, "extract_pdf_text": {"executed_lines": [], "summary": {"covered_lines": 0, "num_statements": 11, "percent_covered": 0.0, "percent_covered_display": "0", "missing_lines": 11, "excluded_lines": 0, "percent_statements_covered": 0.0, "percent_statements_covered_display": "0"}, "missing_lines": [29, 30, 31, 32, 33, 34, 35, 36, 37, 38, 39], "excluded_lines": [], "start_line": 28}, "extract_md_text": {"executed_lines": [43, 44], "summary": {"covered_lines": 2, "num_statements": 2, "percent_covered": 100.0, "percent_covered_display": "100", "missing_lines": 0, "excluded_lines": 0, "percent_statements_covered": 100.0, "percent_statements_covered_display": "100"}, "missing_lines": [], "excluded_lines": [], "start_line": 42}, "infer_file_type_from_name": {"executed_lines": [48, 49, 50, 51, 52, 53], "summary": {"covered_lines": 6, "num_statements": 6, "percent_covered": 100.0, "percent_covered_display": "100", "missing_lines": 0, "excluded_lines": 0, "percent_statements_covered": 100.0, "percent_statements_covered_display": "100"}, "missing_lines": [], "excluded_lines": [], "start_line": 47}, "": {"executed_lines": [3, 5, 7, 10, 14, 19, 28, 42, 47], "summary": {"covered_lines": 9, "num_statements": 9, "percent_covered": 100.0, "percent_covered_display": "100", "missing_lines": 0, "excluded_lines": 0, "percent_statements_covered": 100.0, "percent_statements_covered_display": "100"}, "missing_lines": [], "excluded_lines": [], "start_line": 1}}, "classes": {"DocumentExtractError": {"executed_lines": [], "summary": {"covered_lines": 0, "num_statements": 0, "percent_covered": 100.0, "percent_covered_display": "100", "missing_lines": 0, "excluded_lines": 0, "percent_statements_covered": 100.0, "percent_statements_covered_display": "100"}, "missing_lines": [], "excluded_lines": [], "start_line": 10}, "": {"executed_lines": [3, 5, 7, 10, 14, 15, 16, 19, 20, 21, 22, 23, 28, 42, 43, 44, 47, 48, 49, 50, 51, 52, 53], "summary": {"covered_lines": 23, "num_statements": 36, "percent_covered": 63.888888888888886, "percent_covered_display": "64", "missing_lines": 13, "excluded_lines": 0, "percent_statements_covered": 63.888888888888886, "percent_statements_covered_display": "64"}, "missing_lines": [24, 25, 29, 30, 31, 32, 33, 34, 35, 36, 37, 38, 39], "excluded_lines": [], "start_line": 1}}}, "app\\services\\drift_pipeline.py": {"executed_lines": [3, 5, 6, 7, 9, 11, 12, 13, 14, 16, 19, 20, 21, 22, 25, 28, 29, 30, 31, 34, 37, 38, 39, 42, 43, 44, 45, 46, 47, 48, 49, 51, 52, 55, 56, 57, 58, 59, 60, 76, 78, 79, 80, 81], "summary": {"covered_lines": 44, "num_statements": 57, "percent_covered": 77.19298245614036, "percent_covered_display": "77", "missing_lines": 13, "excluded_lines": 0, "percent_statements_covered": 77.19298245614036, "percent_statements_covered_display": "77"}, "missing_lines": [23, 24, 35, 36, 61, 62, 63, 64, 69, 70, 71, 72, 73], "excluded_lines": [], "functions": {"_drift_concurrency_limit": {"executed_lines": [20, 21, 22, 25], "summary": {"covered_lines": 4, "num_statements": 6, "percent_covered": 66.66666666666667, "percent_covered_display": "67", "missing_lines": 2, "excluded_lines": 0, "percent_statements_covered": 66.66666666666667, "percent_statements_covered_display": "67"}, "missing_lines": [23, 24], "excluded_lines": [], "start_line": 19}, "_retry_after_hint": {"executed_lines": [37, 38, 39], "summary": {"covered_lines": 3, "num_statements": 5, "percent_covered": 60.0, "percent_covered_display": "60", "missing_lines": 2, "excluded_lines": 0, "percent_statements_covered": 60.0, "percent_statements_covered_display": "60"}, "missing_lines": [35, 36], "excluded_lines": [], "start_line": 34}, "_run_drift_after_quiet": {"executed_lines": [43, 44, 45, 46, 47, 48, 49, 51, 52], "summary": {"covered_lines": 9, "num_statements": 9, "percent_covered": 100.0, "percent_covered_display": "100", "missing_lines": 0, "excluded_lines": 0, "percent_statements_covered": 100.0, "percent_statements_covered_display": "100"}, "missing_lines": [], "excluded_lines": [], "start_line": 42}, "enqueue_drift_check": {"executed_lines": [56, 57, 58, 59, 60], "summary": {"covered_lines": 5, "num_statements": 14, "percent_covered": 35.714285714285715, "percent_covered_display": "36", "missing_lines": 9, "excluded_lines": 0, "percent_statements_covered": 35.714285714285715, "percent_statements_covered_display": "36"}, "missing_lines": [61, 62, 63, 64, 69, 70, 71, 72, 73], "excluded_lines": [], "start_line": 55}, "schedule_drift_check": {"executed_lines": [78, 79, 80, 81], "summary": {"covered_lines": 4, "num_statements": 4, "percent_covered": 100.0, "percent_covered_display": "100", "missing_lines": 0, "excluded_lines": 0, "percent_statements_covered": 100.0, "percent_statements_covered_display": "100"}, "missing_lines": [], "excluded_lines": [], "start_line": 76}, "": {"executed_lines": [3, 5, 6, 7, 9, 11, 12, 13, 14, 16, 19, 28, 29, 30, 31, 34, 42, 55, 76], "summary": {"covered_lines": 19, "num_statements": 19, "percent_covered": 100.0, "percent_covered_display": "100", "missing_lines": 0, "excluded_lines": 0, "percent_statements_covered": 100.0, "percent_statements_covered_display": "100"}, "missing_lines": [], "excluded_lines": [], "start_line": 1}}, "classes": {"": {"executed_lines": [3, 5, 6, 7, 9, 11, 12, 13, 14, 16, 19, 20, 21, 22, 25, 28, 29, 30, 31, 34, 37, 38, 39, 42, 43, 44, 45, 46, 47, 48, 49, 51, 52, 55, 56, 57, 58, 59, 60, 76, 78, 79, 80, 81], "summary": {"covered_lines": 44, "num_statements": 57, "percent_covered": 77.19298245614036, "percent_covered_display": "77", "missing_lines": 13, "excluded_lines": 0, "percent_statements_covered": 77.19298245614036, "percent_statements_covered_display": "77"}, "missing_lines": [23, 24, 35, 36, 61, 62, 63, 64, 69, 70, 71, 72, 73], "excluded_lines": [], "start_line": 1}}}, "app\\services\\embedding_admin_service.py": {"executed_lines": [3, 5, 7, 8, 10, 11, 20, 23, 24, 25, 27, 35, 73, 79, 84, 95, 96, 97], "summary": {"covered_lines": 18, "num_statements": 58, "percent_covered": 31.03448275862069, "percent_covered_display": "31", "missing_lines": 40, "excluded_lines": 0, "percent_statements_covered": 31.03448275862069, "percent_statements_covered_display": "31"}, "missing_lines": [28, 33, 38, 39, 42, 43, 44, 45, 46, 47, 48, 49, 50, 53, 54, 55, 56, 57, 58, 59, 69, 70, 71, 74, 77, 80, 81, 82, 87, 88, 89, 90, 91, 92, 93, 102, 103, 104, 105, 115], "excluded_lines": [], "functions": {"EmbeddingAdminService.__init__": {"executed_lines": [25], "summary": {"covered_lines": 1, "num_statements": 1, "percent_covered": 100.0, "percent_covered_display": "100", "missing_lines": 0, "excluded_lines": 0, "percent_statements_covered": 100.0, "percent_statements_covered_display": "100"}, "missing_lines": [], "excluded_lines": [], "start_line": 24}, "EmbeddingAdminService.list_models": {"executed_lines": [], "summary": {"covered_lines": 0, "num_statements": 2, "percent_covered": 0.0, "percent_covered_display": "0", "missing_lines": 2, "excluded_lines": 0, "percent_statements_covered": 0.0, "percent_statements_covered_display": "0"}, "missing_lines": [28, 33], "excluded_lines": [], "start_line": 27}, "EmbeddingAdminService.upsert_model": {"executed_lines": [], "summary": {"covered_lines": 0, "num_statements": 21, "percent_covered": 0.0, "percent_covered_display": "0", "missing_lines": 21, "excluded_lines": 0, "percent_statements_covered": 0.0, "percent_statements_covered_display": "0"}, "missing_lines": [38,
[...]
ents": 32, "percent_covered": 100.0, "percent_covered_display": "100", "missing_lines": 0, "excluded_lines": 0, "percent_statements_covered": 100.0, "percent_statements_covered_display": "100"}, "missing_lines": [], "excluded_lines": [], "start_line": 30}, "TokenUsageQueryService.totals_for_filtered": {"executed_lines": [93, 106, 111, 112, 113, 114, 115, 116, 118, 119, 121, 122], "summary": {"covered_lines": 12, "num_statements": 12, "percent_covered": 100.0, "percent_covered_display": "100", "missing_lines": 0, "excluded_lines": 0, "percent_statements_covered": 100.0, "percent_statements_covered_display": "100"}, "missing_lines": [], "excluded_lines": [], "start_line": 78}, "TokenUsageQueryService.list_rows": {"executed_lines": [141, 154, 155, 156, 157, 158, 159, 172], "summary": {"covered_lines": 8, "num_statements": 8, "percent_covered": 100.0, "percent_covered_display": "100", "missing_lines": 0, "excluded_lines": 0, "percent_statements_covered": 100.0, "percent_statements_covered_display": "100"}, "missing_lines": [], "excluded_lines": [], "start_line": 124}, "TokenUsageQueryService.rows_to_csv": {"executed_lines": [175, 176, 177, 193, 194, 212], "summary": {"covered_lines": 6, "num_statements": 6, "percent_covered": 100.0, "percent_covered_display": "100", "missing_lines": 0, "excluded_lines": 0, "percent_statements_covered": 100.0, "percent_statements_covered_display": "100"}, "missing_lines": [], "excluded_lines": [], "start_line": 174}, "": {"executed_lines": [3, 5, 6, 7, 8, 9, 10, 12, 13, 15, 17, 20, 26, 27, 30, 78, 124, 174], "summary": {"covered_lines": 18, "num_statements": 18, "percent_covered": 100.0, "percent_covered_display": "100", "missing_lines": 0, "excluded_lines": 0, "percent_statements_covered": 100.0, "percent_statements_covered_display": "100"}, "missing_lines": [], "excluded_lines": [], "start_line": 1}}, "classes": {"TokenUsageQueryService": {"executed_lines": [28, 45, 46, 47, 48, 49, 50, 51, 52, 53, 54, 55, 56, 57, 58, 59, 60, 61, 62, 63, 64, 65, 66, 67, 68, 69, 70, 71, 72, 73, 74, 75, 76, 93, 106, 111, 112, 113, 114, 115, 116, 118, 119, 121, 122, 141, 154, 155, 156, 157, 158, 159, 172, 175, 176, 177, 193, 194, 212], "summary": {"covered_lines": 59, "num_statements": 59, "percent_covered": 100.0, "percent_covered_display": "100", "missing_lines": 0, "excluded_lines": 0, "percent_statements_covered": 100.0, "percent_statements_covered_display": "100"}, "missing_lines": [], "excluded_lines": [], "start_line": 26}, "": {"executed_lines": [3, 5, 6, 7, 8, 9, 10, 12, 13, 15, 17, 20, 21, 22, 23, 26, 27, 30, 78, 124, 174], "summary": {"covered_lines": 21, "num_statements": 21, "percent_covered": 100.0, "percent_covered_display": "100", "missing_lines": 0, "excluded_lines": 0, "percent_statements_covered": 100.0, "percent_statements_covered_display": "100"}, "missing_lines": [], "excluded_lines": [], "start_line": 1}}}, "app\\services\\work_order_service.py": {"executed_lines": [3, 5, 6, 7, 8, 9, 11, 12, 13, 15, 16, 25, 26, 27, 40, 41, 42, 43, 44, 46, 48, 52, 53, 55, 67, 68, 69, 70, 73, 75, 76, 77, 78, 79, 80, 81, 82, 83, 84, 85, 86, 87, 88, 89, 90, 91, 92, 93, 94, 95, 96, 97, 100, 101, 102, 104, 105, 106, 107, 108, 110, 111, 112, 113, 114, 115, 116, 117, 119, 127, 149, 159, 160, 161, 162, 163, 164, 165, 166, 167, 168, 169, 175, 176, 177, 178, 179, 180, 181, 182, 192, 195, 196, 197, 202, 203, 204, 205, 207, 210, 214, 215, 216, 217, 218, 223, 224, 227, 233, 234, 235, 239, 241, 248, 265, 266, 267, 268, 269, 270, 271, 272, 279, 285, 290, 291, 292, 293, 298, 302, 310, 311, 312, 313, 322, 323, 324, 325, 328, 329, 330, 331, 332, 333, 334, 335, 336, 337, 338, 339, 340, 341, 342, 343, 344, 345, 346, 347, 353, 354, 355, 362, 370, 372, 373, 374, 375, 376, 377, 379, 380, 382, 383, 385, 386, 396, 400, 401, 402, 403, 405, 408, 409, 410, 415, 417, 425, 426, 433, 434, 435, 436, 438, 445, 446, 447, 448, 449, 450, 459, 460, 461, 462, 463, 470, 477, 478, 479, 484, 485, 486, 491, 492, 494, 495, 496, 497, 498, 499, 500, 501, 506, 508, 509, 510, 511, 512, 515, 517, 523, 524, 530, 531, 532, 538, 539, 540, 541, 542, 543, 544, 545, 546, 547, 548, 549, 550, 562, 563, 564, 565, 566, 567, 568, 569, 570, 575, 576, 577, 578, 579, 582, 590, 591, 593, 594, 595, 596, 606, 613, 614, 619, 620, 621, 629, 631, 637, 638, 639, 649, 650, 651, 656, 657, 659, 660, 661, 662, 665, 671, 672, 678, 679, 685, 686, 688, 692, 693, 694, 706, 794, 800, 801, 844, 850, 885, 892, 893, 894, 895, 901, 902, 903], "summary": {"covered_lines": 313, "num_statements": 432, "percent_covered": 72.45370370370371, "percent_covered_display": "72", "missing_lines": 119, "excluded_lines": 0, "percent_statements_covered": 72.45370370370371, "percent_statements_covered_display": "72"}, "missing_lines": [314, 315, 316, 371, 378, 381, 384, 397, 398, 663, 673, 680, 696, 697, 703, 705, 707, 710, 713, 716, 721, 722, 723, 725, 731, 732, 738, 739, 740, 746, 747, 748, 749, 750, 751, 752, 753, 754, 755, 756, 757, 758, 759, 760, 761, 762, 763, 764, 765, 766, 767, 768, 769, 770, 771, 772, 773, 774, 775, 776, 777, 778, 779, 792, 804, 805, 807, 808, 813, 818, 819, 821, 822, 823, 825, 826, 827, 833, 834, 842, 859, 860, 861, 868, 869, 870, 871, 872, 875, 876, 909, 910, 911, 912, 913, 918, 920, 921, 922, 923, 926, 929, 931, 935, 936, 937, 938, 939, 940, 942, 944, 948, 949, 952, 961, 962, 964, 965, 966], "excluded_lines": [], "functions": {"_normalize_work_order_patch": {"executed_lines": [75, 76, 77, 78, 79, 80, 81, 82, 83, 84, 85, 86, 87, 88, 89, 90, 91, 92, 93, 94, 95, 96, 97], "summary": {"covered_lines": 23, "num_statements": 23, "percent_covered": 100.0, "percent_covered_display": "100", "missing_lines": 0, "excluded_lines": 0, "percent_statements_covered": 100.0, "percent_statements_covered_display": "100"}, "missing_lines": [], "excluded_lines": [], "start_line": 73}, "WorkOrderService.__init__": {"executed_lines": [102], "summary": {"covered_lines": 1, "num_statements": 1, "percent_covered": 100.0, "percent_covered_display": "100", "missing_lines": 0, "excluded_lines": 0, "percent_statements_covered": 100.0, "percent_statements_covered_display": "100"}, "missing_lines": [], "excluded_lines": [], "start_line": 101}, "WorkOrderService._user_display_names": {"executed_lines": [105, 106, 107, 108], "summary": {"covered_lines": 4, "num_statements": 4, "percent_covered": 100.0, "percent_covered_display": "100", "missing_lines": 0, "excluded_lines": 0, "percent_statements_covered": 100.0, "percent_statements_covered_display": "100"}, "missing_lines": [], "excluded_lines": [], "start_line": 104}, "WorkOrderService._user_ids_for_work_orders": {"executed_lines": [111, 112, 113, 114, 115, 116, 117], "summary": {"covered_lines": 7, "num_statements": 7, "percent_covered": 100.0, "percent_covered_display": "100", "missing_lines": 0, "excluded_lines": 0, "percent_statements_covered": 100.0, "percent_statements_covered_display": "100"}, "missing_lines": [], "excluded_lines": [], "start_line": 110}, "WorkOrderService._to_response": {"executed_lines": [127], "summary": {"covered_lines": 1, "num_statements": 1, "percent_covered": 100.0, "percent_covered_display": "100", "missing_lines": 0, "excluded_lines": 0, "percent_statements_covered": 100.0, "percent_statements_covered_display": "100"}, "missing_lines": [], "excluded_lines": [], "start_line": 119}, "WorkOrderService.list_work_orders": {"executed_lines": [159, 160, 161, 162, 163, 164, 165, 166, 167, 168, 169, 175, 176, 177, 178, 179, 180, 181, 182], "summary": {"covered_lines": 19, "num_statements": 19, "percent_covered": 100.0, "percent_covered_display": "100", "missing_lines": 0, "excluded_lines": 0, "percent_statements_covered": 100.0, "percent_statements_covered_display": "100"}, "missing_lines": [], "excluded_lines": [], "start_line": 149}, "WorkOrderService._section_ids_for_work_orders": {"executed_lines": [195, 196, 197, 202, 203, 204, 205], "summary": {"covered_lines": 7, "num_statements": 7, "percent_covered": 100.0, "percent_covered_display": "100", "missing_lines": 0, "excluded_lines": 0, "percent_statements_covered": 100.0, "percent_statements_covered_display": "100"}, "missing_lines": [], "excluded_lines": [], "start_line": 192}, "WorkOrderService.get_work_order": {"executed_lines": [210, 214, 215, 216, 217, 218, 223, 224, 227, 233, 234, 235, 239], "summary": {"covered_lines": 13, "num_statements": 13, "percent_covered": 100.0, "percent_covered_display": "100", "missing_lines": 0, "excluded_lines": 0, "percent_statements_covered": 100.0, "percent_statements_covered_display": "100"}, "missing_lines": [], "excluded_lines": [], "start_line": 207}, "WorkOrderService.create": {"executed_lines": [248, 265, 266, 267, 268, 269, 270, 271, 272], "summary": {"covered_lines": 9, "num_statements": 9, "percent_covered": 100.0, "percent_covered_display": "100", "missing_lines": 0, "excluded_lines": 0, "percent_statements_covered": 100.0, "percent_statements_covered_display": "100"}, "missing_lines": [], "excluded_lines": [], "start_line": 241}, "WorkOrderService._set_sections": {"executed_lines": [285, 290, 291, 292, 293, 298], "summary": {"covered_lines": 6, "num_statements": 6, "percent_covered": 100.0, "percent_covered_display": "100", "missing_lines": 0, "excluded_lines": 0, "percent_statements_covered": 100.0, "percent_statements_covered_display": "100"}, "missing_lines": [], "excluded_lines": [], "start_line": 279}, "WorkOrderService.update": {"executed_lines": [310, 311, 312, 313, 322, 323, 324, 325, 328, 329, 330, 331, 332, 333, 334, 335, 336, 337, 338, 339, 340, 341, 342, 343, 344, 345, 346, 347, 353, 354, 355], "summary": {"covered_lines": 31, "num_statements": 34, "percent_covered": 91.17647058823529, "percent_covered_display": "91", "missing_lines": 3, "excluded_lines": 0, "percent_statements_covered": 91.17647058823529, "percent_statements_covered_display": "91"}, "missing_lines": [314, 315, 316], "excluded_lines": [], "start_line": 302}, "WorkOrderService._maybe_dispatch_status_notifications": {"executed_lines": [370, 372, 373, 374, 375, 376, 377, 379, 380, 382, 383, 385, 386, 396], "summary": {"covered_lines": 14, "num_statements": 20, "percent_covered": 70.0, "percent_covered_display": "70", "missing_lines": 6, "excluded_lines": 0, "percent_statements_covered": 70.0, "percent_statements_covered_display": "70"}, "missing_lines": [371, 378, 381, 384, 397, 398], "excluded_lines": [], "start_line": 362}, "WorkOrderService.delete": {"executed_lines": [401, 402, 403], "summary": {"covered_lines": 3, "num_statements": 3, "percent_covered": 100.0, "percent_covered_display": "100", "missing_lines": 0, "excluded_lines": 0, "percent_statements_covered": 100.0, "percent_statements_covered_display": "100"}, "missing_lines": [], "excluded_lines": [], "start_line": 400}, "WorkOrderService._get_wo": {"executed_lines": [408, 409, 410, 415], "summary": {"covered_lines": 4, "num_statements": 4, "percent_covered": 100.0, "percent_covered_display": "100", "missing_lines": 0, "excluded_lines": 0, "percent_statements_covered": 100.0, "percent_statements_covered_display": "100"}, "missing_lines": [], "excluded_lines": [], "start_line": 405}, "WorkOrderService.add_note": {"executed_lines": [425, 426, 433, 434, 435, 436], "summary": {"covered_lines": 6, "num_statements": 6, "percent_covered": 100.0, "percent_covered_display": "100", "missing_lines": 0, "excluded_lines": 0, "percent_statements_covered": 100.0, "percent_statements_covered_display": "100"}, "missing_lines": [], "excluded_lines": [], "start_line": 417}, "WorkOrderService.dismiss_stale": {"executed_lines": [445, 446, 447, 448, 449, 450, 459, 460, 461, 462, 463], "summary": {"covered_lines": 11, "num_statements": 11, "percent_covered": 100.0, "percent_covered_display": "100", "missing_lines": 0, "excluded_lines": 0, "percent_statements_covered": 100.0, "percent_statements_covered_display": "100"}, "missing_lines": [], "excluded_lines": [], "start_line": 438}, "WorkOrderService.generate_work_orders": {"executed_lines": [477, 478, 479, 484, 485, 486, 491, 492, 494, 495, 496, 497, 498, 499, 500, 501, 506, 508, 509, 510, 511, 512, 515, 517, 523, 524, 530, 531, 532, 538, 539, 540, 541, 542, 543, 544, 545, 546, 547, 548, 549, 550, 562, 563, 564, 565, 566, 567, 568, 569, 570, 575, 576, 577, 578, 579, 582, 590, 591, 593, 594, 595, 596], "summary": {"covered_lines": 63, "num_statements": 63, "percent_covered": 100.0, "percent_covered_display": "100", "missing_lines": 0, "excluded_lines": 0, "percent_statements_covered": 100.0, "percent_statements_covered_display": "100"}, "missing_lines": [], "excluded_lines": [], "start_line": 470}, "WorkOrderService.add_work_order_dependency": {"executed_lines": [613, 614, 619, 620, 621, 629], "summary": {"covered_lines": 6, "num_statements": 6, "percent_covered": 100.0, "percent_covered_display": "100", "missing_lines": 0, "excluded_lines": 0, "percent_statements_covered": 100.0, "percent_statements_covered_display": "100"}, "missing_lines": [], "excluded_lines": [], "start_line": 606}, "WorkOrderService.remove_work_order_dependency": {"executed_lines": [637, 638, 639, 649, 650, 651, 656, 657], "summary": {"covered_lines": 8, "num_statements": 8, "percent_covered": 100.0, "percent_covered_display": "100", "missing_lines": 0, "excluded_lines": 0, "percent_statements_covered": 100.0, "percent_statements_covered_display": "100"}, "missing_lines": [], "excluded_lines": [], "start_line": 631}, "WorkOrderService._truncate_for_dedupe_prompt": {"executed_lines": [660, 661, 662], "summary": {"covered_lines": 3, "num_statements": 4, "percent_covered": 75.0, "percent_covered_display": "75", "missing_lines": 1, "excluded_lines": 0, "percent_statements_covered": 75.0, "percent_statements_covered_display": "75"}, "missing_lines": [663], "excluded_lines": [], "start_line": 659}, "WorkOrderService.analyze_backlog_duplicates": {"executed_lines": [671, 672, 678, 679, 685, 686, 688, 692, 693, 694, 706], "summary": {"covered_lines": 11, "num_statements": 65, "percent_covered": 16.923076923076923, "percent_covered_display": "17", "missing_lines": 54, "excluded_lines": 0, "percent_statements_covered": 16.923076923076923, "percent_statements_covered_display": "17"}, "missing_lines": [673, 680, 696, 697, 703, 705, 707, 710, 713, 716, 721, 722, 723, 725, 731, 732, 738, 739, 740, 746, 747, 748, 749, 750, 751, 752, 753, 754, 755, 756, 757, 758, 759, 760, 761, 762, 763, 764, 765, 766, 767, 768, 769, 770, 771, 772, 773, 774, 775, 776, 777, 778, 779, 792], "excluded_lines": [], "start_line": 665}, "WorkOrderService._rewire_graph_edges_for_dedupe_merge": {"executed_lines": [800, 801], "summary": {"covered_lines": 2, "num_statements": 18, "percent_covered": 11.11111111111111, "percent_covered_display": "11", "missing_lines": 16, "excluded_lines": 0, "percent_statements_covered": 11.11111111111111, "percent_statements_covered_display": "11"}, "missing_lines": [804, 805, 807, 808, 813, 818, 819, 821, 822, 823, 825, 826, 827, 833, 834, 842], "excluded_lines": [], "start_line": 794}, "WorkOrderService._union_sections_from_archived_work_orders": {"executed_lines": [850], "summary": {"covered_lines": 1, "num_statements": 11, "percent_covered": 9.090909090909092, "percent_covered_display": "9", "missing_lines": 10, "excluded_lines": 0, "percent_statements_covered": 9.090909090909092, "percent_statements_covered_display": "9"}, "missing_lines": [859, 860, 861, 868, 869, 870, 871, 872, 875, 876], "excluded_lines": [], "start_line": 844}, "WorkOrderService.apply_backlog_dedupe_merge": {"executed_lines": [892, 893, 894, 895, 901, 902, 903], "summary": {"covered_lines": 7, "num_statements": 36, "percent_covered": 19.444444444444443, "percent_covered_display": "19", "missing_lines": 29, "excluded_lines": 0, "percent_statements_covered": 19.444444444444443, "percent_statements_covered_display": "19"}, "missing_lines": [909, 910, 911, 912, 913, 918, 920, 921, 922, 923, 926, 929, 931, 935, 936, 937, 938, 939, 940, 942, 944, 948, 949, 952, 961, 962, 964, 965, 966], "excluded_lines": [], "start_line": 885}, "": {"executed_lines": [3, 5, 6, 7, 8, 9, 11, 12, 13, 15, 16, 25, 26, 27, 40, 41, 42, 43, 44, 46, 48, 52, 53, 55, 67, 68, 69, 70, 73, 100, 101, 104, 110, 119, 149, 192, 207, 241, 279, 302, 362, 400, 405, 417, 438, 470, 606, 631, 659, 665, 794, 844, 885], "summary": {"covered_lines": 53, "num_statements": 53, "percent_covered": 100.0, "percent_covered_display": "100", "missing_lines": 0, "excluded_lines": 0, "percent_statements_covered": 100.0, "percent_statements_covered_display": "100"}, "missing_lines": [], "excluded_lines": [], "start_line": 1}}, "classes": {"_WorkOrderPatchApply": {"executed_lines": [], "summary": {"covered_lines": 0, "num_statements": 0, "percent_covered": 100.0, "percent_covered_display": "100", "missing_lines": 0, "excluded_lines": 0, "percent_statements_covered": 100.0, "percent_statements_covered_display": "100"}, "missing_lines": [], "excluded_lines": [], "start_line": 68}, "WorkOrderService": {"executed_lines": [102, 105, 106, 107, 108, 111, 112, 113, 114, 115, 116, 117, 127, 159, 160, 161, 162, 163, 164, 165, 166, 167, 168, 169, 175, 176, 177, 178, 179, 180, 181, 182, 195, 196, 197, 202, 203, 204, 205, 210, 214, 215, 216, 217, 218, 223, 224, 227, 233, 234, 235, 239, 248, 265, 266, 267, 268, 269, 270, 271, 272, 285, 290, 291, 292, 293, 298, 310, 311, 312, 313, 322, 323, 324, 325, 328, 329, 330, 331, 332, 333, 334, 335, 336, 337, 338, 339, 340, 341, 342, 343, 344, 345, 346, 347, 353, 354, 355, 370, 372, 373, 374, 375, 376, 377, 379, 380, 382, 383, 385, 386, 396, 401, 402, 403, 408, 409, 410, 415, 425, 426, 433, 434, 435, 436, 445, 446, 447, 448, 449, 450, 459, 460, 461, 462, 463, 477, 478, 479, 484, 485, 486, 491, 492, 494, 495, 496, 497, 498, 499, 500, 501, 506, 508, 509, 510, 511, 512, 515, 517, 523, 524, 530, 531, 532, 538, 539, 540, 541, 542, 543, 544, 545, 546, 547, 548, 549, 550, 562, 563, 564, 565, 566, 567, 568, 569, 570, 575, 576, 577, 578, 579, 582, 590, 591, 593, 594, 595, 596, 613, 614, 619, 620, 621, 629, 637, 638, 639, 649, 650, 651, 656, 657, 660, 661, 662, 671, 672, 678, 679, 685, 686, 688, 692, 693, 694, 706, 800, 801, 850, 892, 893, 894, 895, 901, 902, 903], "summary": {"covered_lines": 237, "num_statements": 356, "percent_covered": 66.57303370786516, "percent_covered_display": "67", "missing_lines": 119, "excluded_lines": 0, "percent_statements_covered": 66.57303370786516, "percent_statements_covered_display": "67"}, "missing_lines": [314, 315, 316, 371, 378, 381, 384, 397, 398, 663, 673, 680, 696, 697, 703, 705, 707, 710, 713, 716, 721, 722, 723, 725, 731, 732, 738, 739, 740, 746, 747, 748, 749, 750, 751, 752, 753, 754, 755, 756, 757, 758, 759, 760, 761, 762, 763, 764, 765, 766, 767, 768, 769, 770, 771, 772, 773, 774, 775, 776, 777, 778, 779, 792, 804, 805, 807, 808, 813, 818, 819, 821, 822, 823, 825, 826, 827, 833, 834, 842, 859, 860, 861, 868, 869, 870, 871, 872, 875, 876, 909, 910, 911, 912, 913, 918, 920, 921, 922, 923, 926, 929, 931, 935, 936, 937, 938, 939, 940, 942, 944, 948, 949, 952, 961, 962, 964, 965, 966], "excluded_lines": [], "start_line": 100}, "": {"executed_lines": [3, 5, 6, 7, 8, 9, 11, 12, 13, 15, 16, 25, 26, 27, 40, 41, 42, 43, 44, 46, 48, 52, 53, 55, 67, 68, 69, 70, 73, 75, 76, 77, 78, 79, 80, 81, 82, 83, 84, 85, 86, 87, 88, 89, 90, 91, 92, 93, 94, 95, 96, 97, 100, 101, 104, 110, 119, 149, 192, 207, 241, 279, 302, 362, 400, 405, 417, 438, 470, 606, 631, 659, 665, 794, 844, 885], "summary": {"covered_lines": 76, "num_statements": 76, "percent_covered": 100.0, "percent_covered_display": "100", "missing_lines": 0, "excluded_lines": 0, "percent_statements_covered": 100.0, "percent_statements_covered_display": "100"}, "missing_lines": [], "excluded_lines": [], "start_line": 1}}}}, "totals": {"covered_lines": 3870, "num_statements": 5472, "percent_covered": 70.72368421052632, "percent_covered_display": "71", "missing_lines": 1602, "excluded_lines": 0, "percent_statements_covered": 70.72368421052632, "percent_statements_covered_display": "71"}}